2022-01-29 18:48:00,137 [127] INFO C:\Aakash\Internship\Intel\Intel-project-2\SpaceZIntelProject\Backend\Service1.svc.cs - GetAllOnlinePayload() return successfully.System.Collections.Generic.List`1[Backend.Vehicle]
2022-01-29 18:48:01,787 [126] INFO C:\Aakash\Internship\Intel\Intel-project-2\SpaceZIntelProject\Backend\Service1.svc.cs - GetSpacecraft() return successfully for vehicle: SpaceA
2022-01-29 18:49:00,292 [113] INFO C:\Aakash\Internship\Intel\Intel-project-2\SpaceZIntelProject\Backend\Service1.svc.cs - GetAllLaunchSequenceSpacecraft() return successfully.
2022-01-29 18:49:01,913 [93] INFO C:\Aakash\Internship\Intel\Intel-project-2\SpaceZIntelProject\Backend\Service1.svc.cs - GetSpacecraft() return successfully for vehicle: SpaceA
2022-01-29 18:49:02,805 [93] INFO C:\Aakash\Internship\Intel\Intel-project-2\SpaceZIntelProject\Backend\Service1.svc.cs - GetSpacecraft() return successfully for vehicle: SpaceA
2022-01-29 18:49:09,078 [93] INFO C:\Aakash\Internship\Intel\Intel-project-2\SpaceZIntelProject\Backend\Service1.svc.cs - GetSpacecraft() return successfully for vehicle: SpaceA
2022-01-29 18:49:15,455 [93] INFO C:\Aakash\Internship\Intel\Intel-project-2\SpaceZIntelProject\Backend\Service1.svc.cs - GetSpacecraft() return successfully for vehicle: SpaceA
2022-01-29 18:49:15,712 [93] INFO C:\Aakash\Internship\Intel\Intel-project-2\SpaceZIntelProject\Backend\Service1.svc.cs - GetSpacecraft() return successfully for vehicle: SpaceA
2022-01-29 18:49:15,825 [93] INFO C:\Aakash\Internship\Intel\Intel-project-2\SpaceZIntelProject\Backend\Service1.svc.cs - UpdateSpacecraft() return successfully for vehicle: SpaceA SpacecraftStatus Offline
2022-01-29 18:49:15,883 [93] INFO C:\Aakash\Internship\Intel\Intel-project-2\SpaceZIntelProject\Backend\Service1.svc.cs - UpdateSpacecraft() return successfully for vehicle: SpaceA Status Deorbit
2022-01-29 18:49:21,533 [98] INFO C:\Aakash\Internship\Intel\Intel-project-2\SpaceZIntelProject\Backend\Service1.svc.cs - GetSpacecraft() return successfully for vehicle: SpaceA
2022-01-29 18:49:23,161 [93] INFO C:\Aakash\Internship\Intel\Intel-project-2\SpaceZIntelProject\Backend\Service1.svc.cs - GetSpacecraft() return successfully for vehicle: SpaceA
2022-01-29 18:49:48,653 [93] INFO C:\Aakash\Internship\Intel\Intel-project-2\SpaceZIntelProject\Backend\Service1.svc.cs - GetAllOnlinePayload() return successfully.System.Collections.Generic.List`1[Backend.Vehicle]
2022-01-29 18:49:51,392 [96] INFO C:\Aakash\Internship\Intel\Intel-project-2\SpaceZIntelProject\Backend\Service1.svc.cs - GetSpacecraft() return successfully for vehicle: SpaceA
2022-01-29 18:57:05,786 [50] INFO C:\Aakash\Internship\Intel\Intel-project-2\SpaceZIntelProject\Backend\Service1.svc.cs - GetAllLaunchSequenceSpacecraft() return successfully.
2022-01-29 18:57:09,014 [33] INFO C:\Aakash\Internship\Intel\Intel-project-2\SpaceZIntelProject\Backend\Service1.svc.cs - GetAllOnlinePayload() return successfully.System.Collections.Generic.List`1[Backend.Vehicle]
2022-01-29 18:57:10,956 [34] INFO C:\Aakash\Internship\Intel\Intel-project-2\SpaceZIntelProject\Backend\Service1.svc.cs - GetSpacecraft() return successfully for vehicle: SpaceA
2022-01-29 18:57:53,508 [33] INFO C:\Aakash\Internship\Intel\Intel-project-2\SpaceZIntelProject\Backend\Service1.svc.cs - CheckSpacecraftExists() return successfully with count: 0 for vehicle: SpaceA GPM
2022-01-29 18:57:53,639 [158] INFO C:\Aakash\Internship\Intel\Intel-project-2\SpaceZIntelProject\Backend\Service1.svc.cs - Spacecraft added successfully. SpaceA
2022-01-29 18:57:56,860 [158] INFO C:\Aakash\Internship\Intel\Intel-project-2\SpaceZIntelProject\Backend\Service1.svc.cs - GetAddedSpacecraft() return successfully.
2022-01-29 18:57:58,414 [158] INFO C:\Aakash\Internship\Intel\Intel-project-2\SpaceZIntelProject\Backend\Service1.svc.cs - UpdateSpacecraft() return successfully for vehicle: SpaceA Status Launch Initiated
2022-01-29 18:57:58,472 [158] INFO C:\Aakash\Internship\Intel\Intel-project-2\SpaceZIntelProject\Backend\Service1.svc.cs - UpdateSpacecraft() return successfully for vehicle: SpaceA SpacecraftStatus Online
2022-01-29 18:57:58,589 [158] INFO C:\Aakash\Internship\Intel\Intel-project-2\SpaceZIntelProject\Backend\Service1.svc.cs - GetSpacecraft() return successfully for vehicle: SpaceA
2022-01-29 18:58:01,664 [158] INFO C:\Aakash\Internship\Intel\Intel-project-2\SpaceZIntelProject\Backend\Service1.svc.cs - GetAllLaunchSequenceSpacecraft() return successfully.
2022-01-29 18:58:04,150 [157] INFO C:\Aakash\Internship\Intel\Intel-project-2\SpaceZIntelProject\Backend\Service1.svc.cs - GetSpacecraft() return successfully for vehicle: SpaceA
2022-01-29 18:58:07,374 [165] INFO C:\Aakash\Internship\Intel\Intel-project-2\SpaceZIntelProject\Backend\Service1.svc.cs - GetSpacecraft() return successfully for vehicle: SpaceA
2022-01-29 18:58:08,651 [17] INFO C:\Aakash\Internship\Intel\Intel-project-2\SpaceZIntelProject\Backend\Service1.svc.cs - UpdateSpacecraft() return successfully for vehicle: SpaceA Status Launched
2022-01-29 18:58:08,713 [17] INFO C:\Aakash\Internship\Intel\Intel-project-2\SpaceZIntelProject\Backend\Service1.svc.cs - UpdateSpacecraft() return successfully for vehicle: SpaceA SpacecraftStatus Online
2022-01-29 18:58:08,773 [17] INFO C:\Aakash\Internship\Intel\Intel-project-2\SpaceZIntelProject\Backend\Service1.svc.cs - UpdateSpacecraft() return successfully for vehicle: SpaceA Payload.Status Air
2022-01-29 18:58:09,954 [165] INFO C:\Aakash\Internship\Intel\Intel-project-2\SpaceZIntelProject\Backend\Service1.svc.cs - GetSpacecraft() return successfully for vehicle: SpaceA
2022-01-29 18:58:11,092 [165] INFO C:\Aakash\Internship\Intel\Intel-project-2\SpaceZIntelProject\Backend\Service1.svc.cs - GetSpacecraft() return successfully for vehicle: SpaceA
2022-01-29 18:58:15,240 [165] INFO C:\Aakash\Internship\Intel\Intel-project-2\SpaceZIntelProject\Backend\Service1.svc.cs - GetSpacecraft() return successfully for vehicle: SpaceA
2022-01-29 18:58:19,834 [165] INFO C:\Aakash\Internship\Intel\Intel-project-2\SpaceZIntelProject\Backend\Service1.svc.cs - UpdateSpacecraft() return successfully for vehicle: SpaceA Status Orbit Reached
2022-01-29 18:58:19,892 [165] INFO C:\Aakash\Internship\Intel\Intel-project-2\SpaceZIntelProject\Backend\Service1.svc.cs - UpdateSpacecraft() return successfully for vehicle: SpaceA Payload.Status Launch Initiated
2022-01-29 18:58:19,956 [158] INFO C:\Aakash\Internship\Intel\Intel-project-2\SpaceZIntelProject\Backend\Service1.svc.cs - UpdateSpacecraft() return successfully for vehicle: SpaceA Payload.PayloadStatus Online
2022-01-29 18:58:22,079 [165] INFO C:\Aakash\Internship\Intel\Intel-project-2\SpaceZIntelProject\Backend\Service1.svc.cs - GetSpacecraft() return successfully for vehicle: SpaceA
2022-01-29 18:58:27,681 [165] INFO C:\Aakash\Internship\Intel\Intel-project-2\SpaceZIntelProject\Backend\Service1.svc.cs - GetSpacecraft() return successfully for vehicle: SpaceA
2022-01-29 18:58:33,343 [165] INFO C:\Aakash\Internship\Intel\Intel-project-2\SpaceZIntelProject\Backend\Service1.svc.cs - GetSpacecraft() return successfully for vehicle: SpaceA
2022-01-29 18:58:40,013 [158] INFO C:\Aakash\Internship\Intel\Intel-project-2\SpaceZIntelProject\Backend\Service1.svc.cs - GetSpacecraft() return successfully for vehicle: SpaceA
2022-01-29 18:58:46,685 [165] INFO C:\Aakash\Internship\Intel\Intel-project-2\SpaceZIntelProject\Backend\Service1.svc.cs - GetSpacecraft() return successfully for vehicle: SpaceA
2022-01-29 18:58:46,743 [165] INFO C:\Aakash\Internship\Intel\Intel-project-2\SpaceZIntelProject\Backend\Service1.svc.cs - GetSpacecraft() return successfully for vehicle: SpaceA
2022-01-29 18:58:46,810 [165] INFO C:\Aakash\Internship\Intel\Intel-project-2\SpaceZIntelProject\Backend\Service1.svc.cs - UpdateSpacecraft() return successfully for vehicle: SpaceA SpacecraftStatus Offline
2022-01-29 18:58:46,870 [165] INFO C:\Aakash\Internship\Intel\Intel-project-2\SpaceZIntelProject\Backend\Service1.svc.cs - UpdateSpacecraft() return successfully for vehicle: SpaceA Status Deorbit
2022-01-29 18:58:46,932 [158] INFO C:\Aakash\Internship\Intel\Intel-project-2\SpaceZIntelProject\Backend\Service1.svc.cs - UpdateSpacecraft() return successfully for vehicle: SpaceA Payload.PayloadStatus Offline
2022-01-29 18:58:46,991 [158] INFO C:\Aakash\Internship\Intel\Intel-project-2\SpaceZIntelProject\Backend\Service1.svc.cs - UpdateSpacecraft() return successfully for vehicle: SpaceA Payload.Status Decommission
2022-01-29 18:58:52,941 [165] INFO C:\Aakash\Internship\Intel\Intel-project-2\SpaceZIntelProject\Backend\Service1.svc.cs - GetSpacecraft() return successfully for vehicle: SpaceA
2022-01-29 19:16:02,393 [198] INFO C:\Aakash\Internship\Intel\Intel-project-2\SpaceZIntelProject\Backend\Service1.svc.cs - CheckSpacecraftExists() return successfully with count: 0 for vehicle: SpaceA GPM
2022-01-29 19:16:02,487 [224] INFO C:\Aakash\Internship\Intel\Intel-project-2\SpaceZIntelProject\Backend\Service1.svc.cs - Spacecraft added successfully. SpaceA
2022-01-29 19:16:04,383 [224] INFO C:\Aakash\Internship\Intel\Intel-project-2\SpaceZIntelProject\Backend\Service1.svc.cs - GetAddedSpacecraft() return successfully.
2022-01-29 19:16:05,785 [224] INFO C:\Aakash\Internship\Intel\Intel-project-2\SpaceZIntelProject\Backend\Service1.svc.cs - UpdateSpacecraft() return successfully for vehicle: SpaceA Status Launch Initiated
2022-01-29 19:16:05,891 [223] INFO C:\Aakash\Internship\Intel\Intel-project-2\SpaceZIntelProject\Backend\Service1.svc.cs - UpdateSpacecraft() return successfully for vehicle: SpaceA SpacecraftStatus Online
2022-01-29 19:16:05,956 [224] INFO C:\Aakash\Internship\Intel\Intel-project-2\SpaceZIntelProject\Backend\Service1.svc.cs - GetSpacecraft() return successfully for vehicle: SpaceA
2022-01-29 19:16:10,138 [224] INFO C:\Aakash\Internship\Intel\Intel-project-2\SpaceZIntelProject\Backend\Service1.svc.cs - GetAllLaunchSequenceSpacecraft() return successfully.
2022-01-29 19:16:14,124 [222] INFO C:\Aakash\Internship\Intel\Intel-project-2\SpaceZIntelProject\Backend\Service1.svc.cs - GetSpacecraft() return successfully for vehicle: SpaceA
2022-01-29 19:16:16,060 [224] INFO C:\Aakash\Internship\Intel\Intel-project-2\SpaceZIntelProject\Backend\Service1.svc.cs - UpdateSpacecraft() return successfully for vehicle: SpaceA Status Launched
2022-01-29 19:16:16,173 [224] INFO C:\Aakash\Internship\Intel\Intel-project-2\SpaceZIntelProject\Backend\Service1.svc.cs - UpdateSpacecraft() return successfully for vehicle: SpaceA SpacecraftStatus Online
2022-01-29 19:16:16,231 [223] INFO C:\Aakash\Internship\Intel\Intel-project-2\SpaceZIntelProject\Backend\Service1.svc.cs - UpdateSpacecraft() return successfully for vehicle: SpaceA Payload.Status Air
2022-01-29 19:16:19,813 [224] INFO C:\Aakash\Internship\Intel\Intel-project-2\SpaceZIntelProject\Backend\Service1.svc.cs - GetSpacecraft() return successfully for vehicle: SpaceA
2022-01-29 19:16:26,233 [223] INFO C:\Aakash\Internship\Intel\Intel-project-2\SpaceZIntelProject\Backend\Service1.svc.cs - GetSpacecraft() return successfully for vehicle: SpaceA
2022-01-29 19:16:27,317 [223] INFO C:\Aakash\Internship\Intel\Intel-project-2\SpaceZIntelProject\Backend\Service1.svc.cs - UpdateSpacecraft() return successfully for vehicle: SpaceA Status Orbit Reached
2022-01-29 19:16:27,410 [223] INFO C:\Aakash\Internship\Intel\Intel-project-2\SpaceZIntelProject\Backend\Service1.svc.cs - UpdateSpacecraft() return successfully for vehicle: SpaceA Payload.Status Launch Initiated
2022-01-29 19:16:27,597 [223] INFO C:\Aakash\Internship\Intel\Intel-project-2\SpaceZIntelProject\Backend\Service1.svc.cs - UpdateSpacecraft() return successfully for vehicle: SpaceA Payload.PayloadStatus Online
2022-01-29 19:16:28,667 [224] INFO C:\Aakash\Internship\Intel\Intel-project-2\SpaceZIntelProject\Backend\Service1.svc.cs - GetSpacecraft() return successfully for vehicle: SpaceA
2022-01-29 19:16:28,736 [224] INFO C:\Aakash\Internship\Intel\Intel-project-2\SpaceZIntelProject\Backend\Service1.svc.cs - UpdateSpacecraft() return successfully for vehicle: SpaceA SpacecraftStatus Offline
2022-01-29 19:16:28,809 [224] INFO C:\Aakash\Internship\Intel\Intel-project-2\SpaceZIntelProject\Backend\Service1.svc.cs - UpdateSpacecraft() return successfully for vehicle: SpaceA Status Deorbit
2022-01-29 19:16:28,874 [224] INFO C:\Aakash\Internship\Intel\Intel-project-2\SpaceZIntelProject\Backend\Service1.svc.cs - UpdateSpacecraft() return successfully for vehicle: SpaceA Payload.PayloadStatus Offline
2022-01-29 19:16:28,940 [223] INFO C:\Aakash\Internship\Intel\Intel-project-2\SpaceZIntelProject\Backend\Service1.svc.cs - UpdateSpacecraft() return successfully for vehicle: SpaceA Payload.Status Decommission
2022-01-29 19:16:32,171 [221] INFO C:\Aakash\Internship\Intel\Intel-project-2\SpaceZIntelProject\Backend\Service1.svc.cs - GetSpacecraft() return successfully for vehicle: SpaceA
2022-01-29 19:16:33,567 [221] INFO C:\Aakash\Internship\Intel\Intel-project-2\SpaceZIntelProject\Backend\Service1.svc.cs - GetAllLaunchSequenceSpacecraft() return successfully.
2022-01-29 19:16:39,192 [221] INFO C:\Aakash\Internship\Intel\Intel-project-2\SpaceZIntelProject\Backend\Service1.svc.cs - GetAllOnlinePayload() return successfully.System.Collections.Generic.List`1[Backend.Vehicle]
2022-01-29 19:16:55,023 [223] INFO C:\Aakash\Internship\Intel\Intel-project-2\SpaceZIntelProject\Backend\Service1.svc.cs - GetAllLaunchSequenceSpacecraft() return successfully.
2022-01-29 19:17:07,817 [222] INFO C:\Aakash\Internship\Intel\Intel-project-2\SpaceZIntelProject\Backend\Service1.svc.cs - CheckSpacecraftExists() return successfully with count: 0 for vehicle: SpaceA GPM
2022-01-29 19:17:07,879 [222] INFO C:\Aakash\Internship\Intel\Intel-project-2\SpaceZIntelProject\Backend\Service1.svc.cs - Spacecraft added successfully. SpaceA
2022-01-29 19:17:10,829 [223] INFO C:\Aakash\Internship\Intel\Intel-project-2\SpaceZIntelProject\Backend\Service1.svc.cs - GetAddedSpacecraft() return successfully.
2022-01-29 19:17:12,735 [224] INFO C:\Aakash\Internship\Intel\Intel-project-2\SpaceZIntelProject\Backend\Service1.svc.cs - UpdateSpacecraft() return successfully for vehicle: SpaceA Status Launch Initiated
2022-01-29 19:17:12,813 [224] INFO C:\Aakash\Internship\Intel\Intel-project-2\SpaceZIntelProject\Backend\Service1.svc.cs - UpdateSpacecraft() return successfully for vehicle: SpaceA SpacecraftStatus Online
2022-01-29 19:17:12,914 [224] INFO C:\Aakash\Internship\Intel\Intel-project-2\SpaceZIntelProject\Backend\Service1.svc.cs - GetSpacecraft() return successfully for vehicle: SpaceA
2022-01-29 19:17:23,048 [221] INFO C:\Aakash\Internship\Intel\Intel-project-2\SpaceZIntelProject\Backend\Service1.svc.cs - UpdateSpacecraft() return successfully for vehicle: SpaceA Status Launched
2022-01-29 19:17:23,105 [221] INFO C:\Aakash\Internship\Intel\Intel-project-2\SpaceZIntelProject\Backend\Service1.svc.cs - UpdateSpacecraft() return successfully for vehicle: SpaceA SpacecraftStatus Online
2022-01-29 19:17:23,164 [221] INFO C:\Aakash\Internship\Intel\Intel-project-2\SpaceZIntelProject\Backend\Service1.svc.cs - UpdateSpacecraft() return successfully for vehicle: SpaceA Payload.Status Air
2022-01-29 19:17:24,986 [230] INFO C:\Aakash\Internship\Intel\Intel-project-2\SpaceZIntelProject\Backend\Service1.svc.cs - GetAllLaunchSequenceSpacecraft() return successfully.
2022-01-29 19:17:27,501 [222] INFO C:\Aakash\Internship\Intel\Intel-project-2\SpaceZIntelProject\Backend\Service1.svc.cs - GetSpacecraft() return successfully for vehicle: SpaceA
2022-01-29 19:17:33,460 [223] INFO C:\Aakash\Internship\Intel\Intel-project-2\SpaceZIntelProject\Backend\Service1.svc.cs - GetSpacecraft() return successfully for vehicle: SpaceA
2022-01-29 19:17:34,226 [223] INFO C:\Aakash\Internship\Intel\Intel-project-2\SpaceZIntelProject\Backend\Service1.svc.cs - UpdateSpacecraft() return successfully for vehicle: SpaceA Status Orbit Reached
2022-01-29 19:17:34,286 [223] INFO C:\Aakash\Internship\Intel\Intel-project-2\SpaceZIntelProject\Backend\Service1.svc.cs - UpdateSpacecraft() return successfully for vehicle: SpaceA Payload.Status Launch Initiated
2022-01-29 19:17:34,344 [223] INFO C:\Aakash\Internship\Intel\Intel-project-2\SpaceZIntelProject\Backend\Service1.svc.cs - UpdateSpacecraft() return successfully for vehicle: SpaceA Payload.PayloadStatus Online
2022-01-29 19:17:35,078 [230] INFO C:\Aakash\Internship\Intel\Intel-project-2\SpaceZIntelProject\Backend\Service1.svc.cs - GetSpacecraft() return successfully for vehicle: SpaceA
2022-01-29 19:17:35,158 [230] INFO C:\Aakash\Internship\Intel\Intel-project-2\SpaceZIntelProject\Backend\Service1.svc.cs - UpdateSpacecraft() return successfully for vehicle: SpaceA Payload.Status Launched
2022-01-29 19:17:35,218 [230] INFO C:\Aakash\Internship\Intel\Intel-project-2\SpaceZIntelProject\Backend\Service1.svc.cs - UpdateSpacecraft() return successfully for vehicle: SpaceA Payload.PayloadStatus Online
2022-01-29 19:17:35,326 [230] INFO C:\Aakash\Internship\Intel\Intel-project-2\SpaceZIntelProject\Backend\Service1.svc.cs - GetSpacecraft() return successfully for vehicle: SpaceA
2022-01-29 19:17:38,892 [230] INFO C:\Aakash\Internship\Intel\Intel-project-2\SpaceZIntelProject\Backend\Service1.svc.cs - GetSpacecraft() return successfully for vehicle: SpaceA
2022-01-29 19:18:15,055 [230] INFO C:\Aakash\Internship\Intel\Intel-project-2\SpaceZIntelProject\Backend\Service1.svc.cs - GetSpacecraft() return successfully for vehicle: SpaceA
2022-01-29 19:18:15,116 [230] INFO C:\Aakash\Internship\Intel\Intel-project-2\SpaceZIntelProject\Backend\Service1.svc.cs - UpdateSpacecraft() return successfully for vehicle: SpaceA SpacecraftStatus Offline
2022-01-29 19:18:15,173 [230] INFO C:\Aakash\Internship\Intel\Intel-project-2\SpaceZIntelProject\Backend\Service1.svc.cs - UpdateSpacecraft() return successfully for vehicle: SpaceA Status Deorbit
2022-01-29 19:19:08,000 [224] INFO C:\Aakash\Internship\Intel\Intel-project-2\SpaceZIntelProject\Backend\Service1.svc.cs - GetAllLaunchSequenceSpacecraft() return successfully.
2022-01-29 19:22:08,597 [211] INFO C:\Aakash\Internship\Intel\Intel-project-2\SpaceZIntelProject\Backend\Service1.svc.cs - CheckSpacecraftExists() return successfully with count: 0 for vehicle: SpaceA GPM
2022-01-29 19:22:08,700 [190] INFO C:\Aakash\Internship\Intel\Intel-project-2\SpaceZIntelProject\Backend\Service1.svc.cs - Spacecraft added successfully. SpaceA
2022-01-29 19:22:10,701 [188] INFO C:\Aakash\Internship\Intel\Intel-project-2\SpaceZIntelProject\Backend\Service1.svc.cs - GetAddedSpacecraft() return successfully.
2022-01-29 19:22:11,977 [190] INFO C:\Aakash\Internship\Intel\Intel-project-2\SpaceZIntelProject\Backend\Service1.svc.cs - UpdateSpacecraft() return successfully for vehicle: SpaceA Status Launch Initiated
2022-01-29 19:22:12,042 [190] INFO C:\Aakash\Internship\Intel\Intel-project-2\SpaceZIntelProject\Backend\Service1.svc.cs - UpdateSpacecraft() return successfully for vehicle: SpaceA SpacecraftStatus Online
2022-01-29 19:22:12,163 [188] INFO C:\Aakash\Internship\Intel\Intel-project-2\SpaceZIntelProject\Backend\Service1.svc.cs - GetSpacecraft() return successfully for vehicle: SpaceA
2022-01-29 19:22:17,699 [190] INFO C:\Aakash\Internship\Intel\Intel-project-2\SpaceZIntelProject\Backend\Service1.svc.cs - GetAllLaunchSequenceSpacecraft() return successfully.
2022-01-29 19:22:20,294 [188] INFO C:\Aakash\Internship\Intel\Intel-project-2\SpaceZIntelProject\Backend\Service1.svc.cs - GetSpacecraft() return successfully for vehicle: SpaceA
2022-01-29 19:22:22,229 [191] INFO C:\Aakash\Internship\Intel\Intel-project-2\SpaceZIntelProject\Backend\Service1.svc.cs - UpdateSpacecraft() return successfully for vehicle: SpaceA Status Launched
2022-01-29 19:22:22,318 [191] INFO C:\Aakash\Internship\Intel\Intel-project-2\SpaceZIntelProject\Backend\Service1.svc.cs - UpdateSpacecraft() return successfully for vehicle: SpaceA SpacecraftStatus Online
2022-01-29 19:22:22,416 [216] INFO C:\Aakash\Internship\Intel\Intel-project-2\SpaceZIntelProject\Backend\Service1.svc.cs - UpdateSpacecraft() return successfully for vehicle: SpaceA Payload.Status Air
2022-01-29 19:22:26,168 [191] INFO C:\Aakash\Internship\Intel\Intel-project-2\SpaceZIntelProject\Backend\Service1.svc.cs - GetSpacecraft() return successfully for vehicle: SpaceA
2022-01-29 19:22:32,416 [191] INFO C:\Aakash\Internship\Intel\Intel-project-2\SpaceZIntelProject\Backend\Service1.svc.cs - GetSpacecraft() return successfully for vehicle: SpaceA
2022-01-29 19:22:33,501 [188] INFO C:\Aakash\Internship\Intel\Intel-project-2\SpaceZIntelProject\Backend\Service1.svc.cs - UpdateSpacecraft() return successfully for vehicle: SpaceA Status Orbit Reached
2022-01-29 19:22:33,558 [188] INFO C:\Aakash\Internship\Intel\Intel-project-2\SpaceZIntelProject\Backend\Service1.svc.cs - UpdateSpacecraft() return successfully for vehicle: SpaceA Payload.Status Launch Initiated
2022-01-29 19:22:33,615 [188] INFO C:\Aakash\Internship\Intel\Intel-project-2\SpaceZIntelProject\Backend\Service1.svc.cs - UpdateSpacecraft() return successfully for vehicle: SpaceA Payload.PayloadStatus Online
2022-01-29 19:22:34,223 [188] INFO C:\Aakash\Internship\Intel\Intel-project-2\SpaceZIntelProject\Backend\Service1.svc.cs - GetAllLaunchSequenceSpacecraft() return successfully.
2022-01-29 19:22:37,807 [188] INFO C:\Aakash\Internship\Intel\Intel-project-2\SpaceZIntelProject\Backend\Service1.svc.cs - GetSpacecraft() return successfully for vehicle: SpaceA
2022-01-29 19:22:37,987 [188] INFO C:\Aakash\Internship\Intel\Intel-project-2\SpaceZIntelProject\Backend\Service1.svc.cs - GetSpacecraft() return successfully for vehicle: SpaceA
2022-01-29 19:22:43,929 [193] INFO C:\Aakash\Internship\Intel\Intel-project-2\SpaceZIntelProject\Backend\Service1.svc.cs - GetSpacecraft() return successfully for vehicle: SpaceA
2022-01-29 19:22:44,015 [193] INFO C:\Aakash\Internship\Intel\Intel-project-2\SpaceZIntelProject\Backend\Service1.svc.cs - GetSpacecraft() return successfully for vehicle: SpaceA
2022-01-29 19:22:49,640 [191] INFO C:\Aakash\Internship\Intel\Intel-project-2\SpaceZIntelProject\Backend\Service1.svc.cs - GetSpacecraft() return successfully for vehicle: SpaceA
2022-01-29 19:22:49,698 [191] INFO C:\Aakash\Internship\Intel\Intel-project-2\SpaceZIntelProject\Backend\Service1.svc.cs - GetSpacecraft() return successfully for vehicle: SpaceA
2022-01-29 19:22:56,233 [190] INFO C:\Aakash\Internship\Intel\Intel-project-2\SpaceZIntelProject\Backend\Service1.svc.cs - GetSpacecraft() return successfully for vehicle: SpaceA
2022-01-29 19:22:56,294 [190] INFO C:\Aakash\Internship\Intel\Intel-project-2\SpaceZIntelProject\Backend\Service1.svc.cs - GetSpacecraft() return successfully for vehicle: SpaceA
2022-01-29 19:23:02,387 [190] INFO C:\Aakash\Internship\Intel\Intel-project-2\SpaceZIntelProject\Backend\Service1.svc.cs - GetSpacecraft() return successfully for vehicle: SpaceA
2022-01-29 19:23:02,446 [190] INFO C:\Aakash\Internship\Intel\Intel-project-2\SpaceZIntelProject\Backend\Service1.svc.cs - GetSpacecraft() return successfully for vehicle: SpaceA
2022-01-29 19:23:05,210 [188] INFO C:\Aakash\Internship\Intel\Intel-project-2\SpaceZIntelProject\Backend\Service1.svc.cs - GetSpacecraft() return successfully for vehicle: SpaceA
2022-01-29 19:23:05,271 [188] INFO C:\Aakash\Internship\Intel\Intel-project-2\SpaceZIntelProject\Backend\Service1.svc.cs - UpdateSpacecraft() return successfully for vehicle: SpaceA SpacecraftStatus Offline
2022-01-29 19:23:05,332 [191] INFO C:\Aakash\Internship\Intel\Intel-project-2\SpaceZIntelProject\Backend\Service1.svc.cs - UpdateSpacecraft() return successfully for vehicle: SpaceA Status Deorbit
2022-01-29 19:23:05,394 [191] INFO C:\Aakash\Internship\Intel\Intel-project-2\SpaceZIntelProject\Backend\Service1.svc.cs - UpdateSpacecraft() return successfully for vehicle: SpaceA Payload.PayloadStatus Offline
2022-01-29 19:23:05,454 [191] INFO C:\Aakash\Internship\Intel\Intel-project-2\SpaceZIntelProject\Backend\Service1.svc.cs - UpdateSpacecraft() return successfully for vehicle: SpaceA Payload.Status Decommission
2022-01-29 19:23:07,751 [191] INFO C:\Aakash\Internship\Intel\Intel-project-2\SpaceZIntelProject\Backend\Service1.svc.cs - GetAllLaunchSequenceSpacecraft() return successfully.
2022-01-29 19:23:07,982 [191] INFO C:\Aakash\Internship\Intel\Intel-project-2\SpaceZIntelProject\Backend\Service1.svc.cs - GetSpacecraft() return successfully for vehicle: SpaceA
2022-01-29 19:23:08,042 [191] INFO C:\Aakash\Internship\Intel\Intel-project-2\SpaceZIntelProject\Backend\Service1.svc.cs - GetSpacecraft() return successfully for vehicle: SpaceA
2022-01-29 19:23:19,298 [188] INFO C:\Aakash\Internship\Intel\Intel-project-2\SpaceZIntelProject\Backend\Service1.svc.cs - GetAllLaunchSequenceSpacecraft() return successfully.
2022-01-29 19:23:32,164 [191] INFO C:\Aakash\Internship\Intel\Intel-project-2\SpaceZIntelProject\Backend\Service1.svc.cs - CheckSpacecraftExists() return successfully with count: 0 for vehicle: SpaceA GPM
2022-01-29 19:23:32,222 [191] INFO C:\Aakash\Internship\Intel\Intel-project-2\SpaceZIntelProject\Backend\Service1.svc.cs - Spacecraft added successfully. SpaceA
2022-01-29 19:23:40,858 [188] INFO C:\Aakash\Internship\Intel\Intel-project-2\SpaceZIntelProject\Backend\Service1.svc.cs - GetAddedSpacecraft() return successfully.
2022-01-29 19:23:42,173 [190] INFO C:\Aakash\Internship\Intel\Intel-project-2\SpaceZIntelProject\Backend\Service1.svc.cs - UpdateSpacecraft() return successfully for vehicle: SpaceA Status Launch Initiated
2022-01-29 19:23:42,233 [190] INFO C:\Aakash\Internship\Intel\Intel-project-2\SpaceZIntelProject\Backend\Service1.svc.cs - UpdateSpacecraft() return successfully for vehicle: SpaceA SpacecraftStatus Online
2022-01-29 19:23:42,362 [190] INFO C:\Aakash\Internship\Intel\Intel-project-2\SpaceZIntelProject\Backend\Service1.svc.cs - GetSpacecraft() return successfully for vehicle: SpaceA
2022-01-29 19:23:45,052 [190] INFO C:\Aakash\Internship\Intel\Intel-project-2\SpaceZIntelProject\Backend\Service1.svc.cs - GetAllLaunchSequenceSpacecraft() return successfully.
2022-01-29 19:23:48,113 [190] INFO C:\Aakash\Internship\Intel\Intel-project-2\SpaceZIntelProject\Backend\Service1.svc.cs - GetSpacecraft() return successfully for vehicle: SpaceA
2022-01-29 19:23:52,435 [188] INFO C:\Aakash\Internship\Intel\Intel-project-2\SpaceZIntelProject\Backend\Service1.svc.cs - UpdateSpacecraft() return successfully for vehicle: SpaceA Status Launched
2022-01-29 19:23:52,497 [188] INFO C:\Aakash\Internship\Intel\Intel-project-2\SpaceZIntelProject\Backend\Service1.svc.cs - UpdateSpacecraft() return successfully for vehicle: SpaceA SpacecraftStatus Online
2022-01-29 19:23:52,556 [188] INFO C:\Aakash\Internship\Intel\Intel-project-2\SpaceZIntelProject\Backend\Service1.svc.cs - UpdateSpacecraft() return successfully for vehicle: SpaceA Payload.Status Air
2022-01-29 19:23:54,838 [188] INFO C:\Aakash\Internship\Intel\Intel-project-2\SpaceZIntelProject\Backend\Service1.svc.cs - GetSpacecraft() return successfully for vehicle: SpaceA
2022-01-29 19:24:00,850 [190] INFO C:\Aakash\Internship\Intel\Intel-project-2\SpaceZIntelProject\Backend\Service1.svc.cs - GetSpacecraft() return successfully for vehicle: SpaceA
2022-01-29 19:24:03,626 [184] INFO C:\Aakash\Internship\Intel\Intel-project-2\SpaceZIntelProject\Backend\Service1.svc.cs - UpdateSpacecraft() return successfully for vehicle: SpaceA Status Orbit Reached
2022-01-29 19:24:03,683 [188] INFO C:\Aakash\Internship\Intel\Intel-project-2\SpaceZIntelProject\Backend\Service1.svc.cs - UpdateSpacecraft() return successfully for vehicle: SpaceA Payload.Status Launch Initiated
2022-01-29 19:24:03,741 [188] INFO C:\Aakash\Internship\Intel\Intel-project-2\SpaceZIntelProject\Backend\Service1.svc.cs - UpdateSpacecraft() return successfully for vehicle: SpaceA Payload.PayloadStatus Online
2022-01-29 19:24:05,660 [191] INFO C:\Aakash\Internship\Intel\Intel-project-2\SpaceZIntelProject\Backend\Service1.svc.cs - GetSpacecraft() return successfully for vehicle: SpaceA
2022-01-29 19:24:05,732 [191] INFO C:\Aakash\Internship\Intel\Intel-project-2\SpaceZIntelProject\Backend\Service1.svc.cs - UpdateSpacecraft() return successfully for vehicle: SpaceA Payload.Status Launched
2022-01-29 19:24:05,793 [191] INFO C:\Aakash\Internship\Intel\Intel-project-2\SpaceZIntelProject\Backend\Service1.svc.cs - UpdateSpacecraft() return successfully for vehicle: SpaceA Payload.PayloadStatus Online
2022-01-29 19:24:05,902 [191] INFO C:\Aakash\Internship\Intel\Intel-project-2\SpaceZIntelProject\Backend\Service1.svc.cs - GetSpacecraft() return successfully for vehicle: SpaceA
2022-01-29 19:24:07,585 [188] INFO C:\Aakash\Internship\Intel\Intel-project-2\SpaceZIntelProject\Backend\Service1.svc.cs - GetSpacecraft() return successfully for vehicle: SpaceA
2022-01-29 19:24:22,474 [184] INFO C:\Aakash\Internship\Intel\Intel-project-2\SpaceZIntelProject\Backend\Service1.svc.cs - GetSpacecraft() return successfully for vehicle: SpaceA
2022-01-29 19:24:22,552 [184] INFO C:\Aakash\Internship\Intel\Intel-project-2\SpaceZIntelProject\Backend\Service1.svc.cs - UpdateSpacecraft() return successfully for vehicle: SpaceA Payload.Status Launched
2022-01-29 19:24:22,616 [184] INFO C:\Aakash\Internship\Intel\Intel-project-2\SpaceZIntelProject\Backend\Service1.svc.cs - UpdateSpacecraft() return successfully for vehicle: SpaceA Payload.PayloadStatus Online
2022-01-29 19:24:22,706 [105] INFO C:\Aakash\Internship\Intel\Intel-project-2\SpaceZIntelProject\Backend\Service1.svc.cs - GetSpacecraft() return successfully for vehicle: SpaceA
2022-01-29 19:24:29,176 [184] INFO C:\Aakash\Internship\Intel\Intel-project-2\SpaceZIntelProject\Backend\Service1.svc.cs - GetSpacecraft() return successfully for vehicle: SpaceA
2022-01-29 19:24:29,235 [184] INFO C:\Aakash\Internship\Intel\Intel-project-2\SpaceZIntelProject\Backend\Service1.svc.cs - UpdateSpacecraft() return successfully for vehicle: SpaceA SpacecraftStatus Offline
2022-01-29 19:24:29,293 [184] INFO C:\Aakash\Internship\Intel\Intel-project-2\SpaceZIntelProject\Backend\Service1.svc.cs - UpdateSpacecraft() return successfully for vehicle: SpaceA Status Deorbit
2022-01-29 19:24:37,678 [105] INFO C:\Aakash\Internship\Intel\Intel-project-2\SpaceZIntelProject\Backend\Service1.svc.cs - GetAllLaunchSequenceSpacecraft() return successfully.
2022-01-29 19:24:40,344 [107] INFO C:\Aakash\Internship\Intel\Intel-project-2\SpaceZIntelProject\Backend\Service1.svc.cs - GetAllOnlinePayload() return successfully.System.Collections.Generic.List`1[Backend.Vehicle]
2022-01-29 19:24:41,885 [107] INFO C:\Aakash\Internship\Intel\Intel-project-2\SpaceZIntelProject\Backend\Service1.svc.cs - GetSpacecraft() return successfully for vehicle: SpaceA
2022-01-29 19:25:18,924 [116] INFO C:\Aakash\Internship\Intel\Intel-project-2\SpaceZIntelProject\Backend\Service1.svc.cs - GetAllOnlinePayload() return successfully.System.Collections.Generic.List`1[Backend.Vehicle]
2022-01-29 19:25:20,713 [120] INFO C:\Aakash\Internship\Intel\Intel-project-2\SpaceZIntelProject\Backend\Service1.svc.cs - GetSpacecraft() return successfully for vehicle: SpaceA
2022-01-29 19:25:30,091 [138] INFO C:\Aakash\Internship\Intel\Intel-project-2\SpaceZIntelProject\Backend\Service1.svc.cs - GetAllOnlinePayload() return successfully.System.Collections.Generic.List`1[Backend.Vehicle]
2022-01-29 19:26:15,777 [131] INFO C:\Aakash\Internship\Intel\Intel-project-2\SpaceZIntelProject\Backend\Service1.svc.cs - GetAllOnlinePayload() return successfully.System.Collections.Generic.List`1[Backend.Vehicle]
2022-01-29 19:26:17,841 [44] INFO C:\Aakash\Internship\Intel\Intel-project-2\SpaceZIntelProject\Backend\Service1.svc.cs - GetSpacecraft() return successfully for vehicle: SpaceA
2022-01-29 19:26:57,255 [129] INFO C:\Aakash\Internship\Intel\Intel-project-2\SpaceZIntelProject\Backend\Service1.svc.cs - GetAllOnlinePayload() return successfully.System.Collections.Generic.List`1[Backend.Vehicle]
2022-01-29 19:27:00,184 [179] INFO C:\Aakash\Internship\Intel\Intel-project-2\SpaceZIntelProject\Backend\Service1.svc.cs - GetSpacecraft() return successfully for vehicle: SpaceA
2022-01-29 19:27:02,290 [172] INFO C:\Aakash\Internship\Intel\Intel-project-2\SpaceZIntelProject\Backend\Service1.svc.cs - GetAllOnlinePayload() return successfully.System.Collections.Generic.List`1[Backend.Vehicle]
2022-01-29 20:13:11,647 [117] INFO C:\Aakash\Internship\Intel\Intel-project-2\SpaceZIntelProject\Backend\Service1.svc.cs - GetAllOnlinePayload() return successfully.System.Collections.Generic.List`1[Backend.Vehicle]
2022-01-29 20:13:13,320 [235] INFO C:\Aakash\Internship\Intel\Intel-project-2\SpaceZIntelProject\Backend\Service1.svc.cs - GetSpacecraft() return successfully for vehicle: SpaceA
2022-01-29 20:13:24,051 [236] INFO C:\Aakash\Internship\Intel\Intel-project-2\SpaceZIntelProject\Backend\Service1.svc.cs - UpdateSpacecraft() return successfully for vehicle: SpaceA Payload.Status Decommission
2022-01-29 20:13:24,110 [236] INFO C:\Aakash\Internship\Intel\Intel-project-2\SpaceZIntelProject\Backend\Service1.svc.cs - UpdateSpacecraft() return successfully for vehicle: SpaceA Payload.PayloadStatus Offline
2022-01-29 20:13:54,858 [236] INFO C:\Aakash\Internship\Intel\Intel-project-2\SpaceZIntelProject\Backend\Service1.svc.cs - GetAllOnlinePayload() return successfully.System.Collections.Generic.List`1[Backend.Vehicle]
2022-01-29 22:19:46,324 [185] INFO C:\Aakash\Internship\Intel\Intel-project-2\SpaceZIntelProject\Backend\Service1.svc.cs - CheckSpacecraftExists() return successfully with count: 0 for vehicle: SpaceA GPM
2022-01-29 22:19:46,473 [185] INFO C:\Aakash\Internship\Intel\Intel-project-2\SpaceZIntelProject\Backend\Service1.svc.cs - Spacecraft added successfully. SpaceA
2022-01-29 22:19:48,265 [186] INFO C:\Aakash\Internship\Intel\Intel-project-2\SpaceZIntelProject\Backend\Service1.svc.cs - GetAddedSpacecraft() return successfully.
2022-01-29 22:19:50,940 [185] INFO C:\Aakash\Internship\Intel\Intel-project-2\SpaceZIntelProject\Backend\Service1.svc.cs - UpdateSpacecraft() return successfully for vehicle: SpaceA Status Launch Initiated
2022-01-29 22:19:50,998 [185] INFO C:\Aakash\Internship\Intel\Intel-project-2\SpaceZIntelProject\Backend\Service1.svc.cs - UpdateSpacecraft() return successfully for vehicle: SpaceA SpacecraftStatus Online
2022-01-29 22:19:51,141 [185] INFO C:\Aakash\Internship\Intel\Intel-project-2\SpaceZIntelProject\Backend\Service1.svc.cs - GetSpacecraft() return successfully for vehicle: SpaceA
2022-01-29 22:20:01,223 [184] INFO C:\Aakash\Internship\Intel\Intel-project-2\SpaceZIntelProject\Backend\Service1.svc.cs - UpdateSpacecraft() return successfully for vehicle: SpaceA Status Launched
2022-01-29 22:20:01,283 [185] INFO C:\Aakash\Internship\Intel\Intel-project-2\SpaceZIntelProject\Backend\Service1.svc.cs - UpdateSpacecraft() return successfully for vehicle: SpaceA SpacecraftStatus Online
2022-01-29 22:20:01,345 [185] INFO C:\Aakash\Internship\Intel\Intel-project-2\SpaceZIntelProject\Backend\Service1.svc.cs - UpdateSpacecraft() return successfully for vehicle: SpaceA Payload.Status Air
2022-01-29 22:21:17,280 [186] INFO C:\Aakash\Internship\Intel\Intel-project-2\SpaceZIntelProject\Backend\Service1.svc.cs - UpdateSpacecraft() return successfully for vehicle: SpaceA Status Mission Aborted
2022-01-29 22:21:17,337 [186] INFO C:\Aakash\Internship\Intel\Intel-project-2\SpaceZIntelProject\Backend\Service1.svc.cs - UpdateSpacecraft() return successfully for vehicle: SpaceA SpacecraftStatus Offline
2022-01-29 22:21:17,394 [186] INFO C:\Aakash\Internship\Intel\Intel-project-2\SpaceZIntelProject\Backend\Service1.svc.cs - UpdateSpacecraft() return successfully for vehicle: SpaceA Payload.Status Mission Aborted
2022-01-29 22:23:53,751 [200] INFO C:\Aakash\Internship\Intel\Intel-project-2\SpaceZIntelProject\Backend\Service1.svc.cs - CheckSpacecraftExists() return successfully with count: 0 for vehicle: SpaceA GPM
2022-01-29 22:23:53,909 [229] INFO C:\Aakash\Internship\Intel\Intel-project-2\SpaceZIntelProject\Backend\Service1.svc.cs - Spacecraft added successfully. SpaceA
2022-01-29 22:23:55,507 [228] INFO C:\Aakash\Internship\Intel\Intel-project-2\SpaceZIntelProject\Backend\Service1.svc.cs - GetAddedSpacecraft() return successfully.
2022-01-29 22:23:57,065 [228] INFO C:\Aakash\Internship\Intel\Intel-project-2\SpaceZIntelProject\Backend\Service1.svc.cs - UpdateSpacecraft() return successfully for vehicle: SpaceA Status Launch Initiated
2022-01-29 22:23:57,129 [229] INFO C:\Aakash\Internship\Intel\Intel-project-2\SpaceZIntelProject\Backend\Service1.svc.cs - UpdateSpacecraft() return successfully for vehicle: SpaceA SpacecraftStatus Online
2022-01-29 22:23:57,304 [229] INFO C:\Aakash\Internship\Intel\Intel-project-2\SpaceZIntelProject\Backend\Service1.svc.cs - GetSpacecraft() return successfully for vehicle: SpaceA
2022-01-29 22:24:07,376 [229] INFO C:\Aakash\Internship\Intel\Intel-project-2\SpaceZIntelProject\Backend\Service1.svc.cs - UpdateSpacecraft() return successfully for vehicle: SpaceA Status Launched
2022-01-29 22:24:07,437 [229] INFO C:\Aakash\Internship\Intel\Intel-project-2\SpaceZIntelProject\Backend\Service1.svc.cs - UpdateSpacecraft() return successfully for vehicle: SpaceA SpacecraftStatus Online
2022-01-29 22:24:07,496 [227] INFO C:\Aakash\Internship\Intel\Intel-project-2\SpaceZIntelProject\Backend\Service1.svc.cs - UpdateSpacecraft() return successfully for vehicle: SpaceA Payload.Status Air
2022-01-29 22:24:27,616 [228] INFO C:\Aakash\Internship\Intel\Intel-project-2\SpaceZIntelProject\Backend\Service1.svc.cs - UpdateSpacecraft() return successfully for vehicle: SpaceA Status Orbit Reached
2022-01-29 22:24:27,677 [228] INFO C:\Aakash\Internship\Intel\Intel-project-2\SpaceZIntelProject\Backend\Service1.svc.cs - UpdateSpacecraft() return successfully for vehicle: SpaceA Payload.Status Launch Initiated
2022-01-29 22:24:27,756 [228] INFO C:\Aakash\Internship\Intel\Intel-project-2\SpaceZIntelProject\Backend\Service1.svc.cs - UpdateSpacecraft() return successfully for vehicle: SpaceA Payload.PayloadStatus Online
2022-01-29 22:30:23,014 [266] INFO C:\Aakash\Internship\Intel\Intel-project-2\SpaceZIntelProject\Backend\Service1.svc.cs - CheckSpacecraftExists() return successfully with count: 1 for vehicle: SpaceA GPM
2022-01-29 22:30:42,886 [267] INFO C:\Aakash\Internship\Intel\Intel-project-2\SpaceZIntelProject\Backend\Service1.svc.cs - CheckSpacecraftExists() return successfully with count: 0 for vehicle: SpaceA GPM
2022-01-29 22:30:42,950 [260] INFO C:\Aakash\Internship\Intel\Intel-project-2\SpaceZIntelProject\Backend\Service1.svc.cs - Spacecraft added successfully. SpaceA
2022-01-29 22:30:49,243 [267] INFO C:\Aakash\Internship\Intel\Intel-project-2\SpaceZIntelProject\Backend\Service1.svc.cs - GetAllSpacecraft(), Return successful with documents: System.Collections.Generic.List`1[Backend.Vehicle]
2022-01-29 22:30:52,008 [267] INFO C:\Aakash\Internship\Intel\Intel-project-2\SpaceZIntelProject\Backend\Service1.svc.cs - GetAddedSpacecraft() return successfully.
2022-01-29 22:31:00,026 [267] INFO C:\Aakash\Internship\Intel\Intel-project-2\SpaceZIntelProject\Backend\Service1.svc.cs - UpdateSpacecraft() return successfully for vehicle: SpaceA Status Launch Initiated
2022-01-29 22:31:00,084 [267] INFO C:\Aakash\Internship\Intel\Intel-project-2\SpaceZIntelProject\Backend\Service1.svc.cs - UpdateSpacecraft() return successfully for vehicle: SpaceA SpacecraftStatus Online
2022-01-29 22:31:00,217 [267] INFO C:\Aakash\Internship\Intel\Intel-project-2\SpaceZIntelProject\Backend\Service1.svc.cs - GetSpacecraft() return successfully for vehicle: SpaceA
2022-01-29 22:31:10,291 [257] INFO C:\Aakash\Internship\Intel\Intel-project-2\SpaceZIntelProject\Backend\Service1.svc.cs - UpdateSpacecraft() return successfully for vehicle: SpaceA Status Launched
2022-01-29 22:31:10,353 [257] INFO C:\Aakash\Internship\Intel\Intel-project-2\SpaceZIntelProject\Backend\Service1.svc.cs - UpdateSpacecraft() return successfully for vehicle: SpaceA SpacecraftStatus Online
2022-01-29 22:31:10,418 [259] INFO C:\Aakash\Internship\Intel\Intel-project-2\SpaceZIntelProject\Backend\Service1.svc.cs - UpdateSpacecraft() return successfully for vehicle: SpaceA Payload.Status Air
2022-01-29 22:31:30,549 [266] INFO C:\Aakash\Internship\Intel\Intel-project-2\SpaceZIntelProject\Backend\Service1.svc.cs - UpdateSpacecraft() return successfully for vehicle: SpaceA Status Orbit Reached
2022-01-29 22:31:30,613 [266] INFO C:\Aakash\Internship\Intel\Intel-project-2\SpaceZIntelProject\Backend\Service1.svc.cs - UpdateSpacecraft() return successfully for vehicle: SpaceA Payload.Status Launch Initiated
2022-01-29 22:31:30,674 [266] INFO C:\Aakash\Internship\Intel\Intel-project-2\SpaceZIntelProject\Backend\Service1.svc.cs - UpdateSpacecraft() return successfully for vehicle: SpaceA Payload.PayloadStatus Online
2022-01-29 22:32:31,722 [267] INFO C:\Aakash\Internship\Intel\Intel-project-2\SpaceZIntelProject\Backend\Service1.svc.cs - GetAllLaunchSequenceSpacecraft() return successfully.
2022-01-29 22:32:33,414 [266] INFO C:\Aakash\Internship\Intel\Intel-project-2\SpaceZIntelProject\Backend\Service1.svc.cs - GetSpacecraft() return successfully for vehicle: SpaceA
2022-01-29 22:32:34,303 [256] INFO C:\Aakash\Internship\Intel\Intel-project-2\SpaceZIntelProject\Backend\Service1.svc.cs - GetSpacecraft() return successfully for vehicle: SpaceA
2022-01-29 22:37:34,902 [224] INFO C:\Aakash\Internship\Intel\Intel-project-2\SpaceZIntelProject\Backend\Service1.svc.cs - CheckSpacecraftExists() return successfully with count: 0 for vehicle: SpaceA GPM
2022-01-29 22:37:35,055 [191] INFO C:\Aakash\Internship\Intel\Intel-project-2\SpaceZIntelProject\Backend\Service1.svc.cs - Spacecraft added successfully. SpaceA
2022-01-29 22:37:36,576 [191] INFO C:\Aakash\Internship\Intel\Intel-project-2\SpaceZIntelProject\Backend\Service1.svc.cs - GetAddedSpacecraft() return successfully.
2022-01-29 22:37:37,984 [192] INFO C:\Aakash\Internship\Intel\Intel-project-2\SpaceZIntelProject\Backend\Service1.svc.cs - UpdateSpacecraft() return successfully for vehicle: SpaceA Status Launch Initiated
2022-01-29 22:37:38,043 [192] INFO C:\Aakash\Internship\Intel\Intel-project-2\SpaceZIntelProject\Backend\Service1.svc.cs - UpdateSpacecraft() return successfully for vehicle: SpaceA SpacecraftStatus Online
2022-01-29 22:37:38,163 [192] INFO C:\Aakash\Internship\Intel\Intel-project-2\SpaceZIntelProject\Backend\Service1.svc.cs - GetSpacecraft() return successfully for vehicle: SpaceA
2022-01-29 22:37:48,244 [191] INFO C:\Aakash\Internship\Intel\Intel-project-2\SpaceZIntelProject\Backend\Service1.svc.cs - UpdateSpacecraft() return successfully for vehicle: SpaceA Status Launched
2022-01-29 22:37:48,307 [191] INFO C:\Aakash\Internship\Intel\Intel-project-2\SpaceZIntelProject\Backend\Service1.svc.cs - UpdateSpacecraft() return successfully for vehicle: SpaceA SpacecraftStatus Online
2022-01-29 22:37:48,369 [196] INFO C:\Aakash\Internship\Intel\Intel-project-2\SpaceZIntelProject\Backend\Service1.svc.cs - UpdateSpacecraft() return successfully for vehicle: SpaceA Payload.Status Air
2022-01-29 22:38:08,500 [191] INFO C:\Aakash\Internship\Intel\Intel-project-2\SpaceZIntelProject\Backend\Service1.svc.cs - UpdateSpacecraft() return successfully for vehicle: SpaceA Status Orbit Reached
2022-01-29 22:38:08,558 [191] INFO C:\Aakash\Internship\Intel\Intel-project-2\SpaceZIntelProject\Backend\Service1.svc.cs - UpdateSpacecraft() return successfully for vehicle: SpaceA Payload.Status Launch Initiated
2022-01-29 22:38:08,621 [191] INFO C:\Aakash\Internship\Intel\Intel-project-2\SpaceZIntelProject\Backend\Service1.svc.cs - UpdateSpacecraft() return successfully for vehicle: SpaceA Payload.PayloadStatus Online
2022-01-29 22:41:02,254 [201] INFO C:\Aakash\Internship\Intel\Intel-project-2\SpaceZIntelProject\Backend\Service1.svc.cs - GetAllLaunchSequenceSpacecraft() return successfully.
2022-01-29 22:41:15,276 [224] INFO C:\Aakash\Internship\Intel\Intel-project-2\SpaceZIntelProject\Backend\Service1.svc.cs - GetSpacecraft() return successfully for vehicle: SpaceA
2022-01-29 22:42:43,014 [252] INFO C:\Aakash\Internship\Intel\Intel-project-2\SpaceZIntelProject\Backend\Service1.svc.cs - GetAllLaunchSequenceSpacecraft() return successfully.
2022-01-29 22:42:44,568 [252] INFO C:\Aakash\Internship\Intel\Intel-project-2\SpaceZIntelProject\Backend\Service1.svc.cs - GetSpacecraft() return successfully for vehicle: SpaceA
2022-01-29 22:42:48,676 [245] INFO C:\Aakash\Internship\Intel\Intel-project-2\SpaceZIntelProject\Backend\Service1.svc.cs - GetSpacecraft() return successfully for vehicle: SpaceA
2022-01-29 23:21:55,668 [36] INFO C:\Aakash\Internship\Intel\Intel-project-2\SpaceZIntelProject\Backend\Service1.svc.cs - CheckSpacecraftExists() return successfully with count: 0 for vehicle: SpaceA GPM
2022-01-29 23:21:55,754 [36] INFO C:\Aakash\Internship\Intel\Intel-project-2\SpaceZIntelProject\Backend\Service1.svc.cs - Spacecraft added successfully. SpaceA
2022-01-29 23:21:58,043 [36] INFO C:\Aakash\Internship\Intel\Intel-project-2\SpaceZIntelProject\Backend\Service1.svc.cs - GetAddedSpacecraft() return successfully.
2022-01-29 23:21:59,587 [36] INFO C:\Aakash\Internship\Intel\Intel-project-2\SpaceZIntelProject\Backend\Service1.svc.cs - UpdateSpacecraft() return successfully for vehicle: SpaceA Status Launch Initiated
2022-01-29 23:21:59,647 [36] INFO C:\Aakash\Internship\Intel\Intel-project-2\SpaceZIntelProject\Backend\Service1.svc.cs - UpdateSpacecraft() return successfully for vehicle: SpaceA SpacecraftStatus Online
2022-01-29 23:21:59,780 [37] INFO C:\Aakash\Internship\Intel\Intel-project-2\SpaceZIntelProject\Backend\Service1.svc.cs - GetSpacecraft() return successfully for vehicle: SpaceA
2022-01-29 23:22:02,566 [38] INFO C:\Aakash\Internship\Intel\Intel-project-2\SpaceZIntelProject\Backend\Service1.svc.cs - GetAllLaunchSequenceSpacecraft() return successfully.
2022-01-29 23:22:08,154 [37] INFO C:\Aakash\Internship\Intel\Intel-project-2\SpaceZIntelProject\Backend\Service1.svc.cs - GetSpacecraft() return successfully for vehicle: SpaceA
2022-01-29 23:22:09,844 [36] INFO C:\Aakash\Internship\Intel\Intel-project-2\SpaceZIntelProject\Backend\Service1.svc.cs - UpdateSpacecraft() return successfully for vehicle: SpaceA Status Launched
2022-01-29 23:22:09,905 [36] INFO C:\Aakash\Internship\Intel\Intel-project-2\SpaceZIntelProject\Backend\Service1.svc.cs - UpdateSpacecraft() return successfully for vehicle: SpaceA SpacecraftStatus Online
2022-01-29 23:22:09,964 [36] INFO C:\Aakash\Internship\Intel\Intel-project-2\SpaceZIntelProject\Backend\Service1.svc.cs - UpdateSpacecraft() return successfully for vehicle: SpaceA Payload.Status Air
2022-01-29 23:22:14,279 [36] INFO C:\Aakash\Internship\Intel\Intel-project-2\SpaceZIntelProject\Backend\Service1.svc.cs - GetSpacecraft() return successfully for vehicle: SpaceA
2022-01-29 23:22:20,395 [37] INFO C:\Aakash\Internship\Intel\Intel-project-2\SpaceZIntelProject\Backend\Service1.svc.cs - GetSpacecraft() return successfully for vehicle: SpaceA
2022-01-29 23:22:27,882 [38] INFO C:\Aakash\Internship\Intel\Intel-project-2\SpaceZIntelProject\Backend\Service1.svc.cs - GetSpacecraft() return successfully for vehicle: SpaceA
2022-01-29 23:22:30,082 [37] INFO C:\Aakash\Internship\Intel\Intel-project-2\SpaceZIntelProject\Backend\Service1.svc.cs - UpdateSpacecraft() return successfully for vehicle: SpaceA Status Orbit Reached
2022-01-29 23:22:30,146 [37] INFO C:\Aakash\Internship\Intel\Intel-project-2\SpaceZIntelProject\Backend\Service1.svc.cs - UpdateSpacecraft() return successfully for vehicle: SpaceA Payload.Status Launch Initiated
2022-01-29 23:22:30,207 [37] INFO C:\Aakash\Internship\Intel\Intel-project-2\SpaceZIntelProject\Backend\Service1.svc.cs - UpdateSpacecraft() return successfully for vehicle: SpaceA Payload.PayloadStatus Online
2022-01-29 23:22:34,514 [7] INFO C:\Aakash\Internship\Intel\Intel-project-2\SpaceZIntelProject\Backend\Service1.svc.cs - GetSpacecraft() return successfully for vehicle: SpaceA
2022-01-29 23:22:40,339 [37] INFO C:\Aakash\Internship\Intel\Intel-project-2\SpaceZIntelProject\Backend\Service1.svc.cs - GetSpacecraft() return successfully for vehicle: SpaceA
2022-01-29 23:22:46,827 [7] INFO C:\Aakash\Internship\Intel\Intel-project-2\SpaceZIntelProject\Backend\Service1.svc.cs - GetSpacecraft() return successfully for vehicle: SpaceA
2022-01-29 23:22:52,860 [37] INFO C:\Aakash\Internship\Intel\Intel-project-2\SpaceZIntelProject\Backend\Service1.svc.cs - GetSpacecraft() return successfully for vehicle: SpaceA
2022-01-29 23:22:58,644 [37] INFO C:\Aakash\Internship\Intel\Intel-project-2\SpaceZIntelProject\Backend\Service1.svc.cs - GetSpacecraft() return successfully for vehicle: SpaceA
2022-01-29 23:23:04,840 [34] INFO C:\Aakash\Internship\Intel\Intel-project-2\SpaceZIntelProject\Backend\Service1.svc.cs - GetSpacecraft() return successfully for vehicle: SpaceA
2022-01-29 23:23:10,308 [34] INFO C:\Aakash\Internship\Intel\Intel-project-2\SpaceZIntelProject\Backend\Service1.svc.cs - GetSpacecraft() return successfully for vehicle: SpaceA
2022-01-29 23:23:15,921 [39] INFO C:\Aakash\Internship\Intel\Intel-project-2\SpaceZIntelProject\Backend\Service1.svc.cs - GetSpacecraft() return successfully for vehicle: SpaceA
2022-01-29 23:23:21,474 [34] INFO C:\Aakash\Internship\Intel\Intel-project-2\SpaceZIntelProject\Backend\Service1.svc.cs - GetSpacecraft() return successfully for vehicle: SpaceA
2022-01-29 23:23:27,066 [7] INFO C:\Aakash\Internship\Intel\Intel-project-2\SpaceZIntelProject\Backend\Service1.svc.cs - GetSpacecraft() return successfully for vehicle: SpaceA
2022-01-29 23:23:32,254 [7] INFO C:\Aakash\Internship\Intel\Intel-project-2\SpaceZIntelProject\Backend\Service1.svc.cs - GetSpacecraft() return successfully for vehicle: SpaceA
2022-01-29 23:23:38,049 [7] INFO C:\Aakash\Internship\Intel\Intel-project-2\SpaceZIntelProject\Backend\Service1.svc.cs - GetSpacecraft() return successfully for vehicle: SpaceA
2022-01-29 23:23:43,711 [37] INFO C:\Aakash\Internship\Intel\Intel-project-2\SpaceZIntelProject\Backend\Service1.svc.cs - GetSpacecraft() return successfully for vehicle: SpaceA
2022-01-29 23:23:44,449 [7] INFO C:\Aakash\Internship\Intel\Intel-project-2\SpaceZIntelProject\Backend\Service1.svc.cs - GetSpacecraft() return successfully for vehicle: SpaceA
2022-01-29 23:23:44,510 [7] INFO C:\Aakash\Internship\Intel\Intel-project-2\SpaceZIntelProject\Backend\Service1.svc.cs - UpdateSpacecraft() return successfully for vehicle: SpaceA SpacecraftStatus Offline
2022-01-29 23:23:44,581 [7] INFO C:\Aakash\Internship\Intel\Intel-project-2\SpaceZIntelProject\Backend\Service1.svc.cs - UpdateSpacecraft() return successfully for vehicle: SpaceA Status Deorbit
2022-01-29 23:23:44,643 [140] INFO C:\Aakash\Internship\Intel\Intel-project-2\SpaceZIntelProject\Backend\Service1.svc.cs - UpdateSpacecraft() return successfully for vehicle: SpaceA Payload.PayloadStatus Offline
2022-01-29 23:23:44,705 [140] INFO C:\Aakash\Internship\Intel\Intel-project-2\SpaceZIntelProject\Backend\Service1.svc.cs - UpdateSpacecraft() return successfully for vehicle: SpaceA Payload.Status Decommission
2022-01-29 23:23:50,136 [140] INFO C:\Aakash\Internship\Intel\Intel-project-2\SpaceZIntelProject\Backend\Service1.svc.cs - GetSpacecraft() return successfully for vehicle: SpaceA
2022-01-29 23:33:32,389 [245] INFO C:\Aakash\Internship\Intel\Intel-project-2\SpaceZIntelProject\Backend\Service1.svc.cs - CheckSpacecraftExists() return successfully with count: 0 for vehicle: SpaceA GPM
2022-01-29 23:33:32,593 [250] INFO C:\Aakash\Internship\Intel\Intel-project-2\SpaceZIntelProject\Backend\Service1.svc.cs - Spacecraft added successfully. SpaceA
2022-01-29 23:33:34,055 [259] INFO C:\Aakash\Internship\Intel\Intel-project-2\SpaceZIntelProject\Backend\Service1.svc.cs - GetAddedSpacecraft() return successfully.
2022-01-29 23:33:36,155 [249] INFO C:\Aakash\Internship\Intel\Intel-project-2\SpaceZIntelProject\Backend\Service1.svc.cs - UpdateSpacecraft() return successfully for vehicle: SpaceA Status Launch Initiated
2022-01-29 23:33:36,234 [249] INFO C:\Aakash\Internship\Intel\Intel-project-2\SpaceZIntelProject\Backend\Service1.svc.cs - UpdateSpacecraft() return successfully for vehicle: SpaceA SpacecraftStatus Online
2022-01-29 23:33:36,327 [250] INFO C:\Aakash\Internship\Intel\Intel-project-2\SpaceZIntelProject\Backend\Service1.svc.cs - GetSpacecraft() return successfully for vehicle: SpaceA
2022-01-29 23:33:40,461 [250] INFO C:\Aakash\Internship\Intel\Intel-project-2\SpaceZIntelProject\Backend\Service1.svc.cs - GetAllLaunchSequenceSpacecraft() return successfully.
2022-01-29 23:33:45,955 [249] INFO C:\Aakash\Internship\Intel\Intel-project-2\SpaceZIntelProject\Backend\Service1.svc.cs - GetSpacecraft() return successfully for vehicle: SpaceA
2022-01-29 23:33:46,065 [249] INFO C:\Aakash\Internship\Intel\Intel-project-2\SpaceZIntelProject\Backend\Service1.svc.cs - GetSpacecraft() return successfully for vehicle: SpaceA
2022-01-29 23:33:46,401 [250] INFO C:\Aakash\Internship\Intel\Intel-project-2\SpaceZIntelProject\Backend\Service1.svc.cs - UpdateSpacecraft() return successfully for vehicle: SpaceA Status Launched
2022-01-29 23:33:46,464 [250] INFO C:\Aakash\Internship\Intel\Intel-project-2\SpaceZIntelProject\Backend\Service1.svc.cs - UpdateSpacecraft() return successfully for vehicle: SpaceA SpacecraftStatus Online
2022-01-29 23:33:46,528 [250] INFO C:\Aakash\Internship\Intel\Intel-project-2\SpaceZIntelProject\Backend\Service1.svc.cs - UpdateSpacecraft() return successfully for vehicle: SpaceA Payload.Status Air
2022-01-29 23:33:52,050 [250] INFO C:\Aakash\Internship\Intel\Intel-project-2\SpaceZIntelProject\Backend\Service1.svc.cs - GetSpacecraft() return successfully for vehicle: SpaceA
2022-01-29 23:33:57,821 [250] INFO C:\Aakash\Internship\Intel\Intel-project-2\SpaceZIntelProject\Backend\Service1.svc.cs - GetSpacecraft() return successfully for vehicle: SpaceA
2022-01-29 23:34:03,760 [249] INFO C:\Aakash\Internship\Intel\Intel-project-2\SpaceZIntelProject\Backend\Service1.svc.cs - GetSpacecraft() return successfully for vehicle: SpaceA
2022-01-29 23:34:09,274 [249] INFO C:\Aakash\Internship\Intel\Intel-project-2\SpaceZIntelProject\Backend\Service1.svc.cs - GetSpacecraft() return successfully for vehicle: SpaceA
2022-01-29 23:34:14,428 [250] INFO C:\Aakash\Internship\Intel\Intel-project-2\SpaceZIntelProject\Backend\Service1.svc.cs - GetSpacecraft() return successfully for vehicle: SpaceA
2022-01-29 23:34:21,148 [261] INFO C:\Aakash\Internship\Intel\Intel-project-2\SpaceZIntelProject\Backend\Service1.svc.cs - GetSpacecraft() return successfully for vehicle: SpaceA
2022-01-29 23:34:26,687 [250] INFO C:\Aakash\Internship\Intel\Intel-project-2\SpaceZIntelProject\Backend\Service1.svc.cs - GetSpacecraft() return successfully for vehicle: SpaceA
2022-01-29 23:34:32,599 [259] INFO C:\Aakash\Internship\Intel\Intel-project-2\SpaceZIntelProject\Backend\Service1.svc.cs - GetSpacecraft() return successfully for vehicle: SpaceA
2022-01-29 23:34:38,959 [259] INFO C:\Aakash\Internship\Intel\Intel-project-2\SpaceZIntelProject\Backend\Service1.svc.cs - GetAllLaunchSequenceSpacecraft() return successfully.
2022-01-29 23:34:39,074 [259] INFO C:\Aakash\Internship\Intel\Intel-project-2\SpaceZIntelProject\Backend\Service1.svc.cs - GetSpacecraft() return successfully for vehicle: SpaceA
2022-01-29 23:34:44,348 [250] INFO C:\Aakash\Internship\Intel\Intel-project-2\SpaceZIntelProject\Backend\Service1.svc.cs - GetSpacecraft() return successfully for vehicle: SpaceA
2022-01-29 23:34:45,425 [249] INFO C:\Aakash\Internship\Intel\Intel-project-2\SpaceZIntelProject\Backend\Service1.svc.cs - GetSpacecraft() return successfully for vehicle: SpaceA
2022-01-29 23:34:49,883 [259] INFO C:\Aakash\Internship\Intel\Intel-project-2\SpaceZIntelProject\Backend\Service1.svc.cs - GetSpacecraft() return successfully for vehicle: SpaceA
2022-01-29 23:34:51,004 [259] INFO C:\Aakash\Internship\Intel\Intel-project-2\SpaceZIntelProject\Backend\Service1.svc.cs - GetSpacecraft() return successfully for vehicle: SpaceA
2022-01-29 23:34:56,461 [249] INFO C:\Aakash\Internship\Intel\Intel-project-2\SpaceZIntelProject\Backend\Service1.svc.cs - GetSpacecraft() return successfully for vehicle: SpaceA
2022-01-29 23:34:57,470 [249] INFO C:\Aakash\Internship\Intel\Intel-project-2\SpaceZIntelProject\Backend\Service1.svc.cs - GetSpacecraft() return successfully for vehicle: SpaceA
2022-01-29 23:35:02,991 [259] INFO C:\Aakash\Internship\Intel\Intel-project-2\SpaceZIntelProject\Backend\Service1.svc.cs - GetSpacecraft() return successfully for vehicle: SpaceA
2022-01-29 23:35:04,183 [250] INFO C:\Aakash\Internship\Intel\Intel-project-2\SpaceZIntelProject\Backend\Service1.svc.cs - GetSpacecraft() return successfully for vehicle: SpaceA
2022-01-29 23:35:08,353 [250] INFO C:\Aakash\Internship\Intel\Intel-project-2\SpaceZIntelProject\Backend\Service1.svc.cs - GetSpacecraft() return successfully for vehicle: SpaceA
2022-01-29 23:35:09,354 [250] INFO C:\Aakash\Internship\Intel\Intel-project-2\SpaceZIntelProject\Backend\Service1.svc.cs - GetSpacecraft() return successfully for vehicle: SpaceA
2022-01-29 23:35:13,985 [249] INFO C:\Aakash\Internship\Intel\Intel-project-2\SpaceZIntelProject\Backend\Service1.svc.cs - GetSpacecraft() return successfully for vehicle: SpaceA
2022-01-29 23:35:14,980 [249] INFO C:\Aakash\Internship\Intel\Intel-project-2\SpaceZIntelProject\Backend\Service1.svc.cs - GetSpacecraft() return successfully for vehicle: SpaceA
2022-01-29 23:35:20,376 [250] INFO C:\Aakash\Internship\Intel\Intel-project-2\SpaceZIntelProject\Backend\Service1.svc.cs - GetSpacecraft() return successfully for vehicle: SpaceA
2022-01-29 23:35:21,461 [250] INFO C:\Aakash\Internship\Intel\Intel-project-2\SpaceZIntelProject\Backend\Service1.svc.cs - GetSpacecraft() return successfully for vehicle: SpaceA
2022-01-29 23:35:26,205 [250] INFO C:\Aakash\Internship\Intel\Intel-project-2\SpaceZIntelProject\Backend\Service1.svc.cs - GetSpacecraft() return successfully for vehicle: SpaceA
2022-01-29 23:35:27,361 [250] INFO C:\Aakash\Internship\Intel\Intel-project-2\SpaceZIntelProject\Backend\Service1.svc.cs - GetSpacecraft() return successfully for vehicle: SpaceA
2022-01-29 23:35:28,852 [250] INFO C:\Aakash\Internship\Intel\Intel-project-2\SpaceZIntelProject\Backend\Service1.svc.cs - GetSpacecraft() return successfully for vehicle: SpaceA
2022-01-29 23:35:32,794 [249] INFO C:\Aakash\Internship\Intel\Intel-project-2\SpaceZIntelProject\Backend\Service1.svc.cs - GetSpacecraft() return successfully for vehicle: SpaceA
2022-01-29 23:35:33,892 [120] INFO C:\Aakash\Internship\Intel\Intel-project-2\SpaceZIntelProject\Backend\Service1.svc.cs - GetSpacecraft() return successfully for vehicle: SpaceA
2022-01-29 23:35:36,893 [120] INFO C:\Aakash\Internship\Intel\Intel-project-2\SpaceZIntelProject\Backend\Service1.svc.cs - UpdateSpacecraft() return successfully for vehicle: SpaceA Status Orbit Reached
2022-01-29 23:35:36,965 [120] INFO C:\Aakash\Internship\Intel\Intel-project-2\SpaceZIntelProject\Backend\Service1.svc.cs - UpdateSpacecraft() return successfully for vehicle: SpaceA Payload.Status Launch Initiated
2022-01-29 23:35:37,027 [120] INFO C:\Aakash\Internship\Intel\Intel-project-2\SpaceZIntelProject\Backend\Service1.svc.cs - UpdateSpacecraft() return successfully for vehicle: SpaceA Payload.PayloadStatus Online
2022-01-29 23:35:39,248 [120] INFO C:\Aakash\Internship\Intel\Intel-project-2\SpaceZIntelProject\Backend\Service1.svc.cs - GetSpacecraft() return successfully for vehicle: SpaceA
2022-01-29 23:35:40,249 [120] INFO C:\Aakash\Internship\Intel\Intel-project-2\SpaceZIntelProject\Backend\Service1.svc.cs - GetSpacecraft() return successfully for vehicle: SpaceA
2022-01-29 23:35:44,009 [120] INFO C:\Aakash\Internship\Intel\Intel-project-2\SpaceZIntelProject\Backend\Service1.svc.cs - GetSpacecraft() return successfully for vehicle: SpaceA
2022-01-29 23:35:44,088 [120] INFO C:\Aakash\Internship\Intel\Intel-project-2\SpaceZIntelProject\Backend\Service1.svc.cs - UpdateSpacecraft() return successfully for vehicle: SpaceA Payload.Status Launched
2022-01-29 23:35:44,150 [120] INFO C:\Aakash\Internship\Intel\Intel-project-2\SpaceZIntelProject\Backend\Service1.svc.cs - UpdateSpacecraft() return successfully for vehicle: SpaceA Payload.PayloadStatus Online
2022-01-29 23:35:44,266 [120] INFO C:\Aakash\Internship\Intel\Intel-project-2\SpaceZIntelProject\Backend\Service1.svc.cs - GetSpacecraft() return successfully for vehicle: SpaceA
2022-01-29 23:35:45,249 [120] INFO C:\Aakash\Internship\Intel\Intel-project-2\SpaceZIntelProject\Backend\Service1.svc.cs - GetSpacecraft() return successfully for vehicle: SpaceA
2022-01-29 23:35:46,718 [250] INFO C:\Aakash\Internship\Intel\Intel-project-2\SpaceZIntelProject\Backend\Service1.svc.cs - GetSpacecraft() return successfully for vehicle: SpaceA
2022-01-29 23:36:02,660 [250] INFO C:\Aakash\Internship\Intel\Intel-project-2\SpaceZIntelProject\Backend\Service1.svc.cs - UpdateSpacecraft() return successfully for vehicle: SpaceA Payload.Status Decommission
2022-01-29 23:36:02,767 [250] INFO C:\Aakash\Internship\Intel\Intel-project-2\SpaceZIntelProject\Backend\Service1.svc.cs - UpdateSpacecraft() return successfully for vehicle: SpaceA Payload.PayloadStatus Offline
2022-01-29 23:36:08,889 [120] INFO C:\Aakash\Internship\Intel\Intel-project-2\SpaceZIntelProject\Backend\Service1.svc.cs - GetSpacecraft() return successfully for vehicle: SpaceA
2022-01-29 23:36:08,960 [120] INFO C:\Aakash\Internship\Intel\Intel-project-2\SpaceZIntelProject\Backend\Service1.svc.cs - UpdateSpacecraft() return successfully for vehicle: SpaceA Payload.Status Launched
2022-01-29 23:36:09,025 [120] INFO C:\Aakash\Internship\Intel\Intel-project-2\SpaceZIntelProject\Backend\Service1.svc.cs - UpdateSpacecraft() return successfully for vehicle: SpaceA Payload.PayloadStatus Online
2022-01-29 23:36:09,128 [120] INFO C:\Aakash\Internship\Intel\Intel-project-2\SpaceZIntelProject\Backend\Service1.svc.cs - GetSpacecraft() return successfully for vehicle: SpaceA
2022-01-29 23:46:52,625 [44] INFO C:\Aakash\Internship\Intel\Intel-project-2\SpaceZIntelProject\Backend\Service1.svc.cs - CheckSpacecraftExists() return successfully with count: 0 for vehicle: SpaceA GPM
2022-01-29 23:46:52,706 [44] INFO C:\Aakash\Internship\Intel\Intel-project-2\SpaceZIntelProject\Backend\Service1.svc.cs - Spacecraft added successfully. SpaceA
2022-01-29 23:46:55,492 [49] INFO C:\Aakash\Internship\Intel\Intel-project-2\SpaceZIntelProject\Backend\Service1.svc.cs - GetAddedSpacecraft() return successfully.
2022-01-29 23:46:57,790 [49] INFO C:\Aakash\Internship\Intel\Intel-project-2\SpaceZIntelProject\Backend\Service1.svc.cs - UpdateSpacecraft() return successfully for vehicle: SpaceA Status Launch Initiated
2022-01-29 23:46:57,882 [49] INFO C:\Aakash\Internship\Intel\Intel-project-2\SpaceZIntelProject\Backend\Service1.svc.cs - UpdateSpacecraft() return successfully for vehicle: SpaceA SpacecraftStatus Online
2022-01-29 23:46:58,571 [51] INFO C:\Aakash\Internship\Intel\Intel-project-2\SpaceZIntelProject\Backend\Service1.svc.cs - GetSpacecraft() return successfully for vehicle: SpaceA
2022-01-29 23:47:04,225 [49] INFO C:\Aakash\Internship\Intel\Intel-project-2\SpaceZIntelProject\Backend\Service1.svc.cs - GetAllLaunchSequenceSpacecraft() return successfully.
2022-01-29 23:47:08,664 [51] INFO C:\Aakash\Internship\Intel\Intel-project-2\SpaceZIntelProject\Backend\Service1.svc.cs - UpdateSpacecraft() return successfully for vehicle: SpaceA Status Launched
2022-01-29 23:47:08,734 [51] INFO C:\Aakash\Internship\Intel\Intel-project-2\SpaceZIntelProject\Backend\Service1.svc.cs - UpdateSpacecraft() return successfully for vehicle: SpaceA SpacecraftStatus Online
2022-01-29 23:47:08,792 [51] INFO C:\Aakash\Internship\Intel\Intel-project-2\SpaceZIntelProject\Backend\Service1.svc.cs - UpdateSpacecraft() return successfully for vehicle: SpaceA Payload.Status Air
2022-01-29 23:47:10,132 [51] INFO C:\Aakash\Internship\Intel\Intel-project-2\SpaceZIntelProject\Backend\Service1.svc.cs - GetSpacecraft() return successfully for vehicle: SpaceA
2022-01-29 23:47:15,870 [49] INFO C:\Aakash\Internship\Intel\Intel-project-2\SpaceZIntelProject\Backend\Service1.svc.cs - GetSpacecraft() return successfully for vehicle: SpaceA
2022-01-29 23:47:19,907 [51] INFO C:\Aakash\Internship\Intel\Intel-project-2\SpaceZIntelProject\Backend\Service1.svc.cs - UpdateSpacecraft() return successfully for vehicle: SpaceA Status Orbit Reached
2022-01-29 23:47:19,974 [51] INFO C:\Aakash\Internship\Intel\Intel-project-2\SpaceZIntelProject\Backend\Service1.svc.cs - UpdateSpacecraft() return successfully for vehicle: SpaceA Payload.Status Launch Initiated
2022-01-29 23:47:20,034 [51] INFO C:\Aakash\Internship\Intel\Intel-project-2\SpaceZIntelProject\Backend\Service1.svc.cs - UpdateSpacecraft() return successfully for vehicle: SpaceA Payload.PayloadStatus Online
2022-01-29 23:47:22,458 [51] INFO C:\Aakash\Internship\Intel\Intel-project-2\SpaceZIntelProject\Backend\Service1.svc.cs - GetSpacecraft() return successfully for vehicle: SpaceA
2022-01-29 23:47:25,328 [51] INFO C:\Aakash\Internship\Intel\Intel-project-2\SpaceZIntelProject\Backend\Service1.svc.cs - GetSpacecraft() return successfully for vehicle: SpaceA
2022-01-29 23:47:25,404 [51] INFO C:\Aakash\Internship\Intel\Intel-project-2\SpaceZIntelProject\Backend\Service1.svc.cs - UpdateSpacecraft() return successfully for vehicle: SpaceA Payload.Status Launched
2022-01-29 23:47:25,467 [51] INFO C:\Aakash\Internship\Intel\Intel-project-2\SpaceZIntelProject\Backend\Service1.svc.cs - UpdateSpacecraft() return successfully for vehicle: SpaceA Payload.PayloadStatus Online
2022-01-29 23:47:25,573 [51] INFO C:\Aakash\Internship\Intel\Intel-project-2\SpaceZIntelProject\Backend\Service1.svc.cs - GetSpacecraft() return successfully for vehicle: SpaceA
2022-01-29 23:47:27,830 [48] INFO C:\Aakash\Internship\Intel\Intel-project-2\SpaceZIntelProject\Backend\Service1.svc.cs - GetSpacecraft() return successfully for vehicle: SpaceA
2022-01-29 23:47:29,180 [44] INFO C:\Aakash\Internship\Intel\Intel-project-2\SpaceZIntelProject\Backend\Service1.svc.cs - UpdateSpacecraft() return successfully for vehicle: SpaceA Payload.Status Decommission
2022-01-29 23:47:29,236 [44] INFO C:\Aakash\Internship\Intel\Intel-project-2\SpaceZIntelProject\Backend\Service1.svc.cs - UpdateSpacecraft() return successfully for vehicle: SpaceA Payload.PayloadStatus Offline
2022-01-29 23:47:32,264 [51] INFO C:\Aakash\Internship\Intel\Intel-project-2\SpaceZIntelProject\Backend\Service1.svc.cs - GetSpacecraft() return successfully for vehicle: SpaceA
2022-01-29 23:47:36,502 [49] INFO C:\Aakash\Internship\Intel\Intel-project-2\SpaceZIntelProject\Backend\Service1.svc.cs - GetSpacecraft() return successfully for vehicle: SpaceA
2022-01-29 23:47:36,584 [49] INFO C:\Aakash\Internship\Intel\Intel-project-2\SpaceZIntelProject\Backend\Service1.svc.cs - UpdateSpacecraft() return successfully for vehicle: SpaceA SpacecraftStatus Offline
2022-01-29 23:47:36,648 [49] INFO C:\Aakash\Internship\Intel\Intel-project-2\SpaceZIntelProject\Backend\Service1.svc.cs - UpdateSpacecraft() return successfully for vehicle: SpaceA Status Deorbit
