2022-01-26 13:59:11,115 [110] INFO C:\Aakash\Internship\Intel\Intel-project-2\SpaceZIntelProject\Backend\Service1.svc.cs - GetAllSpacecraft() return successfully.
2022-01-26 14:00:34,752 [115] INFO C:\Aakash\Internship\Intel\Intel-project-2\SpaceZIntelProject\Backend\Service1.svc.cs - GetAllSpacecraft() return successfully.
2022-01-26 21:17:45,353 [13] INFO C:\Aakash\Internship\Intel\Intel-project-2\SpaceZIntelProject\Backend\Service1.svc.cs - GetAddedSpacecraft() return successfully.
2022-01-26 21:18:08,440 [139] INFO C:\Aakash\Internship\Intel\Intel-project-2\SpaceZIntelProject\Backend\Service1.svc.cs - CheckSpacecraftExists() return successfully with count: 0 for vehicle: SpaceA
2022-01-26 21:18:08,583 [139] INFO C:\Aakash\Internship\Intel\Intel-project-2\SpaceZIntelProject\Backend\Service1.svc.cs - Spacecraft added successfully. SpaceA
2022-01-26 21:18:10,673 [137] INFO C:\Aakash\Internship\Intel\Intel-project-2\SpaceZIntelProject\Backend\Service1.svc.cs - GetAddedSpacecraft() return successfully.
2022-01-26 21:18:16,916 [139] INFO C:\Aakash\Internship\Intel\Intel-project-2\SpaceZIntelProject\Backend\Service1.svc.cs - GetAddedSpacecraft() return successfully.
2022-01-26 21:19:02,378 [139] INFO C:\Aakash\Internship\Intel\Intel-project-2\SpaceZIntelProject\Backend\Service1.svc.cs - GetAddedSpacecraft() return successfully.
2022-01-26 21:19:58,148 [166] INFO C:\Aakash\Internship\Intel\Intel-project-2\SpaceZIntelProject\Backend\Service1.svc.cs - GetAddedSpacecraft() return successfully.
2022-01-26 21:21:55,153 [189] INFO C:\Aakash\Internship\Intel\Intel-project-2\SpaceZIntelProject\Backend\Service1.svc.cs - GetAddedSpacecraft() return successfully.
2022-01-26 21:23:02,670 [191] INFO C:\Aakash\Internship\Intel\Intel-project-2\SpaceZIntelProject\Backend\Service1.svc.cs - GetAddedSpacecraft() return successfully.
2022-01-26 21:23:37,325 [192] INFO C:\Aakash\Internship\Intel\Intel-project-2\SpaceZIntelProject\Backend\Service1.svc.cs - GetAddedSpacecraft() return successfully.
2022-01-26 21:24:44,451 [211] INFO C:\Aakash\Internship\Intel\Intel-project-2\SpaceZIntelProject\Backend\Service1.svc.cs - GetAddedSpacecraft() return successfully.
2022-01-26 21:26:08,870 [211] INFO C:\Aakash\Internship\Intel\Intel-project-2\SpaceZIntelProject\Backend\Service1.svc.cs - GetAddedSpacecraft() return successfully.
2022-01-26 21:26:31,381 [194] INFO C:\Aakash\Internship\Intel\Intel-project-2\SpaceZIntelProject\Backend\Service1.svc.cs - GetAddedSpacecraft() return successfully.
2022-01-26 21:26:41,045 [211] INFO C:\Aakash\Internship\Intel\Intel-project-2\SpaceZIntelProject\Backend\Service1.svc.cs - GetAllSpacecraft() return successfully.
2022-01-26 21:26:49,372 [191] INFO C:\Aakash\Internship\Intel\Intel-project-2\SpaceZIntelProject\Backend\Service1.svc.cs - GetAllSpacecraft() return successfully.
2022-01-26 21:39:20,958 [295] INFO C:\Aakash\Internship\Intel\Intel-project-2\SpaceZIntelProject\Backend\Service1.svc.cs - GetAddedSpacecraft() return successfully.
2022-01-26 21:51:59,831 [360] INFO C:\Aakash\Internship\Intel\Intel-project-2\SpaceZIntelProject\Backend\Service1.svc.cs - GetAddedSpacecraft() return successfully.
2022-01-26 21:53:00,910 [334] INFO C:\Aakash\Internship\Intel\Intel-project-2\SpaceZIntelProject\Backend\Service1.svc.cs - GetAddedSpacecraft() return successfully.
2022-01-26 21:53:23,715 [333] INFO C:\Aakash\Internship\Intel\Intel-project-2\SpaceZIntelProject\Backend\Service1.svc.cs - GetAddedSpacecraft() return successfully.
2022-01-26 21:53:27,403 [333] INFO C:\Aakash\Internship\Intel\Intel-project-2\SpaceZIntelProject\Backend\Service1.svc.cs - GetAddedSpacecraft() return successfully.
2022-01-27 12:41:45,807 [292] INFO C:\Aakash\Internship\Intel\Intel-project-2\SpaceZIntelProject\Backend\Service1.svc.cs - GetAllLaunchSequenceSpacecraft() return successfully.
2022-01-27 12:43:34,113 [296] INFO C:\Aakash\Internship\Intel\Intel-project-2\SpaceZIntelProject\Backend\Service1.svc.cs - GetAllLaunchSequenceSpacecraft() return successfully.
2022-01-27 12:43:42,853 [296] INFO C:\Aakash\Internship\Intel\Intel-project-2\SpaceZIntelProject\Backend\Service1.svc.cs - GetAllLaunchSequenceSpacecraft() return successfully.
2022-01-27 13:19:51,691 [327] INFO C:\Aakash\Internship\Intel\Intel-project-2\SpaceZIntelProject\Backend\Service1.svc.cs - GetAllLaunchSequenceSpacecraft() return successfully.
2022-01-27 13:19:58,200 [44] INFO C:\Aakash\Internship\Intel\Intel-project-2\SpaceZIntelProject\Backend\Service1.svc.cs - GetAllLaunchSequenceSpacecraft() return successfully.
2022-01-27 13:26:31,513 [103] INFO C:\Aakash\Internship\Intel\Intel-project-2\SpaceZIntelProject\Backend\Service1.svc.cs - GetAllLaunchSequenceSpacecraft() return successfully.
2022-01-27 13:27:21,779 [98] INFO C:\Aakash\Internship\Intel\Intel-project-2\SpaceZIntelProject\Backend\Service1.svc.cs - GetAllLaunchSequenceSpacecraft() return successfully.
2022-01-27 13:51:35,517 [256] INFO C:\Aakash\Internship\Intel\Intel-project-2\SpaceZIntelProject\Backend\Service1.svc.cs - GetAddedSpacecraft() return successfully.
2022-01-27 13:51:37,547 [253] INFO C:\Aakash\Internship\Intel\Intel-project-2\SpaceZIntelProject\Backend\Service1.svc.cs - UpdateSpacecraft() return successfully for vehicle: SpaceZ
2022-01-27 13:53:43,605 [227] INFO C:\Aakash\Internship\Intel\Intel-project-2\SpaceZIntelProject\Backend\Service1.svc.cs - GetAddedSpacecraft() return successfully.
2022-01-27 13:53:45,206 [227] INFO C:\Aakash\Internship\Intel\Intel-project-2\SpaceZIntelProject\Backend\Service1.svc.cs - UpdateSpacecraft() return successfully for vehicle: SpaceA
2022-01-27 13:55:44,750 [221] INFO C:\Aakash\Internship\Intel\Intel-project-2\SpaceZIntelProject\Backend\Service1.svc.cs - CheckSpacecraftExists() return successfully with count: 0 for vehicle: SpaceB
2022-01-27 13:55:44,829 [221] INFO C:\Aakash\Internship\Intel\Intel-project-2\SpaceZIntelProject\Backend\Service1.svc.cs - Spacecraft added successfully. SpaceB
2022-01-27 13:55:47,945 [221] INFO C:\Aakash\Internship\Intel\Intel-project-2\SpaceZIntelProject\Backend\Service1.svc.cs - GetAddedSpacecraft() return successfully.
2022-01-27 13:55:49,841 [221] INFO C:\Aakash\Internship\Intel\Intel-project-2\SpaceZIntelProject\Backend\Service1.svc.cs - UpdateSpacecraft() return successfully for vehicle: SpaceB
2022-01-27 13:56:00,700 [225] INFO C:\Aakash\Internship\Intel\Intel-project-2\SpaceZIntelProject\Backend\Service1.svc.cs - GetAllLaunchSequenceSpacecraft() return successfully.
2022-01-27 14:00:37,425 [187] INFO C:\Aakash\Internship\Intel\Intel-project-2\SpaceZIntelProject\Backend\Service1.svc.cs - GetAddedSpacecraft() return successfully.
2022-01-27 14:00:47,429 [185] INFO C:\Aakash\Internship\Intel\Intel-project-2\SpaceZIntelProject\Backend\Service1.svc.cs - CheckSpacecraftExists() return successfully with count: 0 for vehicle: SpaceC
2022-01-27 14:00:47,490 [186] INFO C:\Aakash\Internship\Intel\Intel-project-2\SpaceZIntelProject\Backend\Service1.svc.cs - Spacecraft added successfully. SpaceC
2022-01-27 14:00:49,648 [185] INFO C:\Aakash\Internship\Intel\Intel-project-2\SpaceZIntelProject\Backend\Service1.svc.cs - GetAddedSpacecraft() return successfully.
2022-01-27 14:00:51,778 [186] INFO C:\Aakash\Internship\Intel\Intel-project-2\SpaceZIntelProject\Backend\Service1.svc.cs - UpdateSpacecraft() return successfully for vehicle: SpaceC
2022-01-27 14:02:05,355 [171] INFO C:\Aakash\Internship\Intel\Intel-project-2\SpaceZIntelProject\Backend\Service1.svc.cs - CheckSpacecraftExists() return successfully with count: 0 for vehicle: SpaceD
2022-01-27 14:02:05,421 [171] INFO C:\Aakash\Internship\Intel\Intel-project-2\SpaceZIntelProject\Backend\Service1.svc.cs - Spacecraft added successfully. SpaceD
2022-01-27 14:02:07,463 [171] INFO C:\Aakash\Internship\Intel\Intel-project-2\SpaceZIntelProject\Backend\Service1.svc.cs - GetAddedSpacecraft() return successfully.
2022-01-27 14:02:08,879 [168] INFO C:\Aakash\Internship\Intel\Intel-project-2\SpaceZIntelProject\Backend\Service1.svc.cs - UpdateSpacecraft() return successfully for vehicle: SpaceD
2022-01-27 15:53:56,874 [86] ERROR C:\Aakash\Internship\Intel\Intel-project-2\SpaceZIntelProject\Backend\Service1.svc.cs - Backend, UpdateSpacecraft(string vehicleName) Error.
System.InvalidOperationException: Sequence contains no elements
   at System.Linq.Enumerable.First[TSource](IEnumerable`1 source)
   at MongoDB.Driver.IAsyncCursorExtensions.First[TDocument](IAsyncCursor`1 cursor, CancellationToken cancellationToken)
   at MongoDB.Driver.IAsyncCursorSourceExtensions.First[TDocument](IAsyncCursorSource`1 source, CancellationToken cancellationToken)
   at Backend.BackendServiceImpl.GetSpacecraft(String vehicleName) in C:\Aakash\Internship\Intel\Intel-project-2\SpaceZIntelProject\Backend\Service1.svc.cs:line 156
2022-01-27 15:54:22,675 [86] ERROR C:\Aakash\Internship\Intel\Intel-project-2\SpaceZIntelProject\Backend\Service1.svc.cs - Backend, UpdateSpacecraft(string vehicleName) Error.
System.InvalidOperationException: Sequence contains no elements
   at System.Linq.Enumerable.First[TSource](IEnumerable`1 source)
   at MongoDB.Driver.IAsyncCursorExtensions.First[TDocument](IAsyncCursor`1 cursor, CancellationToken cancellationToken)
   at MongoDB.Driver.IAsyncCursorSourceExtensions.First[TDocument](IAsyncCursorSource`1 source, CancellationToken cancellationToken)
   at Backend.BackendServiceImpl.GetSpacecraft(String vehicleName) in C:\Aakash\Internship\Intel\Intel-project-2\SpaceZIntelProject\Backend\Service1.svc.cs:line 156
2022-01-27 15:55:14,397 [92] INFO C:\Aakash\Internship\Intel\Intel-project-2\SpaceZIntelProject\Backend\Service1.svc.cs - CheckSpacecraftExists() return successfully with count: 1 for vehicle: SpaceD
2022-01-27 15:55:24,753 [92] INFO C:\Aakash\Internship\Intel\Intel-project-2\SpaceZIntelProject\Backend\Service1.svc.cs - CheckSpacecraftExists() return successfully with count: 0 for vehicle: SpaceE
2022-01-27 15:55:24,905 [92] INFO C:\Aakash\Internship\Intel\Intel-project-2\SpaceZIntelProject\Backend\Service1.svc.cs - Spacecraft added successfully. SpaceE
2022-01-27 15:55:29,710 [85] INFO C:\Aakash\Internship\Intel\Intel-project-2\SpaceZIntelProject\Backend\Service1.svc.cs - GetAddedSpacecraft() return successfully.
2022-01-27 15:55:31,363 [92] INFO C:\Aakash\Internship\Intel\Intel-project-2\SpaceZIntelProject\Backend\Service1.svc.cs - UpdateSpacecraft() return successfully for vehicle: SpaceE
2022-01-27 15:55:31,544 [92] INFO C:\Aakash\Internship\Intel\Intel-project-2\SpaceZIntelProject\Backend\Service1.svc.cs - GetSpacecraft() return successfully for vehicle: SpaceE
2022-01-27 16:42:08,499 [170] INFO C:\Aakash\Internship\Intel\Intel-project-2\SpaceZIntelProject\Backend\Service1.svc.cs - CheckSpacecraftExists() return successfully with count: 0 for vehicle: SpaceA
2022-01-27 16:42:08,662 [170] INFO C:\Aakash\Internship\Intel\Intel-project-2\SpaceZIntelProject\Backend\Service1.svc.cs - Spacecraft added successfully. SpaceA
2022-01-27 16:42:10,689 [274] INFO C:\Aakash\Internship\Intel\Intel-project-2\SpaceZIntelProject\Backend\Service1.svc.cs - GetAddedSpacecraft() return successfully.
2022-01-27 16:42:12,378 [274] INFO C:\Aakash\Internship\Intel\Intel-project-2\SpaceZIntelProject\Backend\Service1.svc.cs - UpdateSpacecraft() return successfully for vehicle: SpaceA
2022-01-27 16:42:12,594 [274] INFO C:\Aakash\Internship\Intel\Intel-project-2\SpaceZIntelProject\Backend\Service1.svc.cs - GetSpacecraft() return successfully for vehicle: SpaceA
2022-01-27 16:42:43,090 [194] INFO C:\Aakash\Internship\Intel\Intel-project-2\SpaceZIntelProject\Backend\Service1.svc.cs - GetAllLaunchSequenceSpacecraft() return successfully.
2022-01-27 16:42:48,088 [170] INFO C:\Aakash\Internship\Intel\Intel-project-2\SpaceZIntelProject\Backend\Service1.svc.cs - GetAddedSpacecraft() return successfully.
2022-01-27 16:43:22,971 [249] ERROR C:\Aakash\Internship\Intel\Intel-project-2\SpaceZIntelProject\Backend\Service1.svc.cs - Backend, UpdateSpacecraft(string vehicleName) Error.
System.InvalidOperationException: Sequence contains no elements
   at System.Linq.Enumerable.First[TSource](IEnumerable`1 source)
   at MongoDB.Driver.IAsyncCursorExtensions.First[TDocument](IAsyncCursor`1 cursor, CancellationToken cancellationToken)
   at MongoDB.Driver.IAsyncCursorSourceExtensions.First[TDocument](IAsyncCursorSource`1 source, CancellationToken cancellationToken)
   at Backend.BackendServiceImpl.GetSpacecraft(String vehicleName) in C:\Aakash\Internship\Intel\Intel-project-2\SpaceZIntelProject\Backend\Service1.svc.cs:line 156
2022-01-27 23:50:35,127 [114] ERROR C:\Aakash\Internship\Intel\Intel-project-2\SpaceZIntelProject\Backend\Service1.svc.cs - Backend, UpdateSpacecraft(string vehicleName) Error.
System.InvalidOperationException: Sequence contains no elements
   at System.Linq.Enumerable.First[TSource](IEnumerable`1 source)
   at MongoDB.Driver.IAsyncCursorExtensions.First[TDocument](IAsyncCursor`1 cursor, CancellationToken cancellationToken)
   at MongoDB.Driver.IAsyncCursorSourceExtensions.First[TDocument](IAsyncCursorSource`1 source, CancellationToken cancellationToken)
   at Backend.BackendServiceImpl.GetSpacecraft(String vehicleName) in C:\Aakash\Internship\Intel\Intel-project-2\SpaceZIntelProject\Backend\Service1.svc.cs:line 156
2022-01-27 23:50:53,332 [89] ERROR C:\Aakash\Internship\Intel\Intel-project-2\SpaceZIntelProject\Backend\Service1.svc.cs - Backend, UpdateSpacecraft(string vehicleName) Error.
System.InvalidOperationException: Sequence contains no elements
   at System.Linq.Enumerable.First[TSource](IEnumerable`1 source)
   at MongoDB.Driver.IAsyncCursorExtensions.First[TDocument](IAsyncCursor`1 cursor, CancellationToken cancellationToken)
   at MongoDB.Driver.IAsyncCursorSourceExtensions.First[TDocument](IAsyncCursorSource`1 source, CancellationToken cancellationToken)
   at Backend.BackendServiceImpl.GetSpacecraft(String vehicleName) in C:\Aakash\Internship\Intel\Intel-project-2\SpaceZIntelProject\Backend\Service1.svc.cs:line 156
2022-01-27 23:51:09,967 [127] ERROR C:\Aakash\Internship\Intel\Intel-project-2\SpaceZIntelProject\Backend\Service1.svc.cs - Backend, UpdateSpacecraft(string vehicleName) Error.
System.InvalidOperationException: Sequence contains no elements
   at System.Linq.Enumerable.First[TSource](IEnumerable`1 source)
   at MongoDB.Driver.IAsyncCursorExtensions.First[TDocument](IAsyncCursor`1 cursor, CancellationToken cancellationToken)
   at MongoDB.Driver.IAsyncCursorSourceExtensions.First[TDocument](IAsyncCursorSource`1 source, CancellationToken cancellationToken)
   at Backend.BackendServiceImpl.GetSpacecraft(String vehicleName) in C:\Aakash\Internship\Intel\Intel-project-2\SpaceZIntelProject\Backend\Service1.svc.cs:line 156
