2022-01-29 18:47:55,425 [1] INFO DeepSpaceNetwork.App -         =============  Started Logging DSN =============        
2022-01-29 18:47:55,479 [1] INFO C:\Aakash\Internship\Intel\Intel-project-2\SpaceZIntelProject\DeepSpaceNetwork\MainWindow.xaml.cs - Application started
2022-01-29 18:48:55,497 [1] INFO DeepSpaceNetwork.App -         =============  Started Logging DSN =============        
2022-01-29 18:48:55,552 [1] INFO C:\Aakash\Internship\Intel\Intel-project-2\SpaceZIntelProject\DeepSpaceNetwork\MainWindow.xaml.cs - Application started
2022-01-29 18:48:57,574 [1] INFO C:\Aakash\Internship\Intel\Intel-project-2\SpaceZIntelProject\DeepSpaceNetwork\MainWindow.xaml.cs - Application started
2022-01-29 18:49:15,714 [1] INFO C:\Aakash\Internship\Intel\Intel-project-2\SpaceZIntelProject\DeepSpaceNetwork\CommunicationDashboard.xaml.cs - Spacecraft Deorbited: SpaceA
2022-01-29 18:49:21,535 [1] INFO C:\Aakash\Internship\Intel\Intel-project-2\SpaceZIntelProject\DeepSpaceNetwork\CommunicationDashboard.xaml.cs - Spacecraft CommunicationDashboard -> Refresh Screen Timer Stoped.
2022-01-29 18:49:45,785 [1] INFO DeepSpaceNetwork.App -         =============  Started Logging DSN =============        
2022-01-29 18:49:45,849 [1] INFO C:\Aakash\Internship\Intel\Intel-project-2\SpaceZIntelProject\DeepSpaceNetwork\MainWindow.xaml.cs - Application started
2022-01-29 18:56:57,124 [1] INFO DeepSpaceNetwork.App -         =============  Started Logging DSN =============        
2022-01-29 18:56:57,178 [1] INFO C:\Aakash\Internship\Intel\Intel-project-2\SpaceZIntelProject\DeepSpaceNetwork\MainWindow.xaml.cs - Application started
2022-01-29 18:57:24,714 [1] INFO DeepSpaceNetwork.App -         =============  Started Logging DSN =============        
2022-01-29 18:57:24,784 [1] INFO C:\Aakash\Internship\Intel\Intel-project-2\SpaceZIntelProject\DeepSpaceNetwork\MainWindow.xaml.cs - Application started
2022-01-29 18:57:58,476 [1] INFO C:\Aakash\Internship\Intel\Intel-project-2\SpaceZIntelProject\DeepSpaceNetwork\MainWindow.xaml.cs - Application started
2022-01-29 18:58:46,744 [1] INFO C:\Aakash\Internship\Intel\Intel-project-2\SpaceZIntelProject\DeepSpaceNetwork\CommunicationDashboard.xaml.cs - Spacecraft Deorbited: SpaceA
2022-01-29 18:58:52,942 [1] INFO C:\Aakash\Internship\Intel\Intel-project-2\SpaceZIntelProject\DeepSpaceNetwork\CommunicationDashboard.xaml.cs - Spacecraft CommunicationDashboard -> Refresh Screen Timer Stoped.
2022-01-29 19:15:52,443 [1] INFO DeepSpaceNetwork.App -         =============  Started Logging DSN =============        
2022-01-29 19:15:52,504 [1] INFO C:\Aakash\Internship\Intel\Intel-project-2\SpaceZIntelProject\DeepSpaceNetwork\MainWindow.xaml.cs - Application started
2022-01-29 19:16:05,894 [1] INFO C:\Aakash\Internship\Intel\Intel-project-2\SpaceZIntelProject\DeepSpaceNetwork\MainWindow.xaml.cs - Application started
2022-01-29 19:16:28,667 [1] INFO C:\Aakash\Internship\Intel\Intel-project-2\SpaceZIntelProject\DeepSpaceNetwork\CommunicationDashboard.xaml.cs - Spacecraft Deorbited: SpaceA
2022-01-29 19:16:32,171 [1] INFO C:\Aakash\Internship\Intel\Intel-project-2\SpaceZIntelProject\DeepSpaceNetwork\CommunicationDashboard.xaml.cs - Spacecraft CommunicationDashboard -> Refresh Screen Timer Stoped.
2022-01-29 19:16:58,162 [1] INFO C:\Aakash\Internship\Intel\Intel-project-2\SpaceZIntelProject\DeepSpaceNetwork\MainWindow.xaml.cs - Application started
2022-01-29 19:17:12,817 [1] INFO C:\Aakash\Internship\Intel\Intel-project-2\SpaceZIntelProject\DeepSpaceNetwork\MainWindow.xaml.cs - Application started
2022-01-29 19:17:35,079 [1] INFO C:\Aakash\Internship\Intel\Intel-project-2\SpaceZIntelProject\DeepSpaceNetwork\CommunicationDashboard.xaml.cs - Launched Payload.
2022-01-29 19:17:38,894 [1] INFO C:\Aakash\Internship\Intel\Intel-project-2\SpaceZIntelProject\DeepSpaceNetwork\CommunicationDashboard.xaml.cs - Spacecraft CommunicationDashboard: Payload(launched)  -> Refresh Screen Timer Stoped.
2022-01-29 19:18:15,056 [1] INFO C:\Aakash\Internship\Intel\Intel-project-2\SpaceZIntelProject\DeepSpaceNetwork\CommunicationDashboard.xaml.cs - Spacecraft Deorbited: SpaceA
2022-01-29 19:18:15,192 [1] ERROR C:\Aakash\Internship\Intel\Intel-project-2\SpaceZIntelProject\DeepSpaceNetwork\CommunicationDashboard.xaml.cs - DeOrbit_Spacecraft(): Cannot process request because the process has exited.
System.InvalidOperationException: Cannot process request because the process has exited.
   at System.Diagnostics.Process.GetProcessHandle(Int32 access, Boolean throwIfExited)
   at System.Diagnostics.Process.Kill()
   at DeepSpaceNetwork.CommunicationDashboard.DeOrbit_Spacecraft(Object sender, RoutedEventArgs e) in C:\Aakash\Internship\Intel\Intel-project-2\SpaceZIntelProject\DeepSpaceNetwork\CommunicationDashboard.xaml.cs:line 124
2022-01-29 19:21:52,293 [1] INFO DeepSpaceNetwork.App -         =============  Started Logging DSN =============        
2022-01-29 19:21:52,386 [1] INFO C:\Aakash\Internship\Intel\Intel-project-2\SpaceZIntelProject\DeepSpaceNetwork\MainWindow.xaml.cs - Application started
2022-01-29 19:22:12,048 [1] INFO C:\Aakash\Internship\Intel\Intel-project-2\SpaceZIntelProject\DeepSpaceNetwork\MainWindow.xaml.cs - Application started
2022-01-29 19:23:05,211 [1] INFO C:\Aakash\Internship\Intel\Intel-project-2\SpaceZIntelProject\DeepSpaceNetwork\CommunicationDashboard.xaml.cs - Spacecraft Deorbited: SpaceA
2022-01-29 19:23:07,983 [1] INFO C:\Aakash\Internship\Intel\Intel-project-2\SpaceZIntelProject\DeepSpaceNetwork\CommunicationDashboard.xaml.cs - Spacecraft CommunicationDashboard -> Refresh Screen Timer Stoped.
2022-01-29 19:23:08,043 [1] INFO C:\Aakash\Internship\Intel\Intel-project-2\SpaceZIntelProject\DeepSpaceNetwork\CommunicationDashboard.xaml.cs - Spacecraft CommunicationDashboard -> Refresh Screen Timer Stoped.
2022-01-29 19:23:23,590 [1] INFO C:\Aakash\Internship\Intel\Intel-project-2\SpaceZIntelProject\DeepSpaceNetwork\MainWindow.xaml.cs - Application started
2022-01-29 19:23:42,236 [1] INFO C:\Aakash\Internship\Intel\Intel-project-2\SpaceZIntelProject\DeepSpaceNetwork\MainWindow.xaml.cs - Application started
2022-01-29 19:24:05,661 [1] INFO C:\Aakash\Internship\Intel\Intel-project-2\SpaceZIntelProject\DeepSpaceNetwork\CommunicationDashboard.xaml.cs - Launched Payload.
2022-01-29 19:24:07,586 [1] INFO C:\Aakash\Internship\Intel\Intel-project-2\SpaceZIntelProject\DeepSpaceNetwork\CommunicationDashboard.xaml.cs - Spacecraft CommunicationDashboard: Payload(launched)  -> Refresh Screen Timer Stoped.
2022-01-29 19:24:22,475 [1] INFO C:\Aakash\Internship\Intel\Intel-project-2\SpaceZIntelProject\DeepSpaceNetwork\CommunicationDashboard.xaml.cs - Launched Payload.
2022-01-29 19:24:29,177 [1] INFO C:\Aakash\Internship\Intel\Intel-project-2\SpaceZIntelProject\DeepSpaceNetwork\CommunicationDashboard.xaml.cs - Spacecraft Deorbited: SpaceA
2022-01-29 19:25:15,117 [1] INFO DeepSpaceNetwork.App -         =============  Started Logging DSN =============        
2022-01-29 19:25:15,199 [1] INFO C:\Aakash\Internship\Intel\Intel-project-2\SpaceZIntelProject\DeepSpaceNetwork\MainWindow.xaml.cs - Application started
2022-01-29 19:26:11,195 [1] INFO DeepSpaceNetwork.App -         =============  Started Logging DSN =============        
2022-01-29 19:26:11,257 [1] INFO C:\Aakash\Internship\Intel\Intel-project-2\SpaceZIntelProject\DeepSpaceNetwork\MainWindow.xaml.cs - Application started
2022-01-29 19:26:25,243 [1] INFO DeepSpaceNetwork.App -         =============  Started Logging DSN =============        
2022-01-29 19:26:25,306 [1] INFO C:\Aakash\Internship\Intel\Intel-project-2\SpaceZIntelProject\DeepSpaceNetwork\MainWindow.xaml.cs - Application started
2022-01-29 20:13:08,286 [1] INFO DeepSpaceNetwork.App -         =============  Started Logging DSN =============        
2022-01-29 20:13:08,353 [1] INFO C:\Aakash\Internship\Intel\Intel-project-2\SpaceZIntelProject\DeepSpaceNetwork\MainWindow.xaml.cs - Application started
2022-01-29 20:14:02,815 [1] INFO C:\Aakash\Internship\Intel\Intel-project-2\SpaceZIntelProject\DeepSpaceNetwork\MainWindow.xaml.cs - Application started
2022-01-29 22:19:33,238 [1] INFO DeepSpaceNetwork.App -         =============  Started Logging DSN =============        
2022-01-29 22:19:33,300 [1] INFO C:\Aakash\Internship\Intel\Intel-project-2\SpaceZIntelProject\DeepSpaceNetwork\MainWindow.xaml.cs - Application started
2022-01-29 22:19:51,005 [1] INFO C:\Aakash\Internship\Intel\Intel-project-2\SpaceZIntelProject\DeepSpaceNetwork\MainWindow.xaml.cs - Application started
2022-01-29 22:23:37,704 [1] INFO DeepSpaceNetwork.App -         =============  Started Logging DSN =============        
2022-01-29 22:23:37,763 [1] INFO C:\Aakash\Internship\Intel\Intel-project-2\SpaceZIntelProject\DeepSpaceNetwork\MainWindow.xaml.cs - Application started
2022-01-29 22:23:57,134 [1] INFO C:\Aakash\Internship\Intel\Intel-project-2\SpaceZIntelProject\DeepSpaceNetwork\MainWindow.xaml.cs - Application started
2022-01-29 22:30:13,671 [1] INFO DeepSpaceNetwork.App -         =============  Started Logging DSN =============        
2022-01-29 22:30:13,730 [1] INFO C:\Aakash\Internship\Intel\Intel-project-2\SpaceZIntelProject\DeepSpaceNetwork\MainWindow.xaml.cs - Application started
2022-01-29 22:31:00,086 [1] INFO C:\Aakash\Internship\Intel\Intel-project-2\SpaceZIntelProject\DeepSpaceNetwork\MainWindow.xaml.cs - Application started
2022-01-29 22:32:29,639 [1] INFO DeepSpaceNetwork.App -         =============  Started Logging DSN =============        
2022-01-29 22:32:29,695 [1] INFO C:\Aakash\Internship\Intel\Intel-project-2\SpaceZIntelProject\DeepSpaceNetwork\MainWindow.xaml.cs - Application started
2022-01-29 22:37:25,289 [1] INFO DeepSpaceNetwork.App -         =============  Started Logging DSN =============        
2022-01-29 22:37:25,351 [1] INFO C:\Aakash\Internship\Intel\Intel-project-2\SpaceZIntelProject\DeepSpaceNetwork\MainWindow.xaml.cs - Application started
2022-01-29 22:37:38,045 [1] INFO C:\Aakash\Internship\Intel\Intel-project-2\SpaceZIntelProject\DeepSpaceNetwork\MainWindow.xaml.cs - Application started
2022-01-29 22:40:57,602 [1] INFO DeepSpaceNetwork.App -         =============  Started Logging DSN =============        
2022-01-29 22:40:57,662 [1] INFO C:\Aakash\Internship\Intel\Intel-project-2\SpaceZIntelProject\DeepSpaceNetwork\MainWindow.xaml.cs - Application started
2022-01-29 22:41:00,837 [1] INFO C:\Aakash\Internship\Intel\Intel-project-2\SpaceZIntelProject\DeepSpaceNetwork\MainWindow.xaml.cs - Application started
2022-01-29 22:42:39,391 [1] INFO DeepSpaceNetwork.App -         =============  Started Logging DSN =============        
2022-01-29 22:42:39,452 [1] INFO C:\Aakash\Internship\Intel\Intel-project-2\SpaceZIntelProject\DeepSpaceNetwork\MainWindow.xaml.cs - Application started
2022-01-29 22:42:41,008 [1] INFO C:\Aakash\Internship\Intel\Intel-project-2\SpaceZIntelProject\DeepSpaceNetwork\MainWindow.xaml.cs - Application started
2022-01-29 23:21:39,050 [1] INFO DeepSpaceNetwork.App -         =============  Started Logging DSN =============        
2022-01-29 23:21:39,111 [1] INFO C:\Aakash\Internship\Intel\Intel-project-2\SpaceZIntelProject\DeepSpaceNetwork\MainWindow.xaml.cs - Application started
2022-01-29 23:21:59,654 [1] INFO C:\Aakash\Internship\Intel\Intel-project-2\SpaceZIntelProject\DeepSpaceNetwork\MainWindow.xaml.cs - Application started
2022-01-29 23:23:44,450 [1] INFO C:\Aakash\Internship\Intel\Intel-project-2\SpaceZIntelProject\DeepSpaceNetwork\CommunicationDashboard.xaml.cs - Spacecraft Deorbited: SpaceA
2022-01-29 23:23:50,136 [1] INFO C:\Aakash\Internship\Intel\Intel-project-2\SpaceZIntelProject\DeepSpaceNetwork\CommunicationDashboard.xaml.cs - Spacecraft CommunicationDashboard -> Refresh Screen Timer Stoped.
2022-01-29 23:33:16,158 [1] INFO DeepSpaceNetwork.App -         =============  Started Logging DSN =============        
2022-01-29 23:33:16,232 [1] INFO C:\Aakash\Internship\Intel\Intel-project-2\SpaceZIntelProject\DeepSpaceNetwork\MainWindow.xaml.cs - Application started
2022-01-29 23:33:36,238 [1] INFO C:\Aakash\Internship\Intel\Intel-project-2\SpaceZIntelProject\DeepSpaceNetwork\MainWindow.xaml.cs - Application started
2022-01-29 23:35:44,011 [1] INFO C:\Aakash\Internship\Intel\Intel-project-2\SpaceZIntelProject\DeepSpaceNetwork\CommunicationDashboard.xaml.cs - Launched Payload.
2022-01-29 23:35:45,250 [1] INFO C:\Aakash\Internship\Intel\Intel-project-2\SpaceZIntelProject\DeepSpaceNetwork\CommunicationDashboard.xaml.cs - Spacecraft CommunicationDashboard: Payload(launched)  -> Refresh Screen Timer Stoped.
2022-01-29 23:35:46,719 [1] INFO C:\Aakash\Internship\Intel\Intel-project-2\SpaceZIntelProject\DeepSpaceNetwork\CommunicationDashboard.xaml.cs - Spacecraft CommunicationDashboard: Payload(launched)  -> Refresh Screen Timer Stoped.
2022-01-29 23:36:08,891 [1] INFO C:\Aakash\Internship\Intel\Intel-project-2\SpaceZIntelProject\DeepSpaceNetwork\CommunicationDashboard.xaml.cs - Launched Payload.
2022-01-29 23:46:36,419 [1] INFO DeepSpaceNetwork.App -         =============  Started Logging DSN =============        
2022-01-29 23:46:36,486 [1] INFO C:\Aakash\Internship\Intel\Intel-project-2\SpaceZIntelProject\DeepSpaceNetwork\MainWindow.xaml.cs - Application started
2022-01-29 23:46:57,885 [1] INFO C:\Aakash\Internship\Intel\Intel-project-2\SpaceZIntelProject\DeepSpaceNetwork\MainWindow.xaml.cs - Application started
2022-01-29 23:47:02,565 [1] INFO C:\Aakash\Internship\Intel\Intel-project-2\SpaceZIntelProject\DeepSpaceNetwork\MainWindow.xaml.cs - Application started
2022-01-29 23:47:25,330 [1] INFO C:\Aakash\Internship\Intel\Intel-project-2\SpaceZIntelProject\DeepSpaceNetwork\CommunicationDashboard.xaml.cs - Launched Payload: GPM
2022-01-29 23:47:27,831 [1] INFO C:\Aakash\Internship\Intel\Intel-project-2\SpaceZIntelProject\DeepSpaceNetwork\CommunicationDashboard.xaml.cs - Spacecraft CommunicationDashboard: Payload(launched)  -> Refresh Screen Timer Stoped.
2022-01-29 23:47:36,503 [1] INFO C:\Aakash\Internship\Intel\Intel-project-2\SpaceZIntelProject\DeepSpaceNetwork\CommunicationDashboard.xaml.cs - Spacecraft Deorbited: SpaceA
2022-01-30 00:12:26,196 [1] INFO DeepSpaceNetwork.App -         =============  Started Logging DSN =============        
2022-01-30 00:12:26,252 [1] INFO C:\Aakash\Internship\Intel\Intel-project-2\SpaceZIntelProject\DeepSpaceNetwork\MainWindow.xaml.cs - Application started
2022-01-30 00:13:21,988 [1] INFO DeepSpaceNetwork.App -         =============  Started Logging DSN =============        
2022-01-30 00:13:22,059 [1] INFO C:\Aakash\Internship\Intel\Intel-project-2\SpaceZIntelProject\DeepSpaceNetwork\MainWindow.xaml.cs - Application started
2022-01-30 00:13:36,247 [1] INFO C:\Aakash\Internship\Intel\Intel-project-2\SpaceZIntelProject\DeepSpaceNetwork\MainWindow.xaml.cs - Application started
2022-01-30 00:14:06,602 [1] INFO C:\Aakash\Internship\Intel\Intel-project-2\SpaceZIntelProject\DeepSpaceNetwork\CommunicationDashboard.xaml.cs - Launched Payload: GPM
2022-01-30 00:14:08,082 [1] INFO C:\Aakash\Internship\Intel\Intel-project-2\SpaceZIntelProject\DeepSpaceNetwork\CommunicationDashboard.xaml.cs - Spacecraft CommunicationDashboard: Payload(launched)  -> Refresh Screen Timer Stoped.
2022-01-30 00:20:53,040 [1] INFO DeepSpaceNetwork.App -         =============  Started Logging DSN =============        
2022-01-30 00:20:53,115 [1] INFO C:\Aakash\Internship\Intel\Intel-project-2\SpaceZIntelProject\DeepSpaceNetwork\MainWindow.xaml.cs - Application started
2022-01-30 00:21:01,129 [1] INFO C:\Aakash\Internship\Intel\Intel-project-2\SpaceZIntelProject\DeepSpaceNetwork\MainWindow.xaml.cs - Application started
2022-01-30 00:52:07,574 [1] INFO DeepSpaceNetwork.App -         =============  Started Logging DSN =============        
2022-01-30 00:52:07,650 [1] INFO C:\Aakash\Internship\Intel\Intel-project-2\SpaceZIntelProject\DeepSpaceNetwork\MainWindow.xaml.cs - Application started
2022-01-30 00:54:00,486 [1] INFO C:\Aakash\Internship\Intel\Intel-project-2\SpaceZIntelProject\DeepSpaceNetwork\MainWindow.xaml.cs - Application started
2022-01-30 00:54:31,367 [1] INFO C:\Aakash\Internship\Intel\Intel-project-2\SpaceZIntelProject\DeepSpaceNetwork\CommunicationDashboard.xaml.cs - Launched Payload: GPM
2022-01-30 00:54:33,941 [1] INFO C:\Aakash\Internship\Intel\Intel-project-2\SpaceZIntelProject\DeepSpaceNetwork\CommunicationDashboard.xaml.cs - Spacecraft CommunicationDashboard: Payload(launched)  -> Refresh Screen Timer Stoped.
2022-01-30 00:55:42,273 [1] INFO C:\Aakash\Internship\Intel\Intel-project-2\SpaceZIntelProject\DeepSpaceNetwork\CommunicationDashboard.xaml.cs - Spacecraft Deorbited: SpaceA
2022-01-30 01:13:40,959 [1] INFO DeepSpaceNetwork.App -         =============  Started Logging DSN =============        
2022-01-30 01:13:41,043 [1] INFO C:\Aakash\Internship\Intel\Intel-project-2\SpaceZIntelProject\DeepSpaceNetwork\MainWindow.xaml.cs - Application started
2022-01-30 01:13:54,723 [1] INFO C:\Aakash\Internship\Intel\Intel-project-2\SpaceZIntelProject\DeepSpaceNetwork\MainWindow.xaml.cs - Application started
2022-01-30 01:14:17,009 [1] INFO C:\Aakash\Internship\Intel\Intel-project-2\SpaceZIntelProject\DeepSpaceNetwork\CommunicationDashboard.xaml.cs - Launched Payload: GPM
2022-01-30 01:14:17,680 [1] INFO C:\Aakash\Internship\Intel\Intel-project-2\SpaceZIntelProject\DeepSpaceNetwork\CommunicationDashboard.xaml.cs - Spacecraft CommunicationDashboard: Payload(launched)  -> Refresh Screen Timer Stoped.
2022-01-30 01:14:31,934 [1] INFO C:\Aakash\Internship\Intel\Intel-project-2\SpaceZIntelProject\DeepSpaceNetwork\CommunicationDashboard.xaml.cs - Spacecraft Deorbited: SpaceA
2022-01-30 01:16:38,063 [1] INFO DeepSpaceNetwork.App -         =============  Started Logging DSN =============        
2022-01-30 01:16:38,131 [1] INFO C:\Aakash\Internship\Intel\Intel-project-2\SpaceZIntelProject\DeepSpaceNetwork\MainWindow.xaml.cs - Application started
2022-01-30 01:16:52,729 [1] INFO C:\Aakash\Internship\Intel\Intel-project-2\SpaceZIntelProject\DeepSpaceNetwork\MainWindow.xaml.cs - Application started
2022-01-30 01:16:55,988 [1] ERROR C:\Aakash\Internship\Intel\Intel-project-2\SpaceZIntelProject\DeepSpaceNetwork\CommunicationSystem.xaml.cs - Communication_Dashboard() error
System.Exception: Please select one from available spacecraft.
   at DeepSpaceNetwork.CommunicationSystem.Communication_Dashboard(Object sender, RoutedEventArgs e) in C:\Aakash\Internship\Intel\Intel-project-2\SpaceZIntelProject\DeepSpaceNetwork\CommunicationSystem.xaml.cs:line 67
2022-01-30 01:17:21,422 [1] INFO C:\Aakash\Internship\Intel\Intel-project-2\SpaceZIntelProject\DeepSpaceNetwork\CommunicationDashboard.xaml.cs - Launched Payload: GPM
2022-01-30 01:17:22,479 [1] INFO C:\Aakash\Internship\Intel\Intel-project-2\SpaceZIntelProject\DeepSpaceNetwork\CommunicationDashboard.xaml.cs - Spacecraft CommunicationDashboard: Payload(launched)  -> Refresh Screen Timer Stoped.
2022-01-30 01:17:30,789 [1] INFO C:\Aakash\Internship\Intel\Intel-project-2\SpaceZIntelProject\DeepSpaceNetwork\CommunicationDashboard.xaml.cs - Spacecraft Deorbited: SpaceA
2022-01-30 14:37:20,015 [1] INFO DeepSpaceNetwork.App -         =============  Started Logging DSN =============        
2022-01-30 14:41:07,364 [1] INFO DeepSpaceNetwork.App -         =============  Started Logging DSN =============        
2022-01-30 14:41:45,807 [1] INFO DeepSpaceNetwork.App -         =============  Started Logging DSN =============        
2022-01-30 14:42:11,293 [1] INFO DeepSpaceNetwork.App -         =============  Started Logging DSN =============        
2022-01-30 14:43:06,395 [1] INFO DeepSpaceNetwork.App -         =============  Started Logging DSN =============        
2022-01-30 14:43:06,597 [1] INFO C:\Aakash\Internship\Intel\Intel-project-2\SpaceZIntelProject\DeepSpaceNetwork\MainWindow.xaml.cs - Application started
2022-01-30 15:00:33,488 [1] INFO DeepSpaceNetwork.App -         =============  Started Logging DSN =============        
2022-01-30 15:00:33,560 [1] INFO C:\Aakash\Internship\Intel\Intel-project-2\SpaceZIntelProject\DeepSpaceNetwork\MainWindow.xaml.cs - Application started
2022-01-30 15:00:55,086 [1] INFO C:\Aakash\Internship\Intel\Intel-project-2\SpaceZIntelProject\DeepSpaceNetwork\MainWindow.xaml.cs - Application started
2022-01-30 15:01:30,033 [1] INFO C:\Aakash\Internship\Intel\Intel-project-2\SpaceZIntelProject\DeepSpaceNetwork\CommunicationDashboard.xaml.cs - Launched Payload: GPM
2022-01-30 15:01:30,951 [1] INFO C:\Aakash\Internship\Intel\Intel-project-2\SpaceZIntelProject\DeepSpaceNetwork\CommunicationDashboard.xaml.cs - Spacecraft CommunicationDashboard: Payload(launched)  -> Refresh Screen Timer Stoped.
2022-01-30 15:01:41,399 [1] INFO C:\Aakash\Internship\Intel\Intel-project-2\SpaceZIntelProject\DeepSpaceNetwork\CommunicationDashboard.xaml.cs - Spacecraft Deorbited: SpaceA
2022-01-31 01:13:56,359 [1] INFO DeepSpaceNetwork.App -         =============  Started Logging DSN =============        
2022-01-31 01:13:56,876 [1] INFO C:\Aakash\Internship\Intel\Intel-project-2\SpaceZIntelProject\DeepSpaceNetwork\MainWindow.xaml.cs - Application started
2022-01-31 01:14:51,708 [1] INFO DeepSpaceNetwork.App -         =============  Started Logging DSN =============        
2022-01-31 01:14:51,773 [1] INFO C:\Aakash\Internship\Intel\Intel-project-2\SpaceZIntelProject\DeepSpaceNetwork\MainWindow.xaml.cs - Application started
2022-01-31 01:15:05,350 [1] INFO C:\Aakash\Internship\Intel\Intel-project-2\SpaceZIntelProject\DeepSpaceNetwork\MainWindow.xaml.cs - Application started
2022-01-31 01:15:30,342 [1] INFO C:\Aakash\Internship\Intel\Intel-project-2\SpaceZIntelProject\DeepSpaceNetwork\CommunicationDashboard.xaml.cs - Launched Payload: GPM
2022-01-31 01:15:30,620 [1] INFO C:\Aakash\Internship\Intel\Intel-project-2\SpaceZIntelProject\DeepSpaceNetwork\CommunicationDashboard.xaml.cs - Spacecraft CommunicationDashboard: Payload(launched)  -> Refresh Screen Timer Stoped.
2022-01-31 01:15:37,891 [1] INFO C:\Aakash\Internship\Intel\Intel-project-2\SpaceZIntelProject\DeepSpaceNetwork\CommunicationDashboard.xaml.cs - Spacecraft Deorbited: SpaceA
2022-01-31 02:54:18,926 [1] INFO DeepSpaceNetwork.App -         =============  Started Logging DSN =============        
2022-01-31 02:54:19,027 [1] INFO C:\Aakash\Internship\Intel\Intel-project-2\SpaceZIntelProject\DeepSpaceNetwork\MainWindow.xaml.cs - Application started
2022-01-31 02:54:33,343 [1] INFO C:\Aakash\Internship\Intel\Intel-project-2\SpaceZIntelProject\DeepSpaceNetwork\MainWindow.xaml.cs - Application started
2022-01-31 17:57:45,915 [1] INFO DeepSpaceNetwork.App -         =============  Started Logging DSN =============        
2022-01-31 17:57:45,992 [1] INFO C:\Aakash\Internship\Intel\Intel-project-2\SpaceZIntelProject\DeepSpaceNetwork\MainWindow.xaml.cs - Application started
2022-01-31 17:58:04,513 [1] INFO C:\Aakash\Internship\Intel\Intel-project-2\SpaceZIntelProject\DeepSpaceNetwork\MainWindow.xaml.cs - Application started
2022-01-31 17:59:25,797 [1] INFO C:\Aakash\Internship\Intel\Intel-project-2\SpaceZIntelProject\DeepSpaceNetwork\CommunicationDashboard.xaml.cs - Spacecraft CommunicationDashboard -> Refresh Screen Timer Stoped.
2022-01-31 18:43:41,142 [1] INFO DeepSpaceNetwork.App -         =============  Started Logging DSN =============        
2022-01-31 18:43:41,205 [1] INFO C:\Aakash\Internship\Intel\Intel-project-2\SpaceZIntelProject\DeepSpaceNetwork\MainWindow.xaml.cs - Application started
2022-01-31 18:43:58,105 [1] INFO C:\Aakash\Internship\Intel\Intel-project-2\SpaceZIntelProject\DeepSpaceNetwork\MainWindow.xaml.cs - Application started
2022-01-31 18:46:51,169 [1] INFO DeepSpaceNetwork.App -         =============  Started Logging DSN =============        
2022-01-31 18:46:51,237 [1] INFO C:\Aakash\Internship\Intel\Intel-project-2\SpaceZIntelProject\DeepSpaceNetwork\MainWindow.xaml.cs - Application started
2022-01-31 18:47:05,508 [1] INFO C:\Aakash\Internship\Intel\Intel-project-2\SpaceZIntelProject\DeepSpaceNetwork\MainWindow.xaml.cs - Application started
2022-01-31 18:49:10,939 [1] INFO C:\Aakash\Internship\Intel\Intel-project-2\SpaceZIntelProject\DeepSpaceNetwork\CommunicationDashboard.xaml.cs - Launched Payload: GPM
2022-01-31 18:49:16,098 [1] INFO C:\Aakash\Internship\Intel\Intel-project-2\SpaceZIntelProject\DeepSpaceNetwork\CommunicationDashboard.xaml.cs - Spacecraft CommunicationDashboard: Payload(launched)  -> Refresh Screen Timer Stoped.
2022-01-31 18:49:22,439 [1] INFO C:\Aakash\Internship\Intel\Intel-project-2\SpaceZIntelProject\DeepSpaceNetwork\CommunicationDashboard.xaml.cs - Launched Payload: GPM
2022-01-31 18:49:27,760 [1] INFO C:\Aakash\Internship\Intel\Intel-project-2\SpaceZIntelProject\DeepSpaceNetwork\CommunicationDashboard.xaml.cs - Spacecraft Deorbited: SpaceA
2022-01-31 18:51:05,987 [1] INFO DeepSpaceNetwork.App -         =============  Started Logging DSN =============        
2022-01-31 18:51:06,067 [1] INFO C:\Aakash\Internship\Intel\Intel-project-2\SpaceZIntelProject\DeepSpaceNetwork\MainWindow.xaml.cs - Application started
2022-01-31 19:15:27,732 [1] INFO DeepSpaceNetwork.App -         =============  Started Logging DSN =============        
2022-01-31 19:15:27,794 [1] INFO C:\Aakash\Internship\Intel\Intel-project-2\SpaceZIntelProject\DeepSpaceNetwork\MainWindow.xaml.cs - Application started
2022-01-31 19:15:42,656 [1] INFO C:\Aakash\Internship\Intel\Intel-project-2\SpaceZIntelProject\DeepSpaceNetwork\MainWindow.xaml.cs - Application started
2022-01-31 19:16:16,002 [1] INFO C:\Aakash\Internship\Intel\Intel-project-2\SpaceZIntelProject\DeepSpaceNetwork\CommunicationDashboard.xaml.cs - Launched Payload: GPM
2022-01-31 19:16:19,504 [1] INFO C:\Aakash\Internship\Intel\Intel-project-2\SpaceZIntelProject\DeepSpaceNetwork\CommunicationDashboard.xaml.cs - Spacecraft CommunicationDashboard: Payload(launched)  -> Refresh Screen Timer Stoped.
2022-01-31 19:16:20,499 [1] INFO C:\Aakash\Internship\Intel\Intel-project-2\SpaceZIntelProject\DeepSpaceNetwork\CommunicationDashboard.xaml.cs - Spacecraft Deorbited: SpaceA
2022-01-31 19:16:21,614 [1] INFO C:\Aakash\Internship\Intel\Intel-project-2\SpaceZIntelProject\DeepSpaceNetwork\CommunicationDashboard.xaml.cs - Launched Payload: GPM
2022-01-31 19:17:17,786 [1] INFO DeepSpaceNetwork.App -         =============  Started Logging DSN =============        
2022-01-31 19:17:17,846 [1] INFO C:\Aakash\Internship\Intel\Intel-project-2\SpaceZIntelProject\DeepSpaceNetwork\MainWindow.xaml.cs - Application started
2022-01-31 19:17:33,094 [1] INFO C:\Aakash\Internship\Intel\Intel-project-2\SpaceZIntelProject\DeepSpaceNetwork\MainWindow.xaml.cs - Application started
2022-01-31 19:17:57,947 [1] INFO DeepSpaceNetwork.App -         =============  Started Logging DSN =============        
2022-01-31 19:17:58,002 [1] INFO C:\Aakash\Internship\Intel\Intel-project-2\SpaceZIntelProject\DeepSpaceNetwork\MainWindow.xaml.cs - Application started
2022-01-31 19:18:00,504 [1] INFO C:\Aakash\Internship\Intel\Intel-project-2\SpaceZIntelProject\DeepSpaceNetwork\MainWindow.xaml.cs - Application started
2022-01-31 19:18:24,910 [1] INFO C:\Aakash\Internship\Intel\Intel-project-2\SpaceZIntelProject\DeepSpaceNetwork\MainWindow.xaml.cs - Application started
2022-01-31 19:18:52,577 [1] INFO C:\Aakash\Internship\Intel\Intel-project-2\SpaceZIntelProject\DeepSpaceNetwork\CommunicationDashboard.xaml.cs - Launched Payload: GPM
2022-01-31 19:18:52,768 [1] INFO C:\Aakash\Internship\Intel\Intel-project-2\SpaceZIntelProject\DeepSpaceNetwork\CommunicationDashboard.xaml.cs - Spacecraft CommunicationDashboard: Payload(launched)  -> Refresh Screen Timer Stoped.
2022-01-31 19:18:56,854 [1] INFO C:\Aakash\Internship\Intel\Intel-project-2\SpaceZIntelProject\DeepSpaceNetwork\CommunicationDashboard.xaml.cs - Spacecraft Deorbited: SpaceA
2022-01-31 19:18:58,993 [1] INFO C:\Aakash\Internship\Intel\Intel-project-2\SpaceZIntelProject\DeepSpaceNetwork\CommunicationDashboard.xaml.cs - Launched Payload: GPM
2022-01-31 19:19:59,025 [1] ERROR C:\Aakash\Internship\Intel\Intel-project-2\SpaceZIntelProject\DeepSpaceNetwork\CommunicationDashboard.xaml.cs - Custom_Payload_Function(): This request operation sent to http://localhost:11997/Service1.svc did not receive a reply within the configured timeout (00:00:59.9980103).  The time allotted to this operation may have been a portion of a longer timeout.  This may be because the service is still processing the operation or because the service was unable to send a reply message.  Please consider increasing the operation timeout (by casting the channel/proxy to IContextChannel and setting the OperationTimeout property) and ensure that the service is able to connect to the client.
System.TimeoutException: This request operation sent to http://localhost:11997/Service1.svc did not receive a reply within the configured timeout (00:00:59.9980103).  The time allotted to this operation may have been a portion of a longer timeout.  This may be because the service is still processing the operation or because the service was unable to send a reply message.  Please consider increasing the operation timeout (by casting the channel/proxy to IContextChannel and setting the OperationTimeout property) and ensure that the service is able to connect to the client.

Server stack trace: 
   at System.ServiceModel.Dispatcher.DuplexChannelBinder.SyncDuplexRequest.WaitForReply(TimeSpan timeout)
   at System.ServiceModel.Dispatcher.DuplexChannelBinder.Request(Message message, TimeSpan timeout)
   at System.ServiceModel.Channels.ServiceChannel.Call(String action, Boolean oneway, ProxyOperationRuntime operation, Object[] ins, Object[] outs, TimeSpan timeout)
   at System.ServiceModel.Channels.ServiceChannelProxy.InvokeService(IMethodCallMessage methodCall, ProxyOperationRuntime operation)
   at System.ServiceModel.Channels.ServiceChannelProxy.Invoke(IMessage message)

Exception rethrown at [0]: 
   at System.Runtime.Remoting.Proxies.RealProxy.HandleReturnMessage(IMessage reqMsg, IMessage retMsg)
   at System.Runtime.Remoting.Proxies.RealProxy.PrivateInvoke(MessageData& msgData, Int32 type)
   at DeepSpaceNetwork.BackendServiceReference.IBackendServices.SendCommandToVehicle(Vehicle vehicle, String command)
   at DeepSpaceNetwork.CommunicationDashboard.Launch_Payload() in C:\Aakash\Internship\Intel\Intel-project-2\SpaceZIntelProject\DeepSpaceNetwork\CommunicationDashboard.xaml.cs:line 199
   at DeepSpaceNetwork.CommunicationDashboard.Custom_Payload_Function(Object sender, RoutedEventArgs e) in C:\Aakash\Internship\Intel\Intel-project-2\SpaceZIntelProject\DeepSpaceNetwork\CommunicationDashboard.xaml.cs:line 179
2022-01-31 19:36:08,445 [1] INFO DeepSpaceNetwork.App -         =============  Started Logging DSN =============        
2022-01-31 19:36:08,502 [1] INFO C:\Aakash\Internship\Intel\Intel-project-2\SpaceZIntelProject\DeepSpaceNetwork\MainWindow.xaml.cs - Application started
2022-01-31 20:22:09,184 [1] INFO DeepSpaceNetwork.App -         =============  Started Logging DSN =============        
2022-01-31 20:22:09,248 [1] INFO C:\Aakash\Internship\Intel\Intel-project-2\SpaceZIntelProject\DeepSpaceNetwork\MainWindow.xaml.cs - Application started
2022-01-31 20:22:39,703 [1] INFO C:\Aakash\Internship\Intel\Intel-project-2\SpaceZIntelProject\DeepSpaceNetwork\MainWindow.xaml.cs - Application started
2022-01-31 20:22:44,101 [1] INFO C:\Aakash\Internship\Intel\Intel-project-2\SpaceZIntelProject\DeepSpaceNetwork\MainWindow.xaml.cs - Application started
2022-01-31 20:22:46,844 [1] INFO C:\Aakash\Internship\Intel\Intel-project-2\SpaceZIntelProject\DeepSpaceNetwork\MainWindow.xaml.cs - Application started
2022-01-31 20:27:08,897 [1] INFO DeepSpaceNetwork.App -         =============  Started Logging DSN =============        
2022-01-31 20:27:08,950 [1] INFO C:\Aakash\Internship\Intel\Intel-project-2\SpaceZIntelProject\DeepSpaceNetwork\MainWindow.xaml.cs - Application started
2022-01-31 20:27:12,390 [1] INFO C:\Aakash\Internship\Intel\Intel-project-2\SpaceZIntelProject\DeepSpaceNetwork\MainWindow.xaml.cs - Application started
2022-01-31 20:27:20,513 [1] INFO C:\Aakash\Internship\Intel\Intel-project-2\SpaceZIntelProject\DeepSpaceNetwork\MainWindow.xaml.cs - Application started
2022-01-31 20:27:34,670 [1] INFO C:\Aakash\Internship\Intel\Intel-project-2\SpaceZIntelProject\DeepSpaceNetwork\MainWindow.xaml.cs - Application started
2022-01-31 20:27:48,439 [1] INFO C:\Aakash\Internship\Intel\Intel-project-2\SpaceZIntelProject\DeepSpaceNetwork\MainWindow.xaml.cs - Application started
2022-01-31 20:27:51,860 [1] INFO C:\Aakash\Internship\Intel\Intel-project-2\SpaceZIntelProject\DeepSpaceNetwork\MainWindow.xaml.cs - Application started
2022-01-31 20:35:48,292 [1] INFO DeepSpaceNetwork.App -         =============  Started Logging DSN =============        
2022-01-31 20:35:48,346 [1] INFO C:\Aakash\Internship\Intel\Intel-project-2\SpaceZIntelProject\DeepSpaceNetwork\MainWindow.xaml.cs - Application started
2022-01-31 20:36:28,014 [1] INFO DeepSpaceNetwork.App -         =============  Started Logging DSN =============        
2022-01-31 20:36:28,067 [1] INFO C:\Aakash\Internship\Intel\Intel-project-2\SpaceZIntelProject\DeepSpaceNetwork\MainWindow.xaml.cs - Application started
2022-01-31 20:36:51,708 [1] INFO C:\Aakash\Internship\Intel\Intel-project-2\SpaceZIntelProject\DeepSpaceNetwork\MainWindow.xaml.cs - Application started
2022-01-31 20:36:55,906 [1] INFO C:\Aakash\Internship\Intel\Intel-project-2\SpaceZIntelProject\DeepSpaceNetwork\MainWindow.xaml.cs - Application started
2022-01-31 20:37:45,309 [1] INFO C:\Aakash\Internship\Intel\Intel-project-2\SpaceZIntelProject\DeepSpaceNetwork\CommunicationDashboard.xaml.cs - Spacecraft Deorbited: SpaceA
2022-01-31 20:37:53,079 [1] INFO C:\Aakash\Internship\Intel\Intel-project-2\SpaceZIntelProject\DeepSpaceNetwork\CommunicationDashboard.xaml.cs - Spacecraft CommunicationDashboard -> Refresh Screen Timer Stoped.
2022-01-31 20:52:37,858 [1] INFO DeepSpaceNetwork.App -         =============  Started Logging DSN =============        
2022-01-31 20:52:37,926 [1] INFO C:\Aakash\Internship\Intel\Intel-project-2\SpaceZIntelProject\DeepSpaceNetwork\MainWindow.xaml.cs - Application started
2022-01-31 20:52:54,245 [1] INFO C:\Aakash\Internship\Intel\Intel-project-2\SpaceZIntelProject\DeepSpaceNetwork\MainWindow.xaml.cs - Application started
2022-01-31 20:52:57,885 [1] INFO C:\Aakash\Internship\Intel\Intel-project-2\SpaceZIntelProject\DeepSpaceNetwork\MainWindow.xaml.cs - Application started
2022-01-31 21:30:11,802 [1] INFO DeepSpaceNetwork.App -         =============  Started Logging DSN =============        
2022-01-31 21:30:11,866 [1] INFO C:\Aakash\Internship\Intel\Intel-project-2\SpaceZIntelProject\DeepSpaceNetwork\MainWindow.xaml.cs - Application started
2022-01-31 21:30:47,553 [1] INFO C:\Aakash\Internship\Intel\Intel-project-2\SpaceZIntelProject\DeepSpaceNetwork\MainWindow.xaml.cs - Application started
2022-01-31 21:30:50,671 [1] INFO C:\Aakash\Internship\Intel\Intel-project-2\SpaceZIntelProject\DeepSpaceNetwork\MainWindow.xaml.cs - Application started
2022-01-31 21:31:19,812 [1] INFO C:\Aakash\Internship\Intel\Intel-project-2\SpaceZIntelProject\DeepSpaceNetwork\MainWindow.xaml.cs - Application started
2022-01-31 21:48:07,613 [1] INFO DeepSpaceNetwork.App -         =============  Started Logging DSN =============        
2022-01-31 21:48:07,668 [1] INFO C:\Aakash\Internship\Intel\Intel-project-2\SpaceZIntelProject\DeepSpaceNetwork\MainWindow.xaml.cs - Application started
2022-01-31 21:48:26,022 [1] INFO C:\Aakash\Internship\Intel\Intel-project-2\SpaceZIntelProject\DeepSpaceNetwork\MainWindow.xaml.cs - Application started
2022-01-31 21:48:29,190 [1] INFO C:\Aakash\Internship\Intel\Intel-project-2\SpaceZIntelProject\DeepSpaceNetwork\MainWindow.xaml.cs - Application started
2022-01-31 22:25:56,257 [1] INFO DeepSpaceNetwork.App -         =============  Started Logging DSN =============        
2022-01-31 22:25:56,332 [1] INFO C:\Aakash\Internship\Intel\Intel-project-2\SpaceZIntelProject\DeepSpaceNetwork\MainWindow.xaml.cs - Application started
2022-01-31 22:26:12,942 [1] INFO DeepSpaceNetwork.App -         =============  Started Logging DSN =============        
2022-01-31 22:26:12,996 [1] INFO C:\Aakash\Internship\Intel\Intel-project-2\SpaceZIntelProject\DeepSpaceNetwork\MainWindow.xaml.cs - Application started
2022-01-31 22:26:17,602 [1] INFO C:\Aakash\Internship\Intel\Intel-project-2\SpaceZIntelProject\DeepSpaceNetwork\MainWindow.xaml.cs - Application started
2022-01-31 22:37:59,494 [1] INFO DeepSpaceNetwork.App -         =============  Started Logging DSN =============        
2022-01-31 22:37:59,553 [1] INFO C:\Aakash\Internship\Intel\Intel-project-2\SpaceZIntelProject\DeepSpaceNetwork\MainWindow.xaml.cs - Application started
2022-01-31 22:38:22,931 [1] INFO C:\Aakash\Internship\Intel\Intel-project-2\SpaceZIntelProject\DeepSpaceNetwork\MainWindow.xaml.cs - Application started
2022-01-31 22:38:29,741 [1] INFO C:\Aakash\Internship\Intel\Intel-project-2\SpaceZIntelProject\DeepSpaceNetwork\MainWindow.xaml.cs - Application started
2022-01-31 22:38:55,184 [1] INFO C:\Aakash\Internship\Intel\Intel-project-2\SpaceZIntelProject\DeepSpaceNetwork\MainWindow.xaml.cs - Application started
2022-01-31 22:47:03,544 [1] INFO DeepSpaceNetwork.App -         =============  Started Logging DSN =============        
2022-01-31 22:47:03,598 [1] INFO C:\Aakash\Internship\Intel\Intel-project-2\SpaceZIntelProject\DeepSpaceNetwork\MainWindow.xaml.cs - Application started
2022-01-31 22:47:10,155 [1] INFO C:\Aakash\Internship\Intel\Intel-project-2\SpaceZIntelProject\DeepSpaceNetwork\MainWindow.xaml.cs - Application started
2022-01-31 22:47:13,564 [1] INFO C:\Aakash\Internship\Intel\Intel-project-2\SpaceZIntelProject\DeepSpaceNetwork\MainWindow.xaml.cs - Application started
2022-01-31 22:49:00,585 [1] INFO DeepSpaceNetwork.App -         =============  Started Logging DSN =============        
2022-01-31 22:49:00,643 [1] INFO C:\Aakash\Internship\Intel\Intel-project-2\SpaceZIntelProject\DeepSpaceNetwork\MainWindow.xaml.cs - Application started
2022-01-31 22:49:14,627 [1] INFO C:\Aakash\Internship\Intel\Intel-project-2\SpaceZIntelProject\DeepSpaceNetwork\MainWindow.xaml.cs - Application started
2022-01-31 22:49:18,604 [1] INFO C:\Aakash\Internship\Intel\Intel-project-2\SpaceZIntelProject\DeepSpaceNetwork\MainWindow.xaml.cs - Application started
2022-01-31 22:51:36,536 [1] INFO C:\Aakash\Internship\Intel\Intel-project-2\SpaceZIntelProject\DeepSpaceNetwork\MainWindow.xaml.cs - Application started
2022-01-31 22:51:40,516 [1] INFO C:\Aakash\Internship\Intel\Intel-project-2\SpaceZIntelProject\DeepSpaceNetwork\CommunicationDashboard.xaml.cs - Launched Payload: GPM
2022-01-31 22:51:41,224 [1] INFO C:\Aakash\Internship\Intel\Intel-project-2\SpaceZIntelProject\DeepSpaceNetwork\CommunicationDashboard.xaml.cs - Spacecraft CommunicationDashboard: Payload(launched)  -> Refresh Screen Timer Stoped.
2022-01-31 22:51:45,670 [1] INFO C:\Aakash\Internship\Intel\Intel-project-2\SpaceZIntelProject\DeepSpaceNetwork\CommunicationDashboard.xaml.cs - Spacecraft CommunicationDashboard: Payload(launched)  -> Refresh Screen Timer Stoped.
2022-01-31 22:52:18,599 [1] INFO C:\Aakash\Internship\Intel\Intel-project-2\SpaceZIntelProject\DeepSpaceNetwork\MainWindow.xaml.cs - Application started
2022-01-31 22:54:08,739 [1] INFO DeepSpaceNetwork.App -         =============  Started Logging DSN =============        
2022-01-31 22:54:08,795 [1] INFO C:\Aakash\Internship\Intel\Intel-project-2\SpaceZIntelProject\DeepSpaceNetwork\MainWindow.xaml.cs - Application started
2022-01-31 22:54:21,506 [1] INFO C:\Aakash\Internship\Intel\Intel-project-2\SpaceZIntelProject\DeepSpaceNetwork\MainWindow.xaml.cs - Application started
2022-01-31 22:54:25,127 [1] INFO C:\Aakash\Internship\Intel\Intel-project-2\SpaceZIntelProject\DeepSpaceNetwork\MainWindow.xaml.cs - Application started
2022-01-31 22:54:49,239 [1] INFO C:\Aakash\Internship\Intel\Intel-project-2\SpaceZIntelProject\DeepSpaceNetwork\MainWindow.xaml.cs - Application started
2022-01-31 22:55:13,038 [1] INFO C:\Aakash\Internship\Intel\Intel-project-2\SpaceZIntelProject\DeepSpaceNetwork\CommunicationDashboard.xaml.cs - Spacecraft Deorbited: SpaceA
2022-01-31 22:55:15,969 [1] INFO C:\Aakash\Internship\Intel\Intel-project-2\SpaceZIntelProject\DeepSpaceNetwork\CommunicationDashboard.xaml.cs - Spacecraft CommunicationDashboard -> Refresh Screen Timer Stoped.
2022-01-31 22:55:16,159 [1] INFO C:\Aakash\Internship\Intel\Intel-project-2\SpaceZIntelProject\DeepSpaceNetwork\CommunicationDashboard.xaml.cs - Spacecraft CommunicationDashboard -> Refresh Screen Timer Stoped.
2022-01-31 23:00:13,249 [1] INFO DeepSpaceNetwork.App -         =============  Started Logging DSN =============        
2022-01-31 23:00:13,300 [1] INFO C:\Aakash\Internship\Intel\Intel-project-2\SpaceZIntelProject\DeepSpaceNetwork\MainWindow.xaml.cs - Application started
2022-01-31 23:03:06,288 [1] INFO DeepSpaceNetwork.App -         =============  Started Logging DSN =============        
2022-01-31 23:03:06,347 [1] INFO C:\Aakash\Internship\Intel\Intel-project-2\SpaceZIntelProject\DeepSpaceNetwork\MainWindow.xaml.cs - Application started
2022-01-31 23:03:20,752 [1] INFO C:\Aakash\Internship\Intel\Intel-project-2\SpaceZIntelProject\DeepSpaceNetwork\MainWindow.xaml.cs - Application started
2022-01-31 23:03:23,974 [1] INFO C:\Aakash\Internship\Intel\Intel-project-2\SpaceZIntelProject\DeepSpaceNetwork\MainWindow.xaml.cs - Application started
2022-01-31 23:04:02,292 [1] INFO C:\Aakash\Internship\Intel\Intel-project-2\SpaceZIntelProject\DeepSpaceNetwork\MainWindow.xaml.cs - Application started
2022-01-31 23:16:37,313 [1] INFO DeepSpaceNetwork.App -         =============  Started Logging DSN =============        
2022-01-31 23:16:37,376 [1] INFO C:\Aakash\Internship\Intel\Intel-project-2\SpaceZIntelProject\DeepSpaceNetwork\MainWindow.xaml.cs - Application started
2022-01-31 23:16:48,731 [1] INFO C:\Aakash\Internship\Intel\Intel-project-2\SpaceZIntelProject\DeepSpaceNetwork\MainWindow.xaml.cs - Application started
2022-01-31 23:16:58,554 [1] INFO C:\Aakash\Internship\Intel\Intel-project-2\SpaceZIntelProject\DeepSpaceNetwork\CommunicationDashboard.xaml.cs - Launched Payload: GPM
2022-01-31 23:17:23,413 [1] INFO C:\Aakash\Internship\Intel\Intel-project-2\SpaceZIntelProject\DeepSpaceNetwork\MainWindow.xaml.cs - Application started
2022-01-31 23:19:06,072 [1] INFO C:\Aakash\Internship\Intel\Intel-project-2\SpaceZIntelProject\DeepSpaceNetwork\CommunicationDashboard.xaml.cs - Launched Payload: GPM
2022-01-31 23:19:45,802 [1] INFO C:\Aakash\Internship\Intel\Intel-project-2\SpaceZIntelProject\DeepSpaceNetwork\MainWindow.xaml.cs - Application started
2022-01-31 23:22:15,371 [1] INFO DeepSpaceNetwork.App -         =============  Started Logging DSN =============        
2022-01-31 23:22:15,432 [1] INFO C:\Aakash\Internship\Intel\Intel-project-2\SpaceZIntelProject\DeepSpaceNetwork\MainWindow.xaml.cs - Application started
2022-01-31 23:22:18,546 [1] INFO C:\Aakash\Internship\Intel\Intel-project-2\SpaceZIntelProject\DeepSpaceNetwork\MainWindow.xaml.cs - Application started
2022-01-31 23:22:35,456 [1] INFO C:\Aakash\Internship\Intel\Intel-project-2\SpaceZIntelProject\DeepSpaceNetwork\MainWindow.xaml.cs - Application started
2022-01-31 23:23:01,121 [1] INFO C:\Aakash\Internship\Intel\Intel-project-2\SpaceZIntelProject\DeepSpaceNetwork\MainWindow.xaml.cs - Application started
2022-01-31 23:23:11,845 [1] INFO C:\Aakash\Internship\Intel\Intel-project-2\SpaceZIntelProject\DeepSpaceNetwork\CommunicationDashboard.xaml.cs - Spacecraft Deorbited: SpaceA
2022-01-31 23:25:13,370 [1] INFO DeepSpaceNetwork.App -         =============  Started Logging DSN =============        
2022-01-31 23:25:13,424 [1] INFO C:\Aakash\Internship\Intel\Intel-project-2\SpaceZIntelProject\DeepSpaceNetwork\MainWindow.xaml.cs - Application started
2022-01-31 23:25:18,761 [1] INFO C:\Aakash\Internship\Intel\Intel-project-2\SpaceZIntelProject\DeepSpaceNetwork\MainWindow.xaml.cs - Application started
2022-01-31 23:25:49,520 [1] INFO DeepSpaceNetwork.App -         =============  Started Logging DSN =============        
2022-01-31 23:25:49,575 [1] INFO C:\Aakash\Internship\Intel\Intel-project-2\SpaceZIntelProject\DeepSpaceNetwork\MainWindow.xaml.cs - Application started
2022-01-31 23:26:05,229 [1] INFO C:\Aakash\Internship\Intel\Intel-project-2\SpaceZIntelProject\DeepSpaceNetwork\MainWindow.xaml.cs - Application started
2022-01-31 23:26:09,144 [1] INFO C:\Aakash\Internship\Intel\Intel-project-2\SpaceZIntelProject\DeepSpaceNetwork\MainWindow.xaml.cs - Application started
2022-01-31 23:28:32,454 [1] INFO DeepSpaceNetwork.App -         =============  Started Logging DSN =============        
2022-01-31 23:28:32,513 [1] INFO C:\Aakash\Internship\Intel\Intel-project-2\SpaceZIntelProject\DeepSpaceNetwork\MainWindow.xaml.cs - Application started
2022-01-31 23:29:06,323 [1] INFO C:\Aakash\Internship\Intel\Intel-project-2\SpaceZIntelProject\DeepSpaceNetwork\MainWindow.xaml.cs - Application started
2022-01-31 23:29:11,807 [1] INFO C:\Aakash\Internship\Intel\Intel-project-2\SpaceZIntelProject\DeepSpaceNetwork\MainWindow.xaml.cs - Application started
2022-01-31 23:29:45,970 [1] INFO C:\Aakash\Internship\Intel\Intel-project-2\SpaceZIntelProject\DeepSpaceNetwork\MainWindow.xaml.cs - Application started
2022-01-31 23:30:21,774 [1] INFO C:\Aakash\Internship\Intel\Intel-project-2\SpaceZIntelProject\DeepSpaceNetwork\MainWindow.xaml.cs - Application started
2022-01-31 23:31:17,181 [1] INFO C:\Aakash\Internship\Intel\Intel-project-2\SpaceZIntelProject\DeepSpaceNetwork\MainWindow.xaml.cs - Application started
2022-01-31 23:31:21,408 [1] INFO C:\Aakash\Internship\Intel\Intel-project-2\SpaceZIntelProject\DeepSpaceNetwork\CommunicationDashboard.xaml.cs - Launched Payload: GPM
2022-01-31 23:31:31,696 [1] INFO C:\Aakash\Internship\Intel\Intel-project-2\SpaceZIntelProject\DeepSpaceNetwork\MainWindow.xaml.cs - Application started
2022-01-31 23:31:55,747 [1] INFO C:\Aakash\Internship\Intel\Intel-project-2\SpaceZIntelProject\DeepSpaceNetwork\MainWindow.xaml.cs - Application started
2022-01-31 23:32:00,267 [1] INFO C:\Aakash\Internship\Intel\Intel-project-2\SpaceZIntelProject\DeepSpaceNetwork\CommunicationDashboard.xaml.cs - Spacecraft Deorbited: SpaceA
2022-01-31 23:32:08,954 [1] INFO C:\Aakash\Internship\Intel\Intel-project-2\SpaceZIntelProject\DeepSpaceNetwork\MainWindow.xaml.cs - Application started
2022-02-01 01:35:34,380 [1] INFO DeepSpaceNetwork.App -         =============  Started Logging DSN =============        
2022-02-01 01:35:34,435 [1] INFO C:\Aakash\Internship\Intel\Intel-project-2\SpaceZIntelProject\DeepSpaceNetwork\MainWindow.xaml.cs - Application started
2022-02-01 01:35:51,291 [1] INFO C:\Aakash\Internship\Intel\Intel-project-2\SpaceZIntelProject\DeepSpaceNetwork\MainWindow.xaml.cs - Application started
2022-02-01 01:35:54,147 [1] INFO C:\Aakash\Internship\Intel\Intel-project-2\SpaceZIntelProject\DeepSpaceNetwork\MainWindow.xaml.cs - Application started
2022-02-01 01:36:25,991 [1] INFO C:\Aakash\Internship\Intel\Intel-project-2\SpaceZIntelProject\DeepSpaceNetwork\CommunicationDashboard.xaml.cs - Launched Payload: GPM
2022-02-01 01:37:28,212 [1] INFO DeepSpaceNetwork.App -         =============  Started Logging DSN =============        
2022-02-01 01:37:28,266 [1] INFO C:\Aakash\Internship\Intel\Intel-project-2\SpaceZIntelProject\DeepSpaceNetwork\MainWindow.xaml.cs - Application started
2022-02-01 01:37:31,823 [1] INFO C:\Aakash\Internship\Intel\Intel-project-2\SpaceZIntelProject\DeepSpaceNetwork\MainWindow.xaml.cs - Application started
2022-02-01 01:59:05,430 [1] INFO DeepSpaceNetwork.App -         =============  Started Logging DSN =============        
2022-02-01 01:59:05,513 [1] INFO C:\Aakash\Internship\Intel\Intel-project-2\SpaceZIntelProject\DeepSpaceNetwork\MainWindow.xaml.cs - Application started
2022-02-01 01:59:12,000 [1] INFO C:\Aakash\Internship\Intel\Intel-project-2\SpaceZIntelProject\DeepSpaceNetwork\MainWindow.xaml.cs - Application started
2022-02-01 01:59:53,259 [1] INFO C:\Aakash\Internship\Intel\Intel-project-2\SpaceZIntelProject\DeepSpaceNetwork\MainWindow.xaml.cs - Application started
2022-02-01 02:01:01,187 [1] INFO DeepSpaceNetwork.App -         =============  Started Logging DSN =============        
2022-02-01 02:01:01,250 [1] INFO C:\Aakash\Internship\Intel\Intel-project-2\SpaceZIntelProject\DeepSpaceNetwork\MainWindow.xaml.cs - Application started
2022-02-01 02:01:06,816 [1] INFO C:\Aakash\Internship\Intel\Intel-project-2\SpaceZIntelProject\DeepSpaceNetwork\MainWindow.xaml.cs - Application started
2022-02-01 02:01:22,371 [1] INFO C:\Aakash\Internship\Intel\Intel-project-2\SpaceZIntelProject\DeepSpaceNetwork\CommunicationDashboard.xaml.cs - Spacecraft Deorbited: SpaceA
2022-02-01 02:01:31,287 [1] INFO C:\Aakash\Internship\Intel\Intel-project-2\SpaceZIntelProject\DeepSpaceNetwork\MainWindow.xaml.cs - Application started
2022-02-01 02:05:00,866 [1] INFO DeepSpaceNetwork.App -         =============  Started Logging DSN =============        
2022-02-01 02:05:00,925 [1] INFO C:\Aakash\Internship\Intel\Intel-project-2\SpaceZIntelProject\DeepSpaceNetwork\MainWindow.xaml.cs - Application started
2022-02-01 02:05:07,739 [1] INFO C:\Aakash\Internship\Intel\Intel-project-2\SpaceZIntelProject\DeepSpaceNetwork\MainWindow.xaml.cs - Application started
2022-02-01 02:06:35,179 [1] INFO C:\Aakash\Internship\Intel\Intel-project-2\SpaceZIntelProject\DeepSpaceNetwork\MainWindow.xaml.cs - Application started
2022-02-01 02:08:43,932 [1] INFO DeepSpaceNetwork.App -         =============  Started Logging DSN =============        
2022-02-01 02:08:43,993 [1] INFO C:\Aakash\Internship\Intel\Intel-project-2\SpaceZIntelProject\DeepSpaceNetwork\MainWindow.xaml.cs - Application started
2022-02-01 02:08:46,395 [1] INFO C:\Aakash\Internship\Intel\Intel-project-2\SpaceZIntelProject\DeepSpaceNetwork\MainWindow.xaml.cs - Application started
2022-02-01 02:08:59,144 [1] INFO C:\Aakash\Internship\Intel\Intel-project-2\SpaceZIntelProject\DeepSpaceNetwork\MainWindow.xaml.cs - Application started
2022-02-01 02:09:05,104 [1] INFO C:\Aakash\Internship\Intel\Intel-project-2\SpaceZIntelProject\DeepSpaceNetwork\MainWindow.xaml.cs - Application started
2022-02-01 02:09:34,282 [1] INFO C:\Aakash\Internship\Intel\Intel-project-2\SpaceZIntelProject\DeepSpaceNetwork\CommunicationDashboard.xaml.cs - Launched Payload: GPM
2022-02-01 02:15:07,945 [1] INFO DeepSpaceNetwork.App -         =============  Started Logging DSN =============        
2022-02-01 02:15:08,023 [1] INFO C:\Aakash\Internship\Intel\Intel-project-2\SpaceZIntelProject\DeepSpaceNetwork\MainWindow.xaml.cs - Application started
2022-02-01 02:15:19,287 [1] INFO C:\Aakash\Internship\Intel\Intel-project-2\SpaceZIntelProject\DeepSpaceNetwork\MainWindow.xaml.cs - Application started
2022-02-01 02:15:50,423 [1] INFO DeepSpaceNetwork.App -         =============  Started Logging DSN =============        
2022-02-01 02:15:50,546 [1] INFO C:\Aakash\Internship\Intel\Intel-project-2\SpaceZIntelProject\DeepSpaceNetwork\MainWindow.xaml.cs - Application started
2022-02-01 02:16:38,436 [1] INFO DeepSpaceNetwork.App -         =============  Started Logging DSN =============        
2022-02-01 02:16:38,495 [1] INFO C:\Aakash\Internship\Intel\Intel-project-2\SpaceZIntelProject\DeepSpaceNetwork\MainWindow.xaml.cs - Application started
2022-02-01 02:16:41,758 [1] INFO C:\Aakash\Internship\Intel\Intel-project-2\SpaceZIntelProject\DeepSpaceNetwork\MainWindow.xaml.cs - Application started
2022-02-01 02:27:33,755 [1] INFO DeepSpaceNetwork.App -         =============  Started Logging DSN =============        
2022-02-01 02:27:33,823 [1] INFO C:\Aakash\Internship\Intel\Intel-project-2\SpaceZIntelProject\DeepSpaceNetwork\MainWindow.xaml.cs - Application started
2022-02-01 02:29:29,123 [1] INFO C:\Aakash\Internship\Intel\Intel-project-2\SpaceZIntelProject\DeepSpaceNetwork\MainWindow.xaml.cs - Application started
2022-02-01 02:29:36,534 [1] INFO C:\Aakash\Internship\Intel\Intel-project-2\SpaceZIntelProject\DeepSpaceNetwork\MainWindow.xaml.cs - Application started
2022-02-01 02:29:44,295 [1] INFO C:\Aakash\Internship\Intel\Intel-project-2\SpaceZIntelProject\DeepSpaceNetwork\MainWindow.xaml.cs - Application started
2022-02-01 02:29:48,776 [1] INFO C:\Aakash\Internship\Intel\Intel-project-2\SpaceZIntelProject\DeepSpaceNetwork\MainWindow.xaml.cs - Application started
2022-02-01 02:29:56,568 [1] INFO C:\Aakash\Internship\Intel\Intel-project-2\SpaceZIntelProject\DeepSpaceNetwork\MainWindow.xaml.cs - Application started
2022-02-01 02:30:04,497 [1] INFO C:\Aakash\Internship\Intel\Intel-project-2\SpaceZIntelProject\DeepSpaceNetwork\MainWindow.xaml.cs - Application started
2022-02-01 02:30:40,972 [1] INFO C:\Aakash\Internship\Intel\Intel-project-2\SpaceZIntelProject\DeepSpaceNetwork\CommunicationDashboard.xaml.cs - Launched Payload: GPM
2022-02-01 02:30:59,357 [1] INFO C:\Aakash\Internship\Intel\Intel-project-2\SpaceZIntelProject\DeepSpaceNetwork\CommunicationDashboard.xaml.cs - Launched Payload: TDRS-11
2022-02-01 02:31:28,881 [1] INFO C:\Aakash\Internship\Intel\Intel-project-2\SpaceZIntelProject\DeepSpaceNetwork\CommunicationDashboard.xaml.cs - Launched Payload: RO-245
2022-02-01 02:34:01,960 [1] INFO C:\Aakash\Internship\Intel\Intel-project-2\SpaceZIntelProject\DeepSpaceNetwork\MainWindow.xaml.cs - Application started
2022-02-01 02:34:11,203 [1] INFO C:\Aakash\Internship\Intel\Intel-project-2\SpaceZIntelProject\DeepSpaceNetwork\CommunicationDashboard.xaml.cs - Spacecraft Deorbited: Bird-9
2022-02-01 02:34:20,131 [1] INFO C:\Aakash\Internship\Intel\Intel-project-2\SpaceZIntelProject\DeepSpaceNetwork\MainWindow.xaml.cs - Application started
2022-02-01 02:34:22,650 [1] INFO C:\Aakash\Internship\Intel\Intel-project-2\SpaceZIntelProject\DeepSpaceNetwork\MainWindow.xaml.cs - Application started
2022-02-01 02:34:26,612 [1] INFO C:\Aakash\Internship\Intel\Intel-project-2\SpaceZIntelProject\DeepSpaceNetwork\CommunicationDashboard.xaml.cs - Spacecraft Deorbited: Bird-Heavy
2022-02-01 02:34:33,724 [1] INFO C:\Aakash\Internship\Intel\Intel-project-2\SpaceZIntelProject\DeepSpaceNetwork\MainWindow.xaml.cs - Application started
2022-02-01 02:35:16,740 [1] INFO C:\Aakash\Internship\Intel\Intel-project-2\SpaceZIntelProject\DeepSpaceNetwork\MainWindow.xaml.cs - Application started
2022-02-01 02:35:22,668 [1] INFO C:\Aakash\Internship\Intel\Intel-project-2\SpaceZIntelProject\DeepSpaceNetwork\MainWindow.xaml.cs - Application started
2022-02-01 02:35:29,733 [1] INFO C:\Aakash\Internship\Intel\Intel-project-2\SpaceZIntelProject\DeepSpaceNetwork\MainWindow.xaml.cs - Application started
2022-02-01 02:35:32,550 [1] INFO C:\Aakash\Internship\Intel\Intel-project-2\SpaceZIntelProject\DeepSpaceNetwork\MainWindow.xaml.cs - Application started
2022-02-01 02:35:55,477 [1] INFO C:\Aakash\Internship\Intel\Intel-project-2\SpaceZIntelProject\DeepSpaceNetwork\MainWindow.xaml.cs - Application started
2022-02-01 02:36:31,999 [1] INFO C:\Aakash\Internship\Intel\Intel-project-2\SpaceZIntelProject\DeepSpaceNetwork\CommunicationDashboard.xaml.cs - Spacecraft Deorbited: Hawk-Heavy
2022-02-01 10:35:19,437 [1] INFO DeepSpaceNetwork.App -         =============  Started Logging DSN =============        
2022-02-01 10:35:20,026 [1] INFO C:\Aakash\Internship\Intel\Intel-project-2\SpaceZIntelProject\DeepSpaceNetwork\MainWindow.xaml.cs - Application started
2022-02-01 10:35:26,803 [1] INFO C:\Aakash\Internship\Intel\Intel-project-2\SpaceZIntelProject\DeepSpaceNetwork\MainWindow.xaml.cs - Application started
2022-02-01 10:35:48,714 [1] INFO C:\Aakash\Internship\Intel\Intel-project-2\SpaceZIntelProject\DeepSpaceNetwork\MainWindow.xaml.cs - Application started
2022-02-01 10:35:52,578 [1] INFO C:\Aakash\Internship\Intel\Intel-project-2\SpaceZIntelProject\DeepSpaceNetwork\MainWindow.xaml.cs - Application started
2022-02-01 10:36:23,072 [1] INFO C:\Aakash\Internship\Intel\Intel-project-2\SpaceZIntelProject\DeepSpaceNetwork\MainWindow.xaml.cs - Application started
2022-02-01 10:37:55,487 [1] INFO C:\Aakash\Internship\Intel\Intel-project-2\SpaceZIntelProject\DeepSpaceNetwork\MainWindow.xaml.cs - Application started
2022-02-01 10:38:02,436 [1] INFO C:\Aakash\Internship\Intel\Intel-project-2\SpaceZIntelProject\DeepSpaceNetwork\CommunicationDashboard.xaml.cs - Launched Payload: GPM
2022-02-01 10:38:10,545 [1] INFO C:\Aakash\Internship\Intel\Intel-project-2\SpaceZIntelProject\DeepSpaceNetwork\MainWindow.xaml.cs - Application started
2022-02-01 10:38:51,646 [1] INFO C:\Aakash\Internship\Intel\Intel-project-2\SpaceZIntelProject\DeepSpaceNetwork\PayloadCommunicationSystem.xaml.cs - Process already running: GPM
2022-02-01 10:38:51,650 [1] INFO C:\Aakash\Internship\Intel\Intel-project-2\SpaceZIntelProject\DeepSpaceNetwork\MainWindow.xaml.cs - Application started
2022-02-01 10:40:18,042 [1] INFO C:\Aakash\Internship\Intel\Intel-project-2\SpaceZIntelProject\DeepSpaceNetwork\PayloadCommunicationSystem.xaml.cs - Process already running: GPM
2022-02-01 10:40:18,044 [1] INFO C:\Aakash\Internship\Intel\Intel-project-2\SpaceZIntelProject\DeepSpaceNetwork\MainWindow.xaml.cs - Application started
2022-02-01 11:00:23,828 [1] INFO DeepSpaceNetwork.App -         =============  Started Logging DSN =============        
2022-02-01 11:00:23,885 [1] INFO C:\Aakash\Internship\Intel\Intel-project-2\SpaceZIntelProject\DeepSpaceNetwork\MainWindow.xaml.cs - Application started
2022-02-01 11:01:13,694 [1] ERROR C:\Aakash\Internship\Intel\Intel-project-2\SpaceZIntelProject\DeepSpaceNetwork\LaunchSpacecraft.xaml.cs - Launch_Spacecraft() error
System.Exception: Please select one from available spacecraft.
   at DeepSpaceNetwork.LaunchSpacecraft.Launch_Spacecraft(Object sender, RoutedEventArgs e) in C:\Aakash\Internship\Intel\Intel-project-2\SpaceZIntelProject\DeepSpaceNetwork\LaunchSpacecraft.xaml.cs:line 77
2022-02-01 11:01:16,396 [1] INFO C:\Aakash\Internship\Intel\Intel-project-2\SpaceZIntelProject\DeepSpaceNetwork\MainWindow.xaml.cs - Application started
2022-02-01 11:01:19,913 [1] INFO C:\Aakash\Internship\Intel\Intel-project-2\SpaceZIntelProject\DeepSpaceNetwork\MainWindow.xaml.cs - Application started
2022-02-01 11:05:58,484 [1] INFO DeepSpaceNetwork.App -         =============  Started Logging DSN =============        
2022-02-01 11:05:58,541 [1] INFO C:\Aakash\Internship\Intel\Intel-project-2\SpaceZIntelProject\DeepSpaceNetwork\MainWindow.xaml.cs - Application started
2022-02-01 11:06:00,416 [1] INFO C:\Aakash\Internship\Intel\Intel-project-2\SpaceZIntelProject\DeepSpaceNetwork\MainWindow.xaml.cs - Application started
2022-02-01 11:06:03,322 [1] INFO C:\Aakash\Internship\Intel\Intel-project-2\SpaceZIntelProject\DeepSpaceNetwork\MainWindow.xaml.cs - Application started
2022-02-01 11:06:06,640 [1] INFO C:\Aakash\Internship\Intel\Intel-project-2\SpaceZIntelProject\DeepSpaceNetwork\CommunicationDashboard.xaml.cs - Launched Payload: TDRS-11
2022-02-01 11:06:15,629 [1] INFO C:\Aakash\Internship\Intel\Intel-project-2\SpaceZIntelProject\DeepSpaceNetwork\MainWindow.xaml.cs - Application started
2022-02-01 11:07:08,553 [1] INFO C:\Aakash\Internship\Intel\Intel-project-2\SpaceZIntelProject\DeepSpaceNetwork\MainWindow.xaml.cs - Application started
2022-02-01 11:07:13,416 [1] INFO C:\Aakash\Internship\Intel\Intel-project-2\SpaceZIntelProject\DeepSpaceNetwork\MainWindow.xaml.cs - Application started
2022-02-01 11:07:45,580 [1] INFO C:\Aakash\Internship\Intel\Intel-project-2\SpaceZIntelProject\DeepSpaceNetwork\CommunicationDashboard.xaml.cs - Launched Payload: RO-245
2022-02-01 11:08:34,871 [1] INFO C:\Aakash\Internship\Intel\Intel-project-2\SpaceZIntelProject\DeepSpaceNetwork\PayloadCommunicationSystem.xaml.cs - Process already running: RO-245
2022-02-01 11:08:34,873 [1] INFO C:\Aakash\Internship\Intel\Intel-project-2\SpaceZIntelProject\DeepSpaceNetwork\MainWindow.xaml.cs - Application started
2022-02-01 11:24:32,235 [1] INFO DeepSpaceNetwork.App -         =============  Started Logging DSN =============        
2022-02-01 11:24:32,291 [1] INFO C:\Aakash\Internship\Intel\Intel-project-2\SpaceZIntelProject\DeepSpaceNetwork\MainWindow.xaml.cs - Application started
2022-02-01 11:25:20,000 [1] INFO DeepSpaceNetwork.App -         =============  Started Logging DSN =============        
2022-02-01 11:25:20,052 [1] INFO C:\Aakash\Internship\Intel\Intel-project-2\SpaceZIntelProject\DeepSpaceNetwork\MainWindow.xaml.cs - Application started
2022-02-01 11:25:35,384 [1] INFO C:\Aakash\Internship\Intel\Intel-project-2\SpaceZIntelProject\DeepSpaceNetwork\MainWindow.xaml.cs - Application started
2022-02-01 11:25:40,645 [1] INFO C:\Aakash\Internship\Intel\Intel-project-2\SpaceZIntelProject\DeepSpaceNetwork\MainWindow.xaml.cs - Application started
2022-02-01 11:26:03,762 [1] INFO C:\Aakash\Internship\Intel\Intel-project-2\SpaceZIntelProject\DeepSpaceNetwork\CommunicationDashboard.xaml.cs - Launched Payload: TDRS-11
2022-02-01 11:26:16,658 [1] INFO C:\Aakash\Internship\Intel\Intel-project-2\SpaceZIntelProject\DeepSpaceNetwork\PayloadCommunicationSystem.xaml.cs - Process already running: TDRS-11
2022-02-01 11:26:16,661 [1] INFO C:\Aakash\Internship\Intel\Intel-project-2\SpaceZIntelProject\DeepSpaceNetwork\MainWindow.xaml.cs - Application started
2022-02-01 11:27:43,892 [1] INFO C:\Aakash\Internship\Intel\Intel-project-2\SpaceZIntelProject\DeepSpaceNetwork\MainWindow.xaml.cs - Application started
2022-02-01 11:28:12,036 [1] INFO C:\Aakash\Internship\Intel\Intel-project-2\SpaceZIntelProject\DeepSpaceNetwork\CommunicationDashboard.xaml.cs - Spacecraft Deorbited: SpaceA
