2022-01-26 00:45:55,390 [1] INFO DeepSpaceNetwork.App -         =============  Started Logging  =============        
2022-01-26 00:45:55,475 [1] INFO DeepSpaceNetwork.MainWindow - Application started
2022-01-26 00:50:12,182 [1] INFO DeepSpaceNetwork.App -         =============  Started Logging  =============        
2022-01-26 00:50:12,243 [1] INFO DeepSpaceNetwork.MainWindow - Application started
2022-01-26 01:40:10,919 [1] INFO DeepSpaceNetwork.App -         =============  Started Logging DSN =============        
2022-01-26 01:40:10,980 [1] INFO C:\Aakash\Internship\Intel\Intel-project-2\SpaceZIntelProject\DeepSpaceNetwork\MainWindow.xaml.cs - Application started
2022-01-26 01:40:55,220 [1] INFO DeepSpaceNetwork.App -         =============  Started Logging DSN =============        
2022-01-26 01:40:55,304 [1] INFO C:\Aakash\Internship\Intel\Intel-project-2\SpaceZIntelProject\DeepSpaceNetwork\MainWindow.xaml.cs - Application started
2022-01-26 13:32:18,872 [1] INFO DeepSpaceNetwork.App -         =============  Started Logging DSN =============        
2022-01-26 13:32:19,069 [1] INFO C:\Aakash\Internship\Intel\Intel-project-2\SpaceZIntelProject\DeepSpaceNetwork\MainWindow.xaml.cs - Application started
2022-01-26 13:59:03,756 [1] INFO DeepSpaceNetwork.App -         =============  Started Logging DSN =============        
2022-01-26 13:59:04,277 [1] INFO C:\Aakash\Internship\Intel\Intel-project-2\SpaceZIntelProject\DeepSpaceNetwork\MainWindow.xaml.cs - Application started
2022-01-26 14:00:32,049 [1] INFO DeepSpaceNetwork.App -         =============  Started Logging DSN =============        
2022-01-26 14:00:32,108 [1] INFO C:\Aakash\Internship\Intel\Intel-project-2\SpaceZIntelProject\DeepSpaceNetwork\MainWindow.xaml.cs - Application started
2022-01-26 14:00:36,496 [1] ERROR C:\Aakash\Internship\Intel\Intel-project-2\SpaceZIntelProject\DeepSpaceNetwork\DSNDashboard.xaml.cs - Error in Get_Spacecraft_details() Event.
System.Exception: Please select one item from either list.
   at DeepSpaceNetwork.DSNDashboard.Get_Spacecraft_details(Object sender, RoutedEventArgs e) in C:\Aakash\Internship\Intel\Intel-project-2\SpaceZIntelProject\DeepSpaceNetwork\DSNDashboard.xaml.cs:line 75
2022-01-26 21:17:39,571 [1] INFO DeepSpaceNetwork.App -         =============  Started Logging DSN =============        
2022-01-26 21:17:39,638 [1] INFO C:\Aakash\Internship\Intel\Intel-project-2\SpaceZIntelProject\DeepSpaceNetwork\MainWindow.xaml.cs - Application started
2022-01-26 21:19:55,218 [1] INFO DeepSpaceNetwork.App -         =============  Started Logging DSN =============        
2022-01-26 21:19:55,313 [1] INFO C:\Aakash\Internship\Intel\Intel-project-2\SpaceZIntelProject\DeepSpaceNetwork\MainWindow.xaml.cs - Application started
2022-01-26 21:20:04,783 [1] ERROR C:\Aakash\Internship\Intel\Intel-project-2\SpaceZIntelProject\DeepSpaceNetwork\LaunchSpacecraft.xaml.cs - Launch_Spacecraft() error
System.ComponentModel.Win32Exception (0x80004005): The system cannot find the file specified
   at System.Diagnostics.Process.StartWithShellExecuteEx(ProcessStartInfo startInfo)
   at System.Diagnostics.Process.Start()
   at DeepSpaceNetwork.LaunchSpacecraft.Launch_Spacecraft(Object sender, RoutedEventArgs e) in C:\Aakash\Internship\Intel\Intel-project-2\SpaceZIntelProject\DeepSpaceNetwork\LaunchSpacecraft.xaml.cs:line 77
2022-01-26 21:21:52,910 [1] INFO DeepSpaceNetwork.App -         =============  Started Logging DSN =============        
2022-01-26 21:21:52,967 [1] INFO C:\Aakash\Internship\Intel\Intel-project-2\SpaceZIntelProject\DeepSpaceNetwork\MainWindow.xaml.cs - Application started
2022-01-26 21:21:57,690 [1] ERROR C:\Aakash\Internship\Intel\Intel-project-2\SpaceZIntelProject\DeepSpaceNetwork\LaunchSpacecraft.xaml.cs - Launch_Spacecraft() error
System.ComponentModel.Win32Exception (0x80004005): The system cannot find the file specified
   at System.Diagnostics.Process.StartWithShellExecuteEx(ProcessStartInfo startInfo)
   at System.Diagnostics.Process.Start()
   at DeepSpaceNetwork.LaunchSpacecraft.Launch_Spacecraft(Object sender, RoutedEventArgs e) in C:\Aakash\Internship\Intel\Intel-project-2\SpaceZIntelProject\DeepSpaceNetwork\LaunchSpacecraft.xaml.cs:line 78
2022-01-26 21:23:00,858 [1] INFO DeepSpaceNetwork.App -         =============  Started Logging DSN =============        
2022-01-26 21:23:00,919 [1] INFO C:\Aakash\Internship\Intel\Intel-project-2\SpaceZIntelProject\DeepSpaceNetwork\MainWindow.xaml.cs - Application started
2022-01-26 21:23:35,686 [1] INFO DeepSpaceNetwork.App -         =============  Started Logging DSN =============        
2022-01-26 21:23:35,770 [1] INFO C:\Aakash\Internship\Intel\Intel-project-2\SpaceZIntelProject\DeepSpaceNetwork\MainWindow.xaml.cs - Application started
2022-01-26 21:24:42,789 [1] INFO DeepSpaceNetwork.App -         =============  Started Logging DSN =============        
2022-01-26 21:24:42,866 [1] INFO C:\Aakash\Internship\Intel\Intel-project-2\SpaceZIntelProject\DeepSpaceNetwork\MainWindow.xaml.cs - Application started
2022-01-26 21:26:07,179 [1] INFO DeepSpaceNetwork.App -         =============  Started Logging DSN =============        
2022-01-26 21:26:07,261 [1] INFO C:\Aakash\Internship\Intel\Intel-project-2\SpaceZIntelProject\DeepSpaceNetwork\MainWindow.xaml.cs - Application started
2022-01-26 21:26:28,899 [1] INFO DeepSpaceNetwork.App -         =============  Started Logging DSN =============        
2022-01-26 21:26:28,959 [1] INFO C:\Aakash\Internship\Intel\Intel-project-2\SpaceZIntelProject\DeepSpaceNetwork\MainWindow.xaml.cs - Application started
2022-01-26 21:39:18,227 [1] INFO DeepSpaceNetwork.App -         =============  Started Logging DSN =============        
2022-01-26 21:39:18,285 [1] INFO C:\Aakash\Internship\Intel\Intel-project-2\SpaceZIntelProject\DeepSpaceNetwork\MainWindow.xaml.cs - Application started
2022-01-26 21:39:29,027 [1] INFO C:\Aakash\Internship\Intel\Intel-project-2\SpaceZIntelProject\DeepSpaceNetwork\MainWindow.xaml.cs - Application started
2022-01-26 21:51:56,948 [1] INFO DeepSpaceNetwork.App -         =============  Started Logging DSN =============        
2022-01-26 21:51:57,010 [1] INFO C:\Aakash\Internship\Intel\Intel-project-2\SpaceZIntelProject\DeepSpaceNetwork\MainWindow.xaml.cs - Application started
2022-01-26 21:52:58,975 [1] INFO DeepSpaceNetwork.App -         =============  Started Logging DSN =============        
2022-01-26 21:52:59,040 [1] INFO C:\Aakash\Internship\Intel\Intel-project-2\SpaceZIntelProject\DeepSpaceNetwork\MainWindow.xaml.cs - Application started
2022-01-26 21:53:15,585 [1] ERROR C:\Aakash\Internship\Intel\Intel-project-2\SpaceZIntelProject\DeepSpaceNetwork\LaunchSpacecraft.xaml.cs - Launch_Spacecraft() error
System.Exception: Please select one from available spacecraft.
   at DeepSpaceNetwork.LaunchSpacecraft.Launch_Spacecraft(Object sender, RoutedEventArgs e) in C:\Aakash\Internship\Intel\Intel-project-2\SpaceZIntelProject\DeepSpaceNetwork\LaunchSpacecraft.xaml.cs:line 74
2022-01-27 12:08:06,803 [1] INFO DeepSpaceNetwork.App -         =============  Started Logging DSN =============        
2022-01-27 12:08:06,860 [1] INFO C:\Aakash\Internship\Intel\Intel-project-2\SpaceZIntelProject\DeepSpaceNetwork\MainWindow.xaml.cs - Application started
2022-01-27 12:40:51,908 [1] INFO DeepSpaceNetwork.App -         =============  Started Logging DSN =============        
2022-01-27 12:40:51,976 [1] INFO C:\Aakash\Internship\Intel\Intel-project-2\SpaceZIntelProject\DeepSpaceNetwork\MainWindow.xaml.cs - Application started
2022-01-27 12:40:57,425 [1] INFO C:\Aakash\Internship\Intel\Intel-project-2\SpaceZIntelProject\DeepSpaceNetwork\MainWindow.xaml.cs - Application started
2022-01-27 12:41:43,703 [1] INFO DeepSpaceNetwork.App -         =============  Started Logging DSN =============        
2022-01-27 12:41:43,778 [1] INFO C:\Aakash\Internship\Intel\Intel-project-2\SpaceZIntelProject\DeepSpaceNetwork\MainWindow.xaml.cs - Application started
2022-01-27 12:43:33,054 [1] INFO DeepSpaceNetwork.App -         =============  Started Logging DSN =============        
2022-01-27 12:43:33,105 [1] INFO C:\Aakash\Internship\Intel\Intel-project-2\SpaceZIntelProject\DeepSpaceNetwork\MainWindow.xaml.cs - Application started
2022-01-27 12:43:35,066 [1] INFO C:\Aakash\Internship\Intel\Intel-project-2\SpaceZIntelProject\DeepSpaceNetwork\MainWindow.xaml.cs - Application started
2022-01-27 12:43:41,807 [1] INFO DeepSpaceNetwork.App -         =============  Started Logging DSN =============        
2022-01-27 12:43:41,858 [1] INFO C:\Aakash\Internship\Intel\Intel-project-2\SpaceZIntelProject\DeepSpaceNetwork\MainWindow.xaml.cs - Application started
2022-01-27 12:43:43,652 [1] INFO C:\Aakash\Internship\Intel\Intel-project-2\SpaceZIntelProject\DeepSpaceNetwork\MainWindow.xaml.cs - Application started
2022-01-27 13:19:44,573 [1] INFO DeepSpaceNetwork.App -         =============  Started Logging DSN =============        
2022-01-27 13:19:44,630 [1] INFO C:\Aakash\Internship\Intel\Intel-project-2\SpaceZIntelProject\DeepSpaceNetwork\MainWindow.xaml.cs - Application started
2022-01-27 13:19:48,637 [1] INFO C:\Aakash\Internship\Intel\Intel-project-2\SpaceZIntelProject\DeepSpaceNetwork\MainWindow.xaml.cs - Application started
2022-01-27 13:19:59,275 [1] INFO C:\Aakash\Internship\Intel\Intel-project-2\SpaceZIntelProject\DeepSpaceNetwork\MainWindow.xaml.cs - Application started
2022-01-27 13:26:29,569 [1] INFO DeepSpaceNetwork.App -         =============  Started Logging DSN =============        
2022-01-27 13:26:29,624 [1] INFO C:\Aakash\Internship\Intel\Intel-project-2\SpaceZIntelProject\DeepSpaceNetwork\MainWindow.xaml.cs - Application started
2022-01-27 13:27:20,687 [1] INFO DeepSpaceNetwork.App -         =============  Started Logging DSN =============        
2022-01-27 13:27:20,738 [1] INFO C:\Aakash\Internship\Intel\Intel-project-2\SpaceZIntelProject\DeepSpaceNetwork\MainWindow.xaml.cs - Application started
2022-01-27 13:51:31,549 [1] INFO DeepSpaceNetwork.App -         =============  Started Logging DSN =============        
2022-01-27 13:51:31,609 [1] INFO C:\Aakash\Internship\Intel\Intel-project-2\SpaceZIntelProject\DeepSpaceNetwork\MainWindow.xaml.cs - Application started
2022-01-27 13:53:41,416 [1] INFO DeepSpaceNetwork.App -         =============  Started Logging DSN =============        
2022-01-27 13:53:41,467 [1] INFO C:\Aakash\Internship\Intel\Intel-project-2\SpaceZIntelProject\DeepSpaceNetwork\MainWindow.xaml.cs - Application started
2022-01-27 13:55:31,507 [1] INFO DeepSpaceNetwork.App -         =============  Started Logging DSN =============        
2022-01-27 13:55:31,602 [1] INFO C:\Aakash\Internship\Intel\Intel-project-2\SpaceZIntelProject\DeepSpaceNetwork\MainWindow.xaml.cs - Application started
2022-01-27 14:00:35,509 [1] INFO DeepSpaceNetwork.App -         =============  Started Logging DSN =============        
2022-01-27 14:00:35,564 [1] INFO C:\Aakash\Internship\Intel\Intel-project-2\SpaceZIntelProject\DeepSpaceNetwork\MainWindow.xaml.cs - Application started
2022-01-27 14:01:54,490 [1] INFO DeepSpaceNetwork.App -         =============  Started Logging DSN =============        
2022-01-27 14:01:54,554 [1] INFO C:\Aakash\Internship\Intel\Intel-project-2\SpaceZIntelProject\DeepSpaceNetwork\MainWindow.xaml.cs - Application started
2022-01-27 15:55:01,484 [1] INFO DeepSpaceNetwork.App -         =============  Started Logging DSN =============        
2022-01-27 15:55:01,688 [1] INFO C:\Aakash\Internship\Intel\Intel-project-2\SpaceZIntelProject\DeepSpaceNetwork\MainWindow.xaml.cs - Application started
2022-01-27 16:41:57,706 [1] INFO DeepSpaceNetwork.App -         =============  Started Logging DSN =============        
2022-01-27 16:41:57,810 [1] INFO C:\Aakash\Internship\Intel\Intel-project-2\SpaceZIntelProject\DeepSpaceNetwork\MainWindow.xaml.cs - Application started
2022-01-27 16:42:12,399 [1] INFO C:\Aakash\Internship\Intel\Intel-project-2\SpaceZIntelProject\DeepSpaceNetwork\MainWindow.xaml.cs - Application started
2022-01-27 16:42:46,393 [1] INFO C:\Aakash\Internship\Intel\Intel-project-2\SpaceZIntelProject\DeepSpaceNetwork\MainWindow.xaml.cs - Application started
2022-01-28 12:49:44,982 [1] INFO DeepSpaceNetwork.App -         =============  Started Logging DSN =============        
2022-01-28 12:49:45,053 [1] INFO C:\Aakash\Internship\Intel\Intel-project-2\SpaceZIntelProject\DeepSpaceNetwork\MainWindow.xaml.cs - Application started
2022-01-28 12:50:07,442 [1] INFO C:\Aakash\Internship\Intel\Intel-project-2\SpaceZIntelProject\DeepSpaceNetwork\MainWindow.xaml.cs - Application started
2022-01-28 13:21:23,098 [1] INFO DeepSpaceNetwork.App -         =============  Started Logging DSN =============        
2022-01-28 13:21:23,148 [1] INFO C:\Aakash\Internship\Intel\Intel-project-2\SpaceZIntelProject\DeepSpaceNetwork\MainWindow.xaml.cs - Application started
2022-01-28 13:21:46,615 [1] INFO C:\Aakash\Internship\Intel\Intel-project-2\SpaceZIntelProject\DeepSpaceNetwork\MainWindow.xaml.cs - Application started
2022-01-28 14:03:48,426 [1] INFO DeepSpaceNetwork.App -         =============  Started Logging DSN =============        
2022-01-28 14:03:48,480 [1] INFO C:\Aakash\Internship\Intel\Intel-project-2\SpaceZIntelProject\DeepSpaceNetwork\MainWindow.xaml.cs - Application started
2022-01-28 14:04:09,210 [1] INFO C:\Aakash\Internship\Intel\Intel-project-2\SpaceZIntelProject\DeepSpaceNetwork\MainWindow.xaml.cs - Application started
2022-01-28 14:04:54,627 [1] INFO C:\Aakash\Internship\Intel\Intel-project-2\SpaceZIntelProject\DeepSpaceNetwork\MainWindow.xaml.cs - Application started
2022-01-28 14:18:52,769 [1] INFO DeepSpaceNetwork.App -         =============  Started Logging DSN =============        
2022-01-28 14:18:52,832 [1] INFO C:\Aakash\Internship\Intel\Intel-project-2\SpaceZIntelProject\DeepSpaceNetwork\MainWindow.xaml.cs - Application started
2022-01-28 14:18:57,590 [1] INFO C:\Aakash\Internship\Intel\Intel-project-2\SpaceZIntelProject\DeepSpaceNetwork\MainWindow.xaml.cs - Application started
2022-01-28 14:19:48,265 [1] INFO C:\Aakash\Internship\Intel\Intel-project-2\SpaceZIntelProject\DeepSpaceNetwork\MainWindow.xaml.cs - Application started
2022-01-28 14:20:50,719 [1] INFO C:\Aakash\Internship\Intel\Intel-project-2\SpaceZIntelProject\DeepSpaceNetwork\MainWindow.xaml.cs - Application started
2022-01-28 20:13:38,729 [1] INFO DeepSpaceNetwork.App -         =============  Started Logging DSN =============        
2022-01-28 20:13:38,783 [1] INFO C:\Aakash\Internship\Intel\Intel-project-2\SpaceZIntelProject\DeepSpaceNetwork\MainWindow.xaml.cs - Application started
2022-01-28 20:13:45,114 [1] ERROR C:\Aakash\Internship\Intel\Intel-project-2\SpaceZIntelProject\DeepSpaceNetwork\DSNDashboard.xaml.cs - Failed to GetAllSpacecraft()
System.ServiceModel.EndpointNotFoundException: There was no endpoint listening at http://localhost:11997/Service1.svc that could accept the message. This is often caused by an incorrect address or SOAP action. See InnerException, if present, for more details. ---> System.Net.WebException: Unable to connect to the remote server ---> System.Net.Sockets.SocketException: No connection could be made because the target machine actively refused it 127.0.0.1:11997
   at System.Net.Sockets.Socket.DoConnect(EndPoint endPointSnapshot, SocketAddress socketAddress)
   at System.Net.ServicePoint.ConnectSocketInternal(Boolean connectFailure, Socket s4, Socket s6, Socket& socket, IPAddress& address, ConnectSocketState state, IAsyncResult asyncResult, Exception& exception)
   --- End of inner exception stack trace ---
   at System.Net.HttpWebRequest.GetRequestStream(TransportContext& context)
   at System.Net.HttpWebRequest.GetRequestStream()
   at System.ServiceModel.Channels.HttpOutput.WebRequestHttpOutput.GetOutputStream()
   --- End of inner exception stack trace ---

Server stack trace: 
   at System.ServiceModel.Channels.HttpOutput.WebRequestHttpOutput.GetOutputStream()
   at System.ServiceModel.Channels.HttpOutput.Send(TimeSpan timeout)
   at System.ServiceModel.Channels.HttpChannelFactory`1.HttpRequestChannel.HttpChannelRequest.SendRequest(Message message, TimeSpan timeout)
   at System.ServiceModel.Channels.RequestChannel.Request(Message message, TimeSpan timeout)
   at System.ServiceModel.Dispatcher.RequestChannelBinder.Request(Message message, TimeSpan timeout)
   at System.ServiceModel.Channels.ServiceChannel.Call(String action, Boolean oneway, ProxyOperationRuntime operation, Object[] ins, Object[] outs, TimeSpan timeout)
   at System.ServiceModel.Channels.ServiceChannelProxy.InvokeService(IMethodCallMessage methodCall, ProxyOperationRuntime operation)
   at System.ServiceModel.Channels.ServiceChannelProxy.Invoke(IMessage message)

Exception rethrown at [0]: 
   at System.Runtime.Remoting.Proxies.RealProxy.HandleReturnMessage(IMessage reqMsg, IMessage retMsg)
   at System.Runtime.Remoting.Proxies.RealProxy.PrivateInvoke(MessageData& msgData, Int32 type)
   at DeepSpaceNetwork.BackendServiceReference.BackendServices.GetAllSpacecraft()
   at DeepSpaceNetwork.BackendServiceReference.BackendServicesClient.GetAllSpacecraft() in C:\Aakash\Internship\Intel\Intel-project-2\SpaceZIntelProject\DeepSpaceNetwork\Connected Services\BackendServiceReference\Reference.cs:line 285
   at DeepSpaceNetwork.DSNDashboard..ctor() in C:\Aakash\Internship\Intel\Intel-project-2\SpaceZIntelProject\DeepSpaceNetwork\DSNDashboard.xaml.cs:line 38
2022-01-28 20:19:28,294 [1] INFO DeepSpaceNetwork.App -         =============  Started Logging DSN =============        
2022-01-28 20:19:28,349 [1] INFO C:\Aakash\Internship\Intel\Intel-project-2\SpaceZIntelProject\DeepSpaceNetwork\MainWindow.xaml.cs - Application started
2022-01-28 20:19:35,840 [1] ERROR C:\Aakash\Internship\Intel\Intel-project-2\SpaceZIntelProject\DeepSpaceNetwork\DSNDashboard.xaml.cs - Failed to GetAllSpacecraft()
System.ServiceModel.EndpointNotFoundException: There was no endpoint listening at http://localhost:11997/Service1.svc that could accept the message. This is often caused by an incorrect address or SOAP action. See InnerException, if present, for more details. ---> System.Net.WebException: Unable to connect to the remote server ---> System.Net.Sockets.SocketException: No connection could be made because the target machine actively refused it 127.0.0.1:11997
   at System.Net.Sockets.Socket.DoConnect(EndPoint endPointSnapshot, SocketAddress socketAddress)
   at System.Net.ServicePoint.ConnectSocketInternal(Boolean connectFailure, Socket s4, Socket s6, Socket& socket, IPAddress& address, ConnectSocketState state, IAsyncResult asyncResult, Exception& exception)
   --- End of inner exception stack trace ---
   at System.Net.HttpWebRequest.GetRequestStream(TransportContext& context)
   at System.Net.HttpWebRequest.GetRequestStream()
   at System.ServiceModel.Channels.HttpOutput.WebRequestHttpOutput.GetOutputStream()
   --- End of inner exception stack trace ---

Server stack trace: 
   at System.ServiceModel.Channels.HttpOutput.WebRequestHttpOutput.GetOutputStream()
   at System.ServiceModel.Channels.HttpOutput.Send(TimeSpan timeout)
   at System.ServiceModel.Channels.HttpChannelFactory`1.HttpRequestChannel.HttpChannelRequest.SendRequest(Message message, TimeSpan timeout)
   at System.ServiceModel.Channels.RequestChannel.Request(Message message, TimeSpan timeout)
   at System.ServiceModel.Dispatcher.RequestChannelBinder.Request(Message message, TimeSpan timeout)
   at System.ServiceModel.Channels.ServiceChannel.Call(String action, Boolean oneway, ProxyOperationRuntime operation, Object[] ins, Object[] outs, TimeSpan timeout)
   at System.ServiceModel.Channels.ServiceChannelProxy.InvokeService(IMethodCallMessage methodCall, ProxyOperationRuntime operation)
   at System.ServiceModel.Channels.ServiceChannelProxy.Invoke(IMessage message)

Exception rethrown at [0]: 
   at System.Runtime.Remoting.Proxies.RealProxy.HandleReturnMessage(IMessage reqMsg, IMessage retMsg)
   at System.Runtime.Remoting.Proxies.RealProxy.PrivateInvoke(MessageData& msgData, Int32 type)
   at DeepSpaceNetwork.BackendServiceReference.BackendServices.GetAllSpacecraft()
   at DeepSpaceNetwork.BackendServiceReference.BackendServicesClient.GetAllSpacecraft() in C:\Aakash\Internship\Intel\Intel-project-2\SpaceZIntelProject\DeepSpaceNetwork\Connected Services\BackendServiceReference\Reference.cs:line 285
   at DeepSpaceNetwork.DSNDashboard..ctor() in C:\Aakash\Internship\Intel\Intel-project-2\SpaceZIntelProject\DeepSpaceNetwork\DSNDashboard.xaml.cs:line 38
2022-01-28 20:21:49,524 [1] INFO DeepSpaceNetwork.App -         =============  Started Logging DSN =============        
2022-01-28 20:21:49,608 [1] INFO C:\Aakash\Internship\Intel\Intel-project-2\SpaceZIntelProject\DeepSpaceNetwork\MainWindow.xaml.cs - Application started
2022-01-28 20:39:36,029 [1] INFO DeepSpaceNetwork.App -         =============  Started Logging DSN =============        
2022-01-28 20:39:36,086 [1] INFO C:\Aakash\Internship\Intel\Intel-project-2\SpaceZIntelProject\DeepSpaceNetwork\MainWindow.xaml.cs - Application started
2022-01-28 22:19:17,819 [1] INFO DeepSpaceNetwork.App -         =============  Started Logging DSN =============        
2022-01-28 22:19:17,878 [1] INFO C:\Aakash\Internship\Intel\Intel-project-2\SpaceZIntelProject\DeepSpaceNetwork\MainWindow.xaml.cs - Application started
2022-01-28 22:20:17,496 [1] INFO DeepSpaceNetwork.App -         =============  Started Logging DSN =============        
2022-01-28 22:20:17,552 [1] INFO C:\Aakash\Internship\Intel\Intel-project-2\SpaceZIntelProject\DeepSpaceNetwork\MainWindow.xaml.cs - Application started
2022-01-28 22:21:17,653 [1] INFO C:\Aakash\Internship\Intel\Intel-project-2\SpaceZIntelProject\DeepSpaceNetwork\MainWindow.xaml.cs - Application started
2022-01-28 22:21:24,176 [1] INFO C:\Aakash\Internship\Intel\Intel-project-2\SpaceZIntelProject\DeepSpaceNetwork\MainWindow.xaml.cs - Application started
2022-01-28 22:21:29,725 [1] INFO C:\Aakash\Internship\Intel\Intel-project-2\SpaceZIntelProject\DeepSpaceNetwork\MainWindow.xaml.cs - Application started
2022-01-28 22:22:33,100 [1] INFO DeepSpaceNetwork.App -         =============  Started Logging DSN =============        
2022-01-28 22:22:33,156 [1] INFO C:\Aakash\Internship\Intel\Intel-project-2\SpaceZIntelProject\DeepSpaceNetwork\MainWindow.xaml.cs - Application started
2022-01-28 22:22:34,864 [1] INFO C:\Aakash\Internship\Intel\Intel-project-2\SpaceZIntelProject\DeepSpaceNetwork\MainWindow.xaml.cs - Application started
2022-01-28 22:22:45,374 [1] INFO C:\Aakash\Internship\Intel\Intel-project-2\SpaceZIntelProject\DeepSpaceNetwork\MainWindow.xaml.cs - Application started
2022-01-28 22:22:50,885 [1] INFO C:\Aakash\Internship\Intel\Intel-project-2\SpaceZIntelProject\DeepSpaceNetwork\MainWindow.xaml.cs - Application started
2022-01-28 22:23:38,354 [1] INFO DeepSpaceNetwork.App -         =============  Started Logging DSN =============        
2022-01-28 22:23:38,412 [1] INFO C:\Aakash\Internship\Intel\Intel-project-2\SpaceZIntelProject\DeepSpaceNetwork\MainWindow.xaml.cs - Application started
2022-01-28 22:23:41,918 [1] INFO C:\Aakash\Internship\Intel\Intel-project-2\SpaceZIntelProject\DeepSpaceNetwork\MainWindow.xaml.cs - Application started
2022-01-28 22:25:30,328 [1] INFO DeepSpaceNetwork.App -         =============  Started Logging DSN =============        
2022-01-28 22:25:30,388 [1] INFO C:\Aakash\Internship\Intel\Intel-project-2\SpaceZIntelProject\DeepSpaceNetwork\MainWindow.xaml.cs - Application started
2022-01-28 22:31:47,412 [1] INFO DeepSpaceNetwork.App -         =============  Started Logging DSN =============        
2022-01-28 22:31:47,466 [1] INFO C:\Aakash\Internship\Intel\Intel-project-2\SpaceZIntelProject\DeepSpaceNetwork\MainWindow.xaml.cs - Application started
2022-01-29 02:22:11,497 [1] INFO DeepSpaceNetwork.App -         =============  Started Logging DSN =============        
2022-01-29 02:22:11,553 [1] INFO C:\Aakash\Internship\Intel\Intel-project-2\SpaceZIntelProject\DeepSpaceNetwork\MainWindow.xaml.cs - Application started
2022-01-29 02:22:59,269 [1] INFO DeepSpaceNetwork.App -         =============  Started Logging DSN =============        
2022-01-29 02:22:59,327 [1] INFO C:\Aakash\Internship\Intel\Intel-project-2\SpaceZIntelProject\DeepSpaceNetwork\MainWindow.xaml.cs - Application started
2022-01-29 02:23:06,133 [1] ERROR C:\Aakash\Internship\Intel\Intel-project-2\SpaceZIntelProject\DeepSpaceNetwork\LaunchSpacecraft.xaml.cs - GetAddedSpacecraft() Error.
System.ServiceModel.EndpointNotFoundException: There was no endpoint listening at http://localhost:11997/Service1.svc that could accept the message. This is often caused by an incorrect address or SOAP action. See InnerException, if present, for more details. ---> System.Net.WebException: Unable to connect to the remote server ---> System.Net.Sockets.SocketException: No connection could be made because the target machine actively refused it 127.0.0.1:11997
   at System.Net.Sockets.Socket.DoConnect(EndPoint endPointSnapshot, SocketAddress socketAddress)
   at System.Net.ServicePoint.ConnectSocketInternal(Boolean connectFailure, Socket s4, Socket s6, Socket& socket, IPAddress& address, ConnectSocketState state, IAsyncResult asyncResult, Exception& exception)
   --- End of inner exception stack trace ---
   at System.Net.HttpWebRequest.GetRequestStream(TransportContext& context)
   at System.Net.HttpWebRequest.GetRequestStream()
   at System.ServiceModel.Channels.HttpOutput.WebRequestHttpOutput.GetOutputStream()
   --- End of inner exception stack trace ---

Server stack trace: 
   at System.ServiceModel.Channels.HttpOutput.WebRequestHttpOutput.GetOutputStream()
   at System.ServiceModel.Channels.HttpOutput.Send(TimeSpan timeout)
   at System.ServiceModel.Channels.HttpChannelFactory`1.HttpRequestChannel.HttpChannelRequest.SendRequest(Message message, TimeSpan timeout)
   at System.ServiceModel.Channels.RequestChannel.Request(Message message, TimeSpan timeout)
   at System.ServiceModel.Dispatcher.RequestChannelBinder.Request(Message message, TimeSpan timeout)
   at System.ServiceModel.Channels.ServiceChannel.Call(String action, Boolean oneway, ProxyOperationRuntime operation, Object[] ins, Object[] outs, TimeSpan timeout)
   at System.ServiceModel.Channels.ServiceChannelProxy.InvokeService(IMethodCallMessage methodCall, ProxyOperationRuntime operation)
   at System.ServiceModel.Channels.ServiceChannelProxy.Invoke(IMessage message)

Exception rethrown at [0]: 
   at System.Runtime.Remoting.Proxies.RealProxy.HandleReturnMessage(IMessage reqMsg, IMessage retMsg)
   at System.Runtime.Remoting.Proxies.RealProxy.PrivateInvoke(MessageData& msgData, Int32 type)
   at DeepSpaceNetwork.BackendServiceReference.BackendServices.GetAddedSpacecraft()
   at DeepSpaceNetwork.BackendServiceReference.BackendServicesClient.GetAddedSpacecraft() in C:\Aakash\Internship\Intel\Intel-project-2\SpaceZIntelProject\DeepSpaceNetwork\Connected Services\BackendServiceReference\Reference.cs:line 339
   at DeepSpaceNetwork.LaunchSpacecraft.Refresh_Window_After_Event() in C:\Aakash\Internship\Intel\Intel-project-2\SpaceZIntelProject\DeepSpaceNetwork\LaunchSpacecraft.xaml.cs:line 46
2022-01-29 02:23:32,066 [1] INFO DeepSpaceNetwork.App -         =============  Started Logging DSN =============        
2022-01-29 02:23:32,145 [1] INFO C:\Aakash\Internship\Intel\Intel-project-2\SpaceZIntelProject\DeepSpaceNetwork\MainWindow.xaml.cs - Application started
2022-01-29 02:23:39,502 [1] ERROR C:\Aakash\Internship\Intel\Intel-project-2\SpaceZIntelProject\DeepSpaceNetwork\LaunchSpacecraft.xaml.cs - GetAddedSpacecraft() Error.
System.ServiceModel.EndpointNotFoundException: There was no endpoint listening at http://localhost:11997/Service1.svc that could accept the message. This is often caused by an incorrect address or SOAP action. See InnerException, if present, for more details. ---> System.Net.WebException: Unable to connect to the remote server ---> System.Net.Sockets.SocketException: No connection could be made because the target machine actively refused it 127.0.0.1:11997
   at System.Net.Sockets.Socket.DoConnect(EndPoint endPointSnapshot, SocketAddress socketAddress)
   at System.Net.ServicePoint.ConnectSocketInternal(Boolean connectFailure, Socket s4, Socket s6, Socket& socket, IPAddress& address, ConnectSocketState state, IAsyncResult asyncResult, Exception& exception)
   --- End of inner exception stack trace ---
   at System.Net.HttpWebRequest.GetRequestStream(TransportContext& context)
   at System.Net.HttpWebRequest.GetRequestStream()
   at System.ServiceModel.Channels.HttpOutput.WebRequestHttpOutput.GetOutputStream()
   --- End of inner exception stack trace ---

Server stack trace: 
   at System.ServiceModel.Channels.HttpOutput.WebRequestHttpOutput.GetOutputStream()
   at System.ServiceModel.Channels.HttpOutput.Send(TimeSpan timeout)
   at System.ServiceModel.Channels.HttpChannelFactory`1.HttpRequestChannel.HttpChannelRequest.SendRequest(Message message, TimeSpan timeout)
   at System.ServiceModel.Channels.RequestChannel.Request(Message message, TimeSpan timeout)
   at System.ServiceModel.Dispatcher.RequestChannelBinder.Request(Message message, TimeSpan timeout)
   at System.ServiceModel.Channels.ServiceChannel.Call(String action, Boolean oneway, ProxyOperationRuntime operation, Object[] ins, Object[] outs, TimeSpan timeout)
   at System.ServiceModel.Channels.ServiceChannelProxy.InvokeService(IMethodCallMessage methodCall, ProxyOperationRuntime operation)
   at System.ServiceModel.Channels.ServiceChannelProxy.Invoke(IMessage message)

Exception rethrown at [0]: 
   at System.Runtime.Remoting.Proxies.RealProxy.HandleReturnMessage(IMessage reqMsg, IMessage retMsg)
   at System.Runtime.Remoting.Proxies.RealProxy.PrivateInvoke(MessageData& msgData, Int32 type)
   at DeepSpaceNetwork.BackendServiceReference.BackendServices.GetAddedSpacecraft()
   at DeepSpaceNetwork.BackendServiceReference.BackendServicesClient.GetAddedSpacecraft() in C:\Aakash\Internship\Intel\Intel-project-2\SpaceZIntelProject\DeepSpaceNetwork\Connected Services\BackendServiceReference\Reference.cs:line 339
   at DeepSpaceNetwork.LaunchSpacecraft.Refresh_Window_After_Event() in C:\Aakash\Internship\Intel\Intel-project-2\SpaceZIntelProject\DeepSpaceNetwork\LaunchSpacecraft.xaml.cs:line 46
2022-01-29 02:24:03,202 [1] INFO DeepSpaceNetwork.App -         =============  Started Logging DSN =============        
2022-01-29 02:24:03,255 [1] INFO C:\Aakash\Internship\Intel\Intel-project-2\SpaceZIntelProject\DeepSpaceNetwork\MainWindow.xaml.cs - Application started
2022-01-29 02:25:39,127 [1] INFO C:\Aakash\Internship\Intel\Intel-project-2\SpaceZIntelProject\DeepSpaceNetwork\MainWindow.xaml.cs - Application started
2022-01-29 02:26:27,799 [1] INFO C:\Aakash\Internship\Intel\Intel-project-2\SpaceZIntelProject\DeepSpaceNetwork\MainWindow.xaml.cs - Application started
2022-01-29 02:30:39,650 [1] INFO DeepSpaceNetwork.App -         =============  Started Logging DSN =============        
2022-01-29 02:30:39,707 [1] INFO C:\Aakash\Internship\Intel\Intel-project-2\SpaceZIntelProject\DeepSpaceNetwork\MainWindow.xaml.cs - Application started
2022-01-29 02:31:23,549 [1] INFO C:\Aakash\Internship\Intel\Intel-project-2\SpaceZIntelProject\DeepSpaceNetwork\MainWindow.xaml.cs - Application started
2022-01-29 02:31:40,224 [1] INFO C:\Aakash\Internship\Intel\Intel-project-2\SpaceZIntelProject\DeepSpaceNetwork\MainWindow.xaml.cs - Application started
2022-01-29 02:34:18,993 [1] INFO DeepSpaceNetwork.App -         =============  Started Logging DSN =============        
2022-01-29 02:34:19,057 [1] INFO C:\Aakash\Internship\Intel\Intel-project-2\SpaceZIntelProject\DeepSpaceNetwork\MainWindow.xaml.cs - Application started
2022-01-29 02:34:31,776 [1] INFO DeepSpaceNetwork.App -         =============  Started Logging DSN =============        
2022-01-29 02:34:31,833 [1] INFO C:\Aakash\Internship\Intel\Intel-project-2\SpaceZIntelProject\DeepSpaceNetwork\MainWindow.xaml.cs - Application started
2022-01-29 02:34:48,239 [1] INFO C:\Aakash\Internship\Intel\Intel-project-2\SpaceZIntelProject\DeepSpaceNetwork\MainWindow.xaml.cs - Application started
2022-01-29 02:35:38,318 [1] INFO C:\Aakash\Internship\Intel\Intel-project-2\SpaceZIntelProject\DeepSpaceNetwork\MainWindow.xaml.cs - Application started
2022-01-29 02:36:03,044 [1] INFO C:\Aakash\Internship\Intel\Intel-project-2\SpaceZIntelProject\DeepSpaceNetwork\MainWindow.xaml.cs - Application started
2022-01-29 02:37:11,425 [1] INFO C:\Aakash\Internship\Intel\Intel-project-2\SpaceZIntelProject\DeepSpaceNetwork\MainWindow.xaml.cs - Application started
2022-01-29 02:39:37,807 [1] INFO DeepSpaceNetwork.App -         =============  Started Logging DSN =============        
2022-01-29 02:39:37,866 [1] INFO C:\Aakash\Internship\Intel\Intel-project-2\SpaceZIntelProject\DeepSpaceNetwork\MainWindow.xaml.cs - Application started
2022-01-29 02:39:52,357 [1] INFO C:\Aakash\Internship\Intel\Intel-project-2\SpaceZIntelProject\DeepSpaceNetwork\MainWindow.xaml.cs - Application started
2022-01-29 02:40:30,311 [1] INFO C:\Aakash\Internship\Intel\Intel-project-2\SpaceZIntelProject\DeepSpaceNetwork\MainWindow.xaml.cs - Application started
2022-01-29 02:41:46,378 [1] INFO C:\Aakash\Internship\Intel\Intel-project-2\SpaceZIntelProject\DeepSpaceNetwork\MainWindow.xaml.cs - Application started
2022-01-29 02:45:40,153 [1] INFO DeepSpaceNetwork.App -         =============  Started Logging DSN =============        
2022-01-29 02:45:40,219 [1] INFO C:\Aakash\Internship\Intel\Intel-project-2\SpaceZIntelProject\DeepSpaceNetwork\MainWindow.xaml.cs - Application started
2022-01-29 02:45:46,444 [1] INFO C:\Aakash\Internship\Intel\Intel-project-2\SpaceZIntelProject\DeepSpaceNetwork\MainWindow.xaml.cs - Application started
2022-01-29 02:46:43,413 [1] INFO C:\Aakash\Internship\Intel\Intel-project-2\SpaceZIntelProject\DeepSpaceNetwork\MainWindow.xaml.cs - Application started
2022-01-29 02:48:30,009 [1] INFO DeepSpaceNetwork.App -         =============  Started Logging DSN =============        
2022-01-29 02:48:30,089 [1] INFO C:\Aakash\Internship\Intel\Intel-project-2\SpaceZIntelProject\DeepSpaceNetwork\MainWindow.xaml.cs - Application started
2022-01-29 02:48:48,187 [1] INFO C:\Aakash\Internship\Intel\Intel-project-2\SpaceZIntelProject\DeepSpaceNetwork\MainWindow.xaml.cs - Application started
2022-01-29 02:48:54,591 [1] INFO C:\Aakash\Internship\Intel\Intel-project-2\SpaceZIntelProject\DeepSpaceNetwork\MainWindow.xaml.cs - Application started
2022-01-29 02:54:08,122 [1] INFO DeepSpaceNetwork.App -         =============  Started Logging DSN =============        
2022-01-29 02:54:08,192 [1] INFO C:\Aakash\Internship\Intel\Intel-project-2\SpaceZIntelProject\DeepSpaceNetwork\MainWindow.xaml.cs - Application started
2022-01-29 02:54:57,043 [1] INFO DeepSpaceNetwork.App -         =============  Started Logging DSN =============        
2022-01-29 02:54:57,105 [1] INFO C:\Aakash\Internship\Intel\Intel-project-2\SpaceZIntelProject\DeepSpaceNetwork\MainWindow.xaml.cs - Application started
2022-01-29 02:55:16,455 [1] INFO C:\Aakash\Internship\Intel\Intel-project-2\SpaceZIntelProject\DeepSpaceNetwork\MainWindow.xaml.cs - Application started
2022-01-29 02:55:24,545 [1] INFO C:\Aakash\Internship\Intel\Intel-project-2\SpaceZIntelProject\DeepSpaceNetwork\MainWindow.xaml.cs - Application started
2022-01-29 02:55:27,787 [1] INFO C:\Aakash\Internship\Intel\Intel-project-2\SpaceZIntelProject\DeepSpaceNetwork\MainWindow.xaml.cs - Application started
2022-01-29 02:56:13,509 [1] INFO C:\Aakash\Internship\Intel\Intel-project-2\SpaceZIntelProject\DeepSpaceNetwork\MainWindow.xaml.cs - Application started
2022-01-29 10:43:37,298 [1] INFO DeepSpaceNetwork.App -         =============  Started Logging DSN =============        
2022-01-29 10:43:37,349 [1] INFO C:\Aakash\Internship\Intel\Intel-project-2\SpaceZIntelProject\DeepSpaceNetwork\MainWindow.xaml.cs - Application started
2022-01-29 10:43:48,162 [1] INFO DeepSpaceNetwork.App -         =============  Started Logging DSN =============        
2022-01-29 10:43:48,240 [1] INFO C:\Aakash\Internship\Intel\Intel-project-2\SpaceZIntelProject\DeepSpaceNetwork\MainWindow.xaml.cs - Application started
2022-01-29 10:47:20,881 [1] INFO DeepSpaceNetwork.App -         =============  Started Logging DSN =============        
2022-01-29 10:47:20,945 [1] INFO C:\Aakash\Internship\Intel\Intel-project-2\SpaceZIntelProject\DeepSpaceNetwork\MainWindow.xaml.cs - Application started
2022-01-29 10:47:23,066 [1] INFO C:\Aakash\Internship\Intel\Intel-project-2\SpaceZIntelProject\DeepSpaceNetwork\MissionControlSystem.xaml.cs - 
2022-01-29 11:15:58,369 [1] INFO DeepSpaceNetwork.App -         =============  Started Logging DSN =============        
2022-01-29 11:15:58,421 [1] INFO C:\Aakash\Internship\Intel\Intel-project-2\SpaceZIntelProject\DeepSpaceNetwork\MainWindow.xaml.cs - Application started
2022-01-29 11:23:24,391 [1] INFO DeepSpaceNetwork.App -         =============  Started Logging DSN =============        
2022-01-29 11:23:24,450 [1] INFO C:\Aakash\Internship\Intel\Intel-project-2\SpaceZIntelProject\DeepSpaceNetwork\MainWindow.xaml.cs - Application started
2022-01-29 11:23:26,931 [1] INFO C:\Aakash\Internship\Intel\Intel-project-2\SpaceZIntelProject\DeepSpaceNetwork\MainWindow.xaml.cs - Application started
2022-01-29 11:23:29,735 [1] INFO C:\Aakash\Internship\Intel\Intel-project-2\SpaceZIntelProject\DeepSpaceNetwork\MainWindow.xaml.cs - Application started
2022-01-29 11:23:38,238 [1] ERROR C:\Aakash\Internship\Intel\Intel-project-2\SpaceZIntelProject\DeepSpaceNetwork\LaunchSpacecraft.xaml.cs - GetAddedSpacecraft() Error.
System.ServiceModel.EndpointNotFoundException: There was no endpoint listening at http://localhost:11997/Service1.svc that could accept the message. This is often caused by an incorrect address or SOAP action. See InnerException, if present, for more details. ---> System.Net.WebException: Unable to connect to the remote server ---> System.Net.Sockets.SocketException: No connection could be made because the target machine actively refused it 127.0.0.1:11997
   at System.Net.Sockets.Socket.DoConnect(EndPoint endPointSnapshot, SocketAddress socketAddress)
   at System.Net.ServicePoint.ConnectSocketInternal(Boolean connectFailure, Socket s4, Socket s6, Socket& socket, IPAddress& address, ConnectSocketState state, IAsyncResult asyncResult, Exception& exception)
   --- End of inner exception stack trace ---
   at System.Net.HttpWebRequest.GetRequestStream(TransportContext& context)
   at System.Net.HttpWebRequest.GetRequestStream()
   at System.ServiceModel.Channels.HttpOutput.WebRequestHttpOutput.GetOutputStream()
   --- End of inner exception stack trace ---

Server stack trace: 
   at System.ServiceModel.Channels.HttpOutput.WebRequestHttpOutput.GetOutputStream()
   at System.ServiceModel.Channels.HttpOutput.Send(TimeSpan timeout)
   at System.ServiceModel.Channels.HttpChannelFactory`1.HttpRequestChannel.HttpChannelRequest.SendRequest(Message message, TimeSpan timeout)
   at System.ServiceModel.Channels.RequestChannel.Request(Message message, TimeSpan timeout)
   at System.ServiceModel.Dispatcher.RequestChannelBinder.Request(Message message, TimeSpan timeout)
   at System.ServiceModel.Channels.ServiceChannel.Call(String action, Boolean oneway, ProxyOperationRuntime operation, Object[] ins, Object[] outs, TimeSpan timeout)
   at System.ServiceModel.Channels.ServiceChannelProxy.InvokeService(IMethodCallMessage methodCall, ProxyOperationRuntime operation)
   at System.ServiceModel.Channels.ServiceChannelProxy.Invoke(IMessage message)

Exception rethrown at [0]: 
   at System.Runtime.Remoting.Proxies.RealProxy.HandleReturnMessage(IMessage reqMsg, IMessage retMsg)
   at System.Runtime.Remoting.Proxies.RealProxy.PrivateInvoke(MessageData& msgData, Int32 type)
   at DeepSpaceNetwork.BackendServiceReference.BackendServices.GetAddedSpacecraft()
   at DeepSpaceNetwork.BackendServiceReference.BackendServicesClient.GetAddedSpacecraft() in C:\Aakash\Internship\Intel\Intel-project-2\SpaceZIntelProject\DeepSpaceNetwork\Connected Services\BackendServiceReference\Reference.cs:line 339
   at DeepSpaceNetwork.LaunchSpacecraft.Refresh_Window_After_Event() in C:\Aakash\Internship\Intel\Intel-project-2\SpaceZIntelProject\DeepSpaceNetwork\LaunchSpacecraft.xaml.cs:line 46
2022-01-29 11:34:00,488 [1] INFO DeepSpaceNetwork.App -         =============  Started Logging DSN =============        
2022-01-29 11:34:00,552 [1] INFO C:\Aakash\Internship\Intel\Intel-project-2\SpaceZIntelProject\DeepSpaceNetwork\MainWindow.xaml.cs - Application started
2022-01-29 11:34:06,722 [1] ERROR C:\Aakash\Internship\Intel\Intel-project-2\SpaceZIntelProject\DeepSpaceNetwork\CommunicationSystem.xaml.cs - GetAddedSpacecraft() Error.
System.ServiceModel.EndpointNotFoundException: There was no endpoint listening at http://localhost:11997/Service1.svc that could accept the message. This is often caused by an incorrect address or SOAP action. See InnerException, if present, for more details. ---> System.Net.WebException: Unable to connect to the remote server ---> System.Net.Sockets.SocketException: No connection could be made because the target machine actively refused it 127.0.0.1:11997
   at System.Net.Sockets.Socket.DoConnect(EndPoint endPointSnapshot, SocketAddress socketAddress)
   at System.Net.ServicePoint.ConnectSocketInternal(Boolean connectFailure, Socket s4, Socket s6, Socket& socket, IPAddress& address, ConnectSocketState state, IAsyncResult asyncResult, Exception& exception)
   --- End of inner exception stack trace ---
   at System.Net.HttpWebRequest.GetRequestStream(TransportContext& context)
   at System.Net.HttpWebRequest.GetRequestStream()
   at System.ServiceModel.Channels.HttpOutput.WebRequestHttpOutput.GetOutputStream()
   --- End of inner exception stack trace ---

Server stack trace: 
   at System.ServiceModel.Channels.HttpOutput.WebRequestHttpOutput.GetOutputStream()
   at System.ServiceModel.Channels.HttpOutput.Send(TimeSpan timeout)
   at System.ServiceModel.Channels.HttpChannelFactory`1.HttpRequestChannel.HttpChannelRequest.SendRequest(Message message, TimeSpan timeout)
   at System.ServiceModel.Channels.RequestChannel.Request(Message message, TimeSpan timeout)
   at System.ServiceModel.Dispatcher.RequestChannelBinder.Request(Message message, TimeSpan timeout)
   at System.ServiceModel.Channels.ServiceChannel.Call(String action, Boolean oneway, ProxyOperationRuntime operation, Object[] ins, Object[] outs, TimeSpan timeout)
   at System.ServiceModel.Channels.ServiceChannelProxy.InvokeService(IMethodCallMessage methodCall, ProxyOperationRuntime operation)
   at System.ServiceModel.Channels.ServiceChannelProxy.Invoke(IMessage message)

Exception rethrown at [0]: 
   at System.Runtime.Remoting.Proxies.RealProxy.HandleReturnMessage(IMessage reqMsg, IMessage retMsg)
   at System.Runtime.Remoting.Proxies.RealProxy.PrivateInvoke(MessageData& msgData, Int32 type)
   at DeepSpaceNetwork.BackendServiceReference.BackendServices.GetAllOnlineSpacecraft()
   at DeepSpaceNetwork.BackendServiceReference.BackendServicesClient.GetAllOnlineSpacecraft() in C:\Aakash\Internship\Intel\Intel-project-2\SpaceZIntelProject\DeepSpaceNetwork\Connected Services\BackendServiceReference\Reference.cs:line 355
   at DeepSpaceNetwork.CommunicationSystem.Refresh_Window_After_Event() in C:\Aakash\Internship\Intel\Intel-project-2\SpaceZIntelProject\DeepSpaceNetwork\CommunicationSystem.xaml.cs:line 45
2022-01-29 11:34:19,333 [1] INFO DeepSpaceNetwork.App -         =============  Started Logging DSN =============        
2022-01-29 11:34:19,409 [1] INFO C:\Aakash\Internship\Intel\Intel-project-2\SpaceZIntelProject\DeepSpaceNetwork\MainWindow.xaml.cs - Application started
2022-01-29 11:34:24,251 [1] INFO C:\Aakash\Internship\Intel\Intel-project-2\SpaceZIntelProject\DeepSpaceNetwork\MainWindow.xaml.cs - Application started
2022-01-29 12:21:54,687 [1] INFO DeepSpaceNetwork.App -         =============  Started Logging DSN =============        
2022-01-29 12:21:54,757 [1] INFO C:\Aakash\Internship\Intel\Intel-project-2\SpaceZIntelProject\DeepSpaceNetwork\MainWindow.xaml.cs - Application started
2022-01-29 12:22:14,109 [1] INFO C:\Aakash\Internship\Intel\Intel-project-2\SpaceZIntelProject\DeepSpaceNetwork\MainWindow.xaml.cs - Application started
2022-01-29 14:18:27,097 [1] INFO DeepSpaceNetwork.App -         =============  Started Logging DSN =============        
2022-01-29 14:18:27,564 [1] INFO C:\Aakash\Internship\Intel\Intel-project-2\SpaceZIntelProject\DeepSpaceNetwork\MainWindow.xaml.cs - Application started
2022-01-29 14:19:35,506 [1] INFO DeepSpaceNetwork.App -         =============  Started Logging DSN =============        
2022-01-29 14:19:35,559 [1] INFO C:\Aakash\Internship\Intel\Intel-project-2\SpaceZIntelProject\DeepSpaceNetwork\MainWindow.xaml.cs - Application started
2022-01-29 14:20:32,907 [1] INFO C:\Aakash\Internship\Intel\Intel-project-2\SpaceZIntelProject\DeepSpaceNetwork\MainWindow.xaml.cs - Application started
2022-01-29 14:20:52,242 [1] INFO C:\Aakash\Internship\Intel\Intel-project-2\SpaceZIntelProject\DeepSpaceNetwork\CommunicationDashboard.xaml.cs - Spacecraft CommunicationDashboard -> Refresh Screen Timer Stoped.
2022-01-29 14:27:58,346 [1] INFO DeepSpaceNetwork.App -         =============  Started Logging DSN =============        
2022-01-29 14:27:58,404 [1] INFO C:\Aakash\Internship\Intel\Intel-project-2\SpaceZIntelProject\DeepSpaceNetwork\MainWindow.xaml.cs - Application started
2022-01-29 14:28:21,498 [1] INFO C:\Aakash\Internship\Intel\Intel-project-2\SpaceZIntelProject\DeepSpaceNetwork\MainWindow.xaml.cs - Application started
2022-01-29 14:28:52,894 [1] INFO C:\Aakash\Internship\Intel\Intel-project-2\SpaceZIntelProject\DeepSpaceNetwork\CommunicationDashboard.xaml.cs - Spacecraft CommunicationDashboard -> Refresh Screen Timer Stoped.
2022-01-29 14:40:01,118 [1] INFO DeepSpaceNetwork.App -         =============  Started Logging DSN =============        
2022-01-29 14:40:01,173 [1] INFO C:\Aakash\Internship\Intel\Intel-project-2\SpaceZIntelProject\DeepSpaceNetwork\MainWindow.xaml.cs - Application started
2022-01-29 14:40:23,691 [1] INFO C:\Aakash\Internship\Intel\Intel-project-2\SpaceZIntelProject\DeepSpaceNetwork\MainWindow.xaml.cs - Application started
2022-01-29 14:40:54,711 [1] INFO C:\Aakash\Internship\Intel\Intel-project-2\SpaceZIntelProject\DeepSpaceNetwork\CommunicationDashboard.xaml.cs - Spacecraft Deorbited: SpaceA
2022-01-29 14:40:59,974 [1] INFO C:\Aakash\Internship\Intel\Intel-project-2\SpaceZIntelProject\DeepSpaceNetwork\CommunicationDashboard.xaml.cs - Spacecraft CommunicationDashboard -> Refresh Screen Timer Stoped.
2022-01-29 14:43:40,453 [1] INFO DeepSpaceNetwork.App -         =============  Started Logging DSN =============        
2022-01-29 14:43:40,527 [1] INFO C:\Aakash\Internship\Intel\Intel-project-2\SpaceZIntelProject\DeepSpaceNetwork\MainWindow.xaml.cs - Application started
2022-01-29 14:44:11,468 [1] INFO C:\Aakash\Internship\Intel\Intel-project-2\SpaceZIntelProject\DeepSpaceNetwork\MainWindow.xaml.cs - Application started
2022-01-29 14:45:12,914 [1] INFO C:\Aakash\Internship\Intel\Intel-project-2\SpaceZIntelProject\DeepSpaceNetwork\CommunicationDashboard.xaml.cs - Spacecraft Deorbited: SpaceA
2022-01-29 14:45:17,910 [1] INFO C:\Aakash\Internship\Intel\Intel-project-2\SpaceZIntelProject\DeepSpaceNetwork\CommunicationDashboard.xaml.cs - Spacecraft CommunicationDashboard -> Refresh Screen Timer Stoped.
2022-01-29 14:57:37,368 [1] INFO DeepSpaceNetwork.App -         =============  Started Logging DSN =============        
2022-01-29 14:57:37,431 [1] INFO C:\Aakash\Internship\Intel\Intel-project-2\SpaceZIntelProject\DeepSpaceNetwork\MainWindow.xaml.cs - Application started
2022-01-29 14:58:00,648 [1] INFO DeepSpaceNetwork.App -         =============  Started Logging DSN =============        
2022-01-29 14:58:00,712 [1] INFO C:\Aakash\Internship\Intel\Intel-project-2\SpaceZIntelProject\DeepSpaceNetwork\MainWindow.xaml.cs - Application started
2022-01-29 14:58:36,530 [1] INFO C:\Aakash\Internship\Intel\Intel-project-2\SpaceZIntelProject\DeepSpaceNetwork\MainWindow.xaml.cs - Application started
2022-01-29 16:56:10,056 [1] INFO DeepSpaceNetwork.App -         =============  Started Logging DSN =============        
2022-01-29 16:56:10,105 [1] INFO C:\Aakash\Internship\Intel\Intel-project-2\SpaceZIntelProject\DeepSpaceNetwork\MainWindow.xaml.cs - Application started
2022-01-29 16:56:21,625 [1] INFO C:\Aakash\Internship\Intel\Intel-project-2\SpaceZIntelProject\DeepSpaceNetwork\MainWindow.xaml.cs - Application started
2022-01-29 16:56:26,590 [1] INFO C:\Aakash\Internship\Intel\Intel-project-2\SpaceZIntelProject\DeepSpaceNetwork\MainWindow.xaml.cs - Application started
2022-01-29 16:56:53,307 [1] INFO C:\Aakash\Internship\Intel\Intel-project-2\SpaceZIntelProject\DeepSpaceNetwork\MainWindow.xaml.cs - Application started
2022-01-29 16:57:15,898 [1] INFO C:\Aakash\Internship\Intel\Intel-project-2\SpaceZIntelProject\DeepSpaceNetwork\CommunicationDashboard.xaml.cs - Launched Payload.
2022-01-29 18:28:51,699 [1] INFO DeepSpaceNetwork.App -         =============  Started Logging DSN =============        
2022-01-29 18:28:51,756 [1] INFO C:\Aakash\Internship\Intel\Intel-project-2\SpaceZIntelProject\DeepSpaceNetwork\MainWindow.xaml.cs - Application started
2022-01-29 18:29:19,893 [1] INFO C:\Aakash\Internship\Intel\Intel-project-2\SpaceZIntelProject\DeepSpaceNetwork\MainWindow.xaml.cs - Application started
2022-01-29 18:29:56,659 [1] INFO C:\Aakash\Internship\Intel\Intel-project-2\SpaceZIntelProject\DeepSpaceNetwork\CommunicationDashboard.xaml.cs - Launched Payload.
2022-01-29 18:29:56,679 [1] ERROR C:\Aakash\Internship\Intel\Intel-project-2\SpaceZIntelProject\DeepSpaceNetwork\CommunicationDashboard.xaml.cs - payloadDashboardFunction() error
System.ComponentModel.Win32Exception (0x80004005): The system cannot find the file specified
   at System.Diagnostics.Process.StartWithShellExecuteEx(ProcessStartInfo startInfo)
   at System.Diagnostics.Process.Start()
   at DeepSpaceNetwork.CommunicationDashboard.launchPayload() in C:\Aakash\Internship\Intel\Intel-project-2\SpaceZIntelProject\DeepSpaceNetwork\CommunicationDashboard.xaml.cs:line 198
2022-01-29 18:30:43,672 [1] INFO DeepSpaceNetwork.App -         =============  Started Logging DSN =============        
2022-01-29 18:30:43,728 [1] INFO C:\Aakash\Internship\Intel\Intel-project-2\SpaceZIntelProject\DeepSpaceNetwork\MainWindow.xaml.cs - Application started
2022-01-29 18:30:53,564 [1] INFO C:\Aakash\Internship\Intel\Intel-project-2\SpaceZIntelProject\DeepSpaceNetwork\CommunicationDashboard.xaml.cs - Launched Payload.
2022-01-29 18:30:53,585 [1] ERROR C:\Aakash\Internship\Intel\Intel-project-2\SpaceZIntelProject\DeepSpaceNetwork\CommunicationDashboard.xaml.cs - payloadDashboardFunction() error
System.ComponentModel.Win32Exception (0x80004005): The system cannot find the file specified
   at System.Diagnostics.Process.StartWithShellExecuteEx(ProcessStartInfo startInfo)
   at System.Diagnostics.Process.Start()
   at DeepSpaceNetwork.CommunicationDashboard.launchPayload() in C:\Aakash\Internship\Intel\Intel-project-2\SpaceZIntelProject\DeepSpaceNetwork\CommunicationDashboard.xaml.cs:line 198
2022-01-29 18:36:35,024 [1] INFO DeepSpaceNetwork.App -         =============  Started Logging DSN =============        
2022-01-29 18:36:35,080 [1] INFO C:\Aakash\Internship\Intel\Intel-project-2\SpaceZIntelProject\DeepSpaceNetwork\MainWindow.xaml.cs - Application started
2022-01-29 18:36:44,718 [1] INFO DeepSpaceNetwork.App -         =============  Started Logging DSN =============        
2022-01-29 18:36:44,776 [1] INFO C:\Aakash\Internship\Intel\Intel-project-2\SpaceZIntelProject\DeepSpaceNetwork\MainWindow.xaml.cs - Application started
2022-01-29 18:36:50,857 [1] INFO C:\Aakash\Internship\Intel\Intel-project-2\SpaceZIntelProject\DeepSpaceNetwork\CommunicationDashboard.xaml.cs - Launched Payload.
2022-01-29 18:36:50,862 [1] INFO C:\Aakash\Internship\Intel\Intel-project-2\SpaceZIntelProject\DeepSpaceNetwork\CommunicationDashboard.xaml.cs - C:\Aakash\Internship\Intel\Intel-project-2\SpaceZIntelProject\DeepSpaceNetwork\bin
C:\Aakash\Internship\Intel\Intel-project-2\SpaceZIntelProject
C:\Aakash\Internship\Intel\Intel-project-2\SpaceZIntelProject\PayloadSystem\bin\Debug\Payload.exe
2022-01-29 18:36:50,879 [1] ERROR C:\Aakash\Internship\Intel\Intel-project-2\SpaceZIntelProject\DeepSpaceNetwork\CommunicationDashboard.xaml.cs - payloadDashboardFunction() error
System.ComponentModel.Win32Exception (0x80004005): The system cannot find the file specified
   at System.Diagnostics.Process.StartWithShellExecuteEx(ProcessStartInfo startInfo)
   at System.Diagnostics.Process.Start()
   at DeepSpaceNetwork.CommunicationDashboard.launchPayload() in C:\Aakash\Internship\Intel\Intel-project-2\SpaceZIntelProject\DeepSpaceNetwork\CommunicationDashboard.xaml.cs:line 200
2022-01-29 18:38:24,957 [1] INFO DeepSpaceNetwork.App -         =============  Started Logging DSN =============        
2022-01-29 18:38:25,041 [1] INFO C:\Aakash\Internship\Intel\Intel-project-2\SpaceZIntelProject\DeepSpaceNetwork\MainWindow.xaml.cs - Application started
2022-01-29 18:38:26,551 [1] INFO C:\Aakash\Internship\Intel\Intel-project-2\SpaceZIntelProject\DeepSpaceNetwork\MainWindow.xaml.cs - Application started
2022-01-29 18:38:36,212 [1] INFO C:\Aakash\Internship\Intel\Intel-project-2\SpaceZIntelProject\DeepSpaceNetwork\CommunicationDashboard.xaml.cs - Launched Payload.
