2022-01-29 18:48:01,626 [1] INFO PayloadSystem.App -         =============  Started Logging - Payload: SpaceA =============        
2022-01-29 18:49:51,237 [1] INFO PayloadSystem.App -         =============  Started Logging - Payload: SpaceA =============        
2022-01-29 18:57:10,802 [1] INFO PayloadSystem.App -         =============  Started Logging - Payload: SpaceA =============        
2022-01-29 19:17:35,168 [1] INFO PayloadSystem.App -         =============  Started Logging - Payload: SpaceA =============        
2022-01-29 19:24:05,753 [1] INFO PayloadSystem.App -         =============  Started Logging - Payload: SpaceA =============        
2022-01-29 19:24:22,559 [1] INFO PayloadSystem.App -         =============  Started Logging - Payload: SpaceA =============        
2022-01-29 19:24:41,732 [1] INFO PayloadSystem.App -         =============  Started Logging - Payload: SpaceA =============        
2022-01-29 19:25:20,552 [1] INFO PayloadSystem.App -         =============  Started Logging - Payload: SpaceA =============        
2022-01-29 19:26:17,684 [1] INFO PayloadSystem.App -         =============  Started Logging - Payload: SpaceA =============        
2022-01-29 19:27:00,021 [1] INFO PayloadSystem.App -         =============  Started Logging - Payload: SpaceA =============        
2022-01-29 20:13:13,155 [1] INFO PayloadSystem.App -         =============  Started Logging - Payload: SpaceA =============        
2022-01-29 23:35:44,105 [1] INFO PayloadSystem.App -         =============  Started Logging - Payload: SpaceA =============        
2022-01-29 23:36:08,975 [1] INFO PayloadSystem.App -         =============  Started Logging - Payload: SpaceA =============        
2022-01-29 23:47:25,422 [1] INFO PayloadSystem.App -         =============  Started Logging - Payload: SpaceA =============        
2022-01-30 00:14:06,745 [1] INFO PayloadSystem.App -         =============  Started Logging - Payload: SpaceSA =============        
2022-01-30 00:54:31,490 [1] INFO PayloadSystem.App -         =============  Started Logging - Payload: SpaceA =============        
2022-01-30 01:14:17,178 [1] INFO PayloadSystem.App -         =============  Started Logging - Payload: SpaceA =============        
2022-01-30 01:17:21,559 [1] INFO PayloadSystem.App -         =============  Started Logging - Payload: SpaceA =============        
2022-01-30 15:01:30,156 [1] INFO PayloadSystem.App -         =============  Started Logging - Payload: SpaceA =============        
2022-01-31 01:15:30,555 [1] INFO PayloadSystem.App -         =============  Started Logging - Payload: SpaceA =============        
2022-01-31 18:49:11,109 [1] INFO PayloadSystem.App -         =============  Started Logging - Payload: SpaceA =============        
2022-01-31 18:49:22,530 [1] INFO PayloadSystem.App -         =============  Started Logging - Payload: SpaceA =============        
2022-01-31 18:51:09,536 [1] INFO PayloadSystem.App -         =============  Started Logging - Payload: SpaceA =============        
2022-01-31 19:16:16,101 [1] INFO PayloadSystem.App -         =============  Started Logging - Payload: SpaceA =============        
2022-01-31 19:17:35,759 [1] INFO PayloadSystem.App -         =============  Started Logging - Payload: SpaceA =============        
2022-01-31 19:18:52,668 [1] INFO PayloadSystem.App -         =============  Started Logging - Payload: SpaceA =============        
2022-01-31 22:51:40,667 [1] INFO PayloadSystem.App -         =============  Started Logging - Payload: SpaceA =============        
2022-01-31 23:16:58,703 [1] INFO PayloadSystem.App -         =============  Started Logging - Payload: SpaceA =============        
2022-01-31 23:19:06,156 [1] INFO PayloadSystem.App -         =============  Started Logging - Payload: SpaceA =============        
2022-01-31 23:22:35,533 [1] INFO PayloadSystem.App -         =============  Started Logging - Payload: SpaceA =============        
2022-01-31 23:25:18,839 [1] INFO PayloadSystem.App -         =============  Started Logging - Payload: SpaceA =============        
2022-01-31 23:31:21,560 [1] INFO PayloadSystem.App -         =============  Started Logging - Payload: SpaceA =============        
2022-01-31 23:31:31,769 [1] INFO PayloadSystem.App -         =============  Started Logging - Payload: SpaceA =============        
2022-01-31 23:32:09,029 [1] INFO PayloadSystem.App -         =============  Started Logging - Payload: SpaceA =============        
2022-02-01 01:36:26,222 [1] INFO PayloadSystem.App -         =============  Started Logging - Payload: SpaceA =============        
2022-02-01 01:37:31,897 [1] INFO PayloadSystem.App -         =============  Started Logging - Payload: SpaceA =============        
2022-02-01 01:59:12,178 [1] INFO PayloadSystem.App -         =============  Started Logging - Payload: SpaceA =============        
2022-02-01 01:59:53,355 [1] INFO PayloadSystem.App -         =============  Started Logging - Payload: SpaceA =============        
2022-02-01 02:01:31,460 [1] INFO PayloadSystem.App -         =============  Started Logging - Payload: SpaceA =============        
2022-02-01 02:05:07,908 [1] INFO PayloadSystem.App -         =============  Started Logging - Payload: SpaceA =============        
2022-02-01 02:06:35,275 [1] INFO PayloadSystem.App -         =============  Started Logging - Payload: SpaceA =============        
2022-02-01 02:06:56,615 [1] INFO PayloadSystem.App -         =============  Started Logging - Payload:  =============        
2022-02-01 02:09:34,446 [1] INFO PayloadSystem.App -         =============  Started Logging - Payload: SpaceA =============        
2022-02-01 02:13:27,000 [1] INFO PayloadSystem.App -         =============  Started Logging - Payload:  =============        
2022-02-01 02:14:16,726 [1] INFO PayloadSystem.App -         =============  Started Logging - Payload:  =============        
2022-02-01 02:15:19,449 [1] INFO PayloadSystem.App -         =============  Started Logging - Payload: SpaceA =============        
2022-02-01 02:16:41,867 [1] INFO PayloadSystem.App -         =============  Started Logging - Payload: SpaceA =============        
2022-02-01 02:30:41,104 [1] INFO PayloadSystem.App -         =============  Started Logging - Payload: Bird-9 =============        
2022-02-01 02:34:33,823 [1] INFO PayloadSystem.App -         =============  Started Logging - Payload: Bird-9 =============        
2022-02-01 02:35:16,836 [1] INFO PayloadSystem.App -         =============  Started Logging - Payload: Bird-9 =============        
2022-02-01 02:35:22,766 [1] INFO PayloadSystem.App -         =============  Started Logging - Payload: Hawk-Heavy =============        
2022-02-01 02:35:32,646 [1] INFO PayloadSystem.App -         =============  Started Logging - Payload: Bird-Heavy =============        
2022-02-01 10:38:02,612 [1] INFO PayloadSystem.App -         =============  Started Logging - Payload: SpaceA =============        
2022-02-01 11:06:06,810 [1] INFO PayloadSystem.App -         =============  Started Logging - Payload: SpaceA =============        
2022-02-01 11:07:45,671 [1] INFO PayloadSystem.App -         =============  Started Logging - Payload: SpaceB =============        
2022-02-01 11:26:03,916 [1] INFO PayloadSystem.App -         =============  Started Logging - Payload: SpaceA =============        
